---------------------------------------------------------------
[ 2018-09-09T00:00:22+08:00 ] 192.168.3.137 GET layblog.blog/index.php/home/article/detail/id/comment.html
[运行时间：0.031487s] [吞吐率：31.76req/s] [内存消耗：3,124.62kb] [文件加载：83]
[ info ] [ LANG ] /home/wwwroot/layblog.blog/thinkphp/lang/zh-cn.php
[ info ] [ ROUTE ] array (
)
[ info ] [ HEADER ] array (
  'accept-language' => 'zh-CN,zh;q=0.9',
  'accept-encoding' => 'gzip, deflate',
  'referer' => 'http://layblog.blog/index.php/home/article/detail/id/1.html',
  'accept' => 'text/html,application/xhtml+xml,application/xml;q=0.9,image/webp,image/apng,*/*;q=0.8',
  'user-agent' => 'Mozilla/5.0 (Windows NT 10.0; Win64; x64) AppleWebKit/537.36 (KHTML, like Gecko) Chrome/65.0.3400.0 Iron Safari/537.36',
  'upgrade-insecure-requests' => '1',
  'connection' => 'keep-alive',
  'host' => 'layblog.blog',
  'content-type' => '',
  'content-length' => '',
)
[ info ] [ PARAM ] array (
  'id' => 'comment',
)
[ info ] [ DB ] INIT mysql
[ info ] [ VIEW ] /home/wwwroot/layblog.blog/./template/home/article/detail.html [ array (
  0 => 'title',
  1 => 'data',
  2 => 'reply',
) ]
[ sql ] [ DB ] CONNECT:[ UseTime:0.000559s ] mysql:host=127.0.0.1;port=3306;dbname=layblog;charset=utf8mb4
[ sql ] [ SQL ] SHOW COLUMNS FROM `post` [ RunTime:0.000604s ]
[ sql ] [ SQL ] SELECT * FROM `post` WHERE  `id` = 0 LIMIT 1 [ RunTime:0.000246s ]
[ sql ] [ SQL ] SHOW COLUMNS FROM `reply` [ RunTime:0.000453s ]
[ sql ] [ SQL ] SELECT `u`.`id`,`u`.`name`,`r`.`id`,`r`.`uid`,`r`.`pid`,`r`.`content`,`r`.`likes`,`r`.`create_time` FROM `reply` `r` INNER JOIN `user` `u` ON `r`.`uid`=`u`.`id` WHERE  `r`.`pid` = 'comment' ORDER BY `r`.`create_time` DESC [ RunTime:0.000241s ]
---------------------------------------------------------------
[ 2018-09-09T00:00:25+08:00 ] 192.168.3.137 GET layblog.blog/index.php/home/article/detail/id/comment.html
[运行时间：0.035695s] [吞吐率：28.02req/s] [内存消耗：3,124.66kb] [文件加载：83]
[ info ] [ LANG ] /home/wwwroot/layblog.blog/thinkphp/lang/zh-cn.php
[ info ] [ ROUTE ] array (
)
[ info ] [ HEADER ] array (
  'accept-language' => 'zh-CN,zh;q=0.9',
  'accept-encoding' => 'gzip, deflate',
  'referer' => 'http://layblog.blog/index.php/home/article/detail/id/1.html',
  'accept' => 'text/html,application/xhtml+xml,application/xml;q=0.9,image/webp,image/apng,*/*;q=0.8',
  'user-agent' => 'Mozilla/5.0 (Windows NT 10.0; Win64; x64) AppleWebKit/537.36 (KHTML, like Gecko) Chrome/65.0.3400.0 Iron Safari/537.36',
  'upgrade-insecure-requests' => '1',
  'cache-control' => 'max-age=0',
  'connection' => 'keep-alive',
  'host' => 'layblog.blog',
  'content-type' => '',
  'content-length' => '',
)
[ info ] [ PARAM ] array (
  'id' => 'comment',
)
[ info ] [ DB ] INIT mysql
[ info ] [ VIEW ] /home/wwwroot/layblog.blog/./template/home/article/detail.html [ array (
  0 => 'title',
  1 => 'data',
  2 => 'reply',
) ]
[ sql ] [ DB ] CONNECT:[ UseTime:0.000715s ] mysql:host=127.0.0.1;port=3306;dbname=layblog;charset=utf8mb4
[ sql ] [ SQL ] SHOW COLUMNS FROM `post` [ RunTime:0.000600s ]
[ sql ] [ SQL ] SELECT * FROM `post` WHERE  `id` = 0 LIMIT 1 [ RunTime:0.000261s ]
[ sql ] [ SQL ] SHOW COLUMNS FROM `reply` [ RunTime:0.000424s ]
[ sql ] [ SQL ] SELECT `u`.`id`,`u`.`name`,`r`.`id`,`r`.`uid`,`r`.`pid`,`r`.`content`,`r`.`likes`,`r`.`create_time` FROM `reply` `r` INNER JOIN `user` `u` ON `r`.`uid`=`u`.`id` WHERE  `r`.`pid` = 'comment' ORDER BY `r`.`create_time` DESC [ RunTime:0.000258s ]
---------------------------------------------------------------
[ 2018-09-09T00:01:06+08:00 ] 192.168.3.137 GET layblog.blog/index.php/home/article/detail/id/1.html
[运行时间：0.031527s] [吞吐率：31.72req/s] [内存消耗：3,131.52kb] [文件加载：83]
[ info ] [ LANG ] /home/wwwroot/layblog.blog/thinkphp/lang/zh-cn.php
[ info ] [ ROUTE ] array (
)
[ info ] [ HEADER ] array (
  'accept-language' => 'zh-CN,zh;q=0.9',
  'accept-encoding' => 'gzip, deflate',
  'referer' => 'http://layblog.blog/index.php/home/article/detail/id/1.html',
  'accept' => 'text/html,application/xhtml+xml,application/xml;q=0.9,image/webp,image/apng,*/*;q=0.8',
  'user-agent' => 'Mozilla/5.0 (Windows NT 10.0; Win64; x64) AppleWebKit/537.36 (KHTML, like Gecko) Chrome/65.0.3400.0 Iron Safari/537.36',
  'upgrade-insecure-requests' => '1',
  'cache-control' => 'max-age=0',
  'connection' => 'keep-alive',
  'host' => 'layblog.blog',
  'content-type' => '',
  'content-length' => '',
)
[ info ] [ PARAM ] array (
  'id' => '1',
)
[ info ] [ DB ] INIT mysql
[ info ] [ VIEW ] /home/wwwroot/layblog.blog/./template/home/article/detail.html [ array (
  0 => 'title',
  1 => 'data',
  2 => 'reply',
) ]
[ sql ] [ DB ] CONNECT:[ UseTime:0.000554s ] mysql:host=127.0.0.1;port=3306;dbname=layblog;charset=utf8mb4
[ sql ] [ SQL ] SHOW COLUMNS FROM `post` [ RunTime:0.000676s ]
[ sql ] [ SQL ] SELECT * FROM `post` WHERE  `id` = 1 LIMIT 1 [ RunTime:0.000233s ]
[ sql ] [ SQL ] SHOW COLUMNS FROM `reply` [ RunTime:0.000471s ]
[ sql ] [ SQL ] SELECT `u`.`id`,`u`.`name`,`r`.`id`,`r`.`uid`,`r`.`pid`,`r`.`content`,`r`.`likes`,`r`.`create_time` FROM `reply` `r` INNER JOIN `user` `u` ON `r`.`uid`=`u`.`id` WHERE  `r`.`pid` = '1' ORDER BY `r`.`create_time` DESC [ RunTime:0.000239s ]
---------------------------------------------------------------
[ 2018-09-09T00:01:08+08:00 ] 192.168.3.137 GET layblog.blog/index.php/home/article/comment/id/1.html
[运行时间：0.030351s] [吞吐率：32.95req/s] [内存消耗：3,079.46kb] [文件加载：80]
[ info ] [ LANG ] /home/wwwroot/layblog.blog/thinkphp/lang/zh-cn.php
[ info ] [ ROUTE ] array (
)
[ info ] [ HEADER ] array (
  'accept-language' => 'zh-CN,zh;q=0.9',
  'accept-encoding' => 'gzip, deflate',
  'referer' => 'http://layblog.blog/index.php/home/article/detail/id/1.html',
  'accept' => 'text/html,application/xhtml+xml,application/xml;q=0.9,image/webp,image/apng,*/*;q=0.8',
  'user-agent' => 'Mozilla/5.0 (Windows NT 10.0; Win64; x64) AppleWebKit/537.36 (KHTML, like Gecko) Chrome/65.0.3400.0 Iron Safari/537.36',
  'upgrade-insecure-requests' => '1',
  'connection' => 'keep-alive',
  'host' => 'layblog.blog',
  'content-type' => '',
  'content-length' => '',
)
[ info ] [ PARAM ] array (
  'id' => '1',
)
[ info ] [ DB ] INIT mysql
[ info ] [ VIEW ] /home/wwwroot/layblog.blog/./template/home/article/comment.html [ array (
  0 => 'title',
  1 => 'data',
) ]
[ sql ] [ DB ] CONNECT:[ UseTime:0.000414s ] mysql:host=127.0.0.1;port=3306;dbname=layblog;charset=utf8mb4
[ sql ] [ SQL ] SHOW COLUMNS FROM `post` [ RunTime:0.000702s ]
[ sql ] [ SQL ] SELECT * FROM `post` WHERE  `id` = 1 LIMIT 1 [ RunTime:0.000347s ]
---------------------------------------------------------------
[ 2018-09-09T00:01:17+08:00 ] 192.168.3.137 GET layblog.blog/index.php/home/article/comment/id/1.html
[运行时间：0.031232s] [吞吐率：32.02req/s] [内存消耗：3,079.46kb] [文件加载：80]
[ info ] [ LANG ] /home/wwwroot/layblog.blog/thinkphp/lang/zh-cn.php
[ info ] [ ROUTE ] array (
)
[ info ] [ HEADER ] array (
  'accept-language' => 'zh-CN,zh;q=0.9',
  'accept-encoding' => 'gzip, deflate',
  'referer' => 'http://layblog.blog/index.php/home/article/detail/id/1.html',
  'accept' => 'text/html,application/xhtml+xml,application/xml;q=0.9,image/webp,image/apng,*/*;q=0.8',
  'user-agent' => 'Mozilla/5.0 (Windows NT 10.0; Win64; x64) AppleWebKit/537.36 (KHTML, like Gecko) Chrome/65.0.3400.0 Iron Safari/537.36',
  'upgrade-insecure-requests' => '1',
  'connection' => 'keep-alive',
  'host' => 'layblog.blog',
  'content-type' => '',
  'content-length' => '',
)
[ info ] [ PARAM ] array (
  'id' => '1',
)
[ info ] [ DB ] INIT mysql
[ info ] [ VIEW ] /home/wwwroot/layblog.blog/./template/home/article/comment.html [ array (
  0 => 'title',
  1 => 'data',
) ]
[ sql ] [ DB ] CONNECT:[ UseTime:0.000519s ] mysql:host=127.0.0.1;port=3306;dbname=layblog;charset=utf8mb4
[ sql ] [ SQL ] SHOW COLUMNS FROM `post` [ RunTime:0.000602s ]
[ sql ] [ SQL ] SELECT * FROM `post` WHERE  `id` = 1 LIMIT 1 [ RunTime:0.000251s ]
---------------------------------------------------------------
[ 2018-09-09T00:02:55+08:00 ] 192.168.3.137 GET layblog.blog/index.php/home/article/comment/id/article.html
[运行时间：0.030376s] [吞吐率：32.92req/s] [内存消耗：3,076.84kb] [文件加载：80]
[ info ] [ LANG ] /home/wwwroot/layblog.blog/thinkphp/lang/zh-cn.php
[ info ] [ ROUTE ] array (
)
[ info ] [ HEADER ] array (
  'accept-language' => 'zh-CN,zh;q=0.9',
  'accept-encoding' => 'gzip, deflate',
  'referer' => 'http://layblog.blog/index.php/home/article/comment/id/1.html',
  'accept' => 'text/html,application/xhtml+xml,application/xml;q=0.9,image/webp,image/apng,*/*;q=0.8',
  'user-agent' => 'Mozilla/5.0 (Windows NT 10.0; Win64; x64) AppleWebKit/537.36 (KHTML, like Gecko) Chrome/65.0.3400.0 Iron Safari/537.36',
  'upgrade-insecure-requests' => '1',
  'connection' => 'keep-alive',
  'host' => 'layblog.blog',
  'content-type' => '',
  'content-length' => '',
)
[ info ] [ PARAM ] array (
  'id' => 'article',
)
[ info ] [ DB ] INIT mysql
[ info ] [ VIEW ] /home/wwwroot/layblog.blog/./template/home/article/comment.html [ array (
  0 => 'title',
  1 => 'data',
) ]
[ sql ] [ DB ] CONNECT:[ UseTime:0.000530s ] mysql:host=127.0.0.1;port=3306;dbname=layblog;charset=utf8mb4
[ sql ] [ SQL ] SHOW COLUMNS FROM `post` [ RunTime:0.000613s ]
[ sql ] [ SQL ] SELECT * FROM `post` WHERE  `id` = 0 LIMIT 1 [ RunTime:0.000248s ]
---------------------------------------------------------------
[ 2018-09-09T00:07:51+08:00 ] 192.168.3.137 GET layblog.blog/index.php/home/index/index.html
[运行时间：0.032545s] [吞吐率：30.73req/s] [内存消耗：3,163.65kb] [文件加载：84]
[ info ] [ LANG ] /home/wwwroot/layblog.blog/thinkphp/lang/zh-cn.php
[ info ] [ ROUTE ] array (
)
[ info ] [ HEADER ] array (
  'accept-language' => 'zh-CN,zh;q=0.9',
  'accept-encoding' => 'gzip, deflate',
  'referer' => 'http://layblog.blog/index.php/home/article/comment/id/1.html',
  'accept' => 'text/html,application/xhtml+xml,application/xml;q=0.9,image/webp,image/apng,*/*;q=0.8',
  'user-agent' => 'Mozilla/5.0 (Windows NT 10.0; Win64; x64) AppleWebKit/537.36 (KHTML, like Gecko) Chrome/65.0.3400.0 Iron Safari/537.36',
  'upgrade-insecure-requests' => '1',
  'connection' => 'keep-alive',
  'host' => 'layblog.blog',
  'content-type' => '',
  'content-length' => '',
)
[ info ] [ PARAM ] array (
)
[ info ] [ DB ] INIT mysql
[ info ] [ VIEW ] /home/wwwroot/layblog.blog/./template/home/index/index.html [ array (
  0 => 'title',
  1 => 'list',
) ]
[ sql ] [ DB ] CONNECT:[ UseTime:0.000585s ] mysql:host=127.0.0.1;port=3306;dbname=layblog;charset=utf8mb4
[ sql ] [ SQL ] SHOW COLUMNS FROM `post` [ RunTime:0.000590s ]
[ sql ] [ SQL ] SELECT COUNT(*) AS tp_count FROM `post` WHERE  `status` = 1 LIMIT 1 [ RunTime:0.000225s ]
[ sql ] [ SQL ] SELECT `id`,`title`,`author`,`likes`,`preview`,`create_time`,`comment`,`status` FROM `post` WHERE  `status` = 1 LIMIT 0,3 [ RunTime:0.000199s ]
---------------------------------------------------------------
[ 2018-09-09T00:07:54+08:00 ] 192.168.3.137 GET layblog.blog/index.php/home/article/detail/id/1.html
[运行时间：0.019714s] [吞吐率：50.73req/s] [内存消耗：1,711.27kb] [文件加载：64]
[ info ] [ LANG ] /home/wwwroot/layblog.blog/thinkphp/lang/zh-cn.php
[ info ] [ ROUTE ] array (
)
[ info ] [ HEADER ] array (
  'accept-language' => 'zh-CN,zh;q=0.9',
  'accept-encoding' => 'gzip, deflate',
  'referer' => 'http://layblog.blog/index.php/home/index/index.html',
  'accept' => 'text/html,application/xhtml+xml,application/xml;q=0.9,image/webp,image/apng,*/*;q=0.8',
  'user-agent' => 'Mozilla/5.0 (Windows NT 10.0; Win64; x64) AppleWebKit/537.36 (KHTML, like Gecko) Chrome/65.0.3400.0 Iron Safari/537.36',
  'upgrade-insecure-requests' => '1',
  'connection' => 'keep-alive',
  'host' => 'layblog.blog',
  'content-type' => '',
  'content-length' => '',
)
[ info ] [ PARAM ] array (
  'id' => '1',
)
[ error ] [0]语法解析错误: syntax error, unexpected '404' (T_LNUMBER)[/home/wwwroot/layblog.blog/application/home/controller/Article.php:67]
---------------------------------------------------------------
[ 2018-09-09T00:08:07+08:00 ] 192.168.3.137 GET layblog.blog/index.php/home/article/detail/id/1.html
[运行时间：0.031957s] [吞吐率：31.29req/s] [内存消耗：3,131.52kb] [文件加载：83]
[ info ] [ LANG ] /home/wwwroot/layblog.blog/thinkphp/lang/zh-cn.php
[ info ] [ ROUTE ] array (
)
[ info ] [ HEADER ] array (
  'accept-language' => 'zh-CN,zh;q=0.9',
  'accept-encoding' => 'gzip, deflate',
  'referer' => 'http://layblog.blog/index.php/home/index/index.html',
  'accept' => 'text/html,application/xhtml+xml,application/xml;q=0.9,image/webp,image/apng,*/*;q=0.8',
  'user-agent' => 'Mozilla/5.0 (Windows NT 10.0; Win64; x64) AppleWebKit/537.36 (KHTML, like Gecko) Chrome/65.0.3400.0 Iron Safari/537.36',
  'upgrade-insecure-requests' => '1',
  'cache-control' => 'max-age=0',
  'connection' => 'keep-alive',
  'host' => 'layblog.blog',
  'content-type' => '',
  'content-length' => '',
)
[ info ] [ PARAM ] array (
  'id' => '1',
)
[ info ] [ DB ] INIT mysql
[ info ] [ VIEW ] /home/wwwroot/layblog.blog/./template/home/article/detail.html [ array (
  0 => 'title',
  1 => 'data',
  2 => 'reply',
) ]
[ sql ] [ DB ] CONNECT:[ UseTime:0.000482s ] mysql:host=127.0.0.1;port=3306;dbname=layblog;charset=utf8mb4
[ sql ] [ SQL ] SHOW COLUMNS FROM `post` [ RunTime:0.000633s ]
[ sql ] [ SQL ] SELECT * FROM `post` WHERE  `id` = 1 LIMIT 1 [ RunTime:0.000232s ]
[ sql ] [ SQL ] SHOW COLUMNS FROM `reply` [ RunTime:0.000442s ]
[ sql ] [ SQL ] SELECT `u`.`id`,`u`.`name`,`r`.`id`,`r`.`uid`,`r`.`pid`,`r`.`content`,`r`.`likes`,`r`.`create_time` FROM `reply` `r` INNER JOIN `user` `u` ON `r`.`uid`=`u`.`id` WHERE  `r`.`pid` = '1' ORDER BY `r`.`create_time` DESC [ RunTime:0.000214s ]
---------------------------------------------------------------
[ 2018-09-09T00:08:09+08:00 ] 192.168.3.137 GET layblog.blog/index.php/home/article/detail/id/1.html
[运行时间：0.032624s] [吞吐率：30.65req/s] [内存消耗：3,131.48kb] [文件加载：83]
[ info ] [ LANG ] /home/wwwroot/layblog.blog/thinkphp/lang/zh-cn.php
[ info ] [ ROUTE ] array (
)
[ info ] [ HEADER ] array (
  'accept-language' => 'zh-CN,zh;q=0.9',
  'accept-encoding' => 'gzip, deflate',
  'referer' => 'http://layblog.blog/index.php/home/article/detail/id/1.html',
  'accept' => 'text/html,application/xhtml+xml,application/xml;q=0.9,image/webp,image/apng,*/*;q=0.8',
  'user-agent' => 'Mozilla/5.0 (Windows NT 10.0; Win64; x64) AppleWebKit/537.36 (KHTML, like Gecko) Chrome/65.0.3400.0 Iron Safari/537.36',
  'upgrade-insecure-requests' => '1',
  'connection' => 'keep-alive',
  'host' => 'layblog.blog',
  'content-type' => '',
  'content-length' => '',
)
[ info ] [ PARAM ] array (
  'id' => '1',
)
[ info ] [ DB ] INIT mysql
[ info ] [ VIEW ] /home/wwwroot/layblog.blog/./template/home/article/detail.html [ array (
  0 => 'title',
  1 => 'data',
  2 => 'reply',
) ]
[ sql ] [ DB ] CONNECT:[ UseTime:0.000541s ] mysql:host=127.0.0.1;port=3306;dbname=layblog;charset=utf8mb4
[ sql ] [ SQL ] SHOW COLUMNS FROM `post` [ RunTime:0.000593s ]
[ sql ] [ SQL ] SELECT * FROM `post` WHERE  `id` = 1 LIMIT 1 [ RunTime:0.000260s ]
[ sql ] [ SQL ] SHOW COLUMNS FROM `reply` [ RunTime:0.000608s ]
[ sql ] [ SQL ] SELECT `u`.`id`,`u`.`name`,`r`.`id`,`r`.`uid`,`r`.`pid`,`r`.`content`,`r`.`likes`,`r`.`create_time` FROM `reply` `r` INNER JOIN `user` `u` ON `r`.`uid`=`u`.`id` WHERE  `r`.`pid` = '1' ORDER BY `r`.`create_time` DESC [ RunTime:0.000254s ]
---------------------------------------------------------------
[ 2018-09-09T00:08:10+08:00 ] 192.168.3.137 GET layblog.blog/index.php/home/article/detail/id/1.html
[运行时间：0.032100s] [吞吐率：31.15req/s] [内存消耗：3,131.48kb] [文件加载：83]
[ info ] [ LANG ] /home/wwwroot/layblog.blog/thinkphp/lang/zh-cn.php
[ info ] [ ROUTE ] array (
)
[ info ] [ HEADER ] array (
  'accept-language' => 'zh-CN,zh;q=0.9',
  'accept-encoding' => 'gzip, deflate',
  'referer' => 'http://layblog.blog/index.php/home/article/detail/id/1.html',
  'accept' => 'text/html,application/xhtml+xml,application/xml;q=0.9,image/webp,image/apng,*/*;q=0.8',
  'user-agent' => 'Mozilla/5.0 (Windows NT 10.0; Win64; x64) AppleWebKit/537.36 (KHTML, like Gecko) Chrome/65.0.3400.0 Iron Safari/537.36',
  'upgrade-insecure-requests' => '1',
  'connection' => 'keep-alive',
  'host' => 'layblog.blog',
  'content-type' => '',
  'content-length' => '',
)
[ info ] [ PARAM ] array (
  'id' => '1',
)
[ info ] [ DB ] INIT mysql
[ info ] [ VIEW ] /home/wwwroot/layblog.blog/./template/home/article/detail.html [ array (
  0 => 'title',
  1 => 'data',
  2 => 'reply',
) ]
[ sql ] [ DB ] CONNECT:[ UseTime:0.000538s ] mysql:host=127.0.0.1;port=3306;dbname=layblog;charset=utf8mb4
[ sql ] [ SQL ] SHOW COLUMNS FROM `post` [ RunTime:0.000593s ]
[ sql ] [ SQL ] SELECT * FROM `post` WHERE  `id` = 1 LIMIT 1 [ RunTime:0.000254s ]
[ sql ] [ SQL ] SHOW COLUMNS FROM `reply` [ RunTime:0.000425s ]
[ sql ] [ SQL ] SELECT `u`.`id`,`u`.`name`,`r`.`id`,`r`.`uid`,`r`.`pid`,`r`.`content`,`r`.`likes`,`r`.`create_time` FROM `reply` `r` INNER JOIN `user` `u` ON `r`.`uid`=`u`.`id` WHERE  `r`.`pid` = '1' ORDER BY `r`.`create_time` DESC [ RunTime:0.000240s ]
---------------------------------------------------------------
[ 2018-09-09T00:08:11+08:00 ] 192.168.3.137 GET layblog.blog/index.php/home/article/comment/id/1.html
[运行时间：0.030479s] [吞吐率：32.81req/s] [内存消耗：3,079.46kb] [文件加载：80]
[ info ] [ LANG ] /home/wwwroot/layblog.blog/thinkphp/lang/zh-cn.php
[ info ] [ ROUTE ] array (
)
[ info ] [ HEADER ] array (
  'accept-language' => 'zh-CN,zh;q=0.9',
  'accept-encoding' => 'gzip, deflate',
  'referer' => 'http://layblog.blog/index.php/home/article/detail/id/1.html',
  'accept' => 'text/html,application/xhtml+xml,application/xml;q=0.9,image/webp,image/apng,*/*;q=0.8',
  'user-agent' => 'Mozilla/5.0 (Windows NT 10.0; Win64; x64) AppleWebKit/537.36 (KHTML, like Gecko) Chrome/65.0.3400.0 Iron Safari/537.36',
  'upgrade-insecure-requests' => '1',
  'connection' => 'keep-alive',
  'host' => 'layblog.blog',
  'content-type' => '',
  'content-length' => '',
)
[ info ] [ PARAM ] array (
  'id' => '1',
)
[ info ] [ DB ] INIT mysql
[ info ] [ VIEW ] /home/wwwroot/layblog.blog/./template/home/article/comment.html [ array (
  0 => 'title',
  1 => 'data',
) ]
[ sql ] [ DB ] CONNECT:[ UseTime:0.000797s ] mysql:host=127.0.0.1;port=3306;dbname=layblog;charset=utf8mb4
[ sql ] [ SQL ] SHOW COLUMNS FROM `post` [ RunTime:0.000594s ]
[ sql ] [ SQL ] SELECT * FROM `post` WHERE  `id` = 1 LIMIT 1 [ RunTime:0.000276s ]
---------------------------------------------------------------
[ 2018-09-09T00:08:14+08:00 ] 192.168.3.137 GET layblog.blog/index.php/home/tag/index.html
[运行时间：0.030977s] [吞吐率：32.28req/s] [内存消耗：3,113.33kb] [文件加载：82]
[ info ] [ LANG ] /home/wwwroot/layblog.blog/thinkphp/lang/zh-cn.php
[ info ] [ ROUTE ] array (
)
[ info ] [ HEADER ] array (
  'accept-language' => 'zh-CN,zh;q=0.9',
  'accept-encoding' => 'gzip, deflate',
  'referer' => 'http://layblog.blog/index.php/home/article/comment/id/1.html',
  'accept' => 'text/html,application/xhtml+xml,application/xml;q=0.9,image/webp,image/apng,*/*;q=0.8',
  'user-agent' => 'Mozilla/5.0 (Windows NT 10.0; Win64; x64) AppleWebKit/537.36 (KHTML, like Gecko) Chrome/65.0.3400.0 Iron Safari/537.36',
  'upgrade-insecure-requests' => '1',
  'connection' => 'keep-alive',
  'host' => 'layblog.blog',
  'content-type' => '',
  'content-length' => '',
)
[ info ] [ PARAM ] array (
)
[ info ] [ DB ] INIT mysql
[ info ] [ VIEW ] /home/wwwroot/layblog.blog/./template/home/tag/index.html [ array (
  0 => 'title',
  1 => 'data',
) ]
[ sql ] [ DB ] CONNECT:[ UseTime:0.000551s ] mysql:host=127.0.0.1;port=3306;dbname=layblog;charset=utf8mb4
[ sql ] [ SQL ] SHOW COLUMNS FROM `tag` [ RunTime:0.000598s ]
[ sql ] [ SQL ] SELECT `tp`.`tag_id`,count(tp.tag_id) AS `cnt`,`t`.`tid`,`t`.`name`,`t`.`description`,`t`.`create_time` AS `ctime` FROM `tag` `t` INNER JOIN `tag_post` `tp` ON `tp`.`tag_id`=`t`.`tid` GROUP BY `tp`.`tag_id` [ RunTime:0.000329s ]
---------------------------------------------------------------
[ 2018-09-09T00:08:15+08:00 ] 192.168.3.137 GET layblog.blog/index.php/home/index/about.html
[运行时间：0.030760s] [吞吐率：32.51req/s] [内存消耗：3,111.28kb] [文件加载：82]
[ info ] [ LANG ] /home/wwwroot/layblog.blog/thinkphp/lang/zh-cn.php
[ info ] [ ROUTE ] array (
)
[ info ] [ HEADER ] array (
  'accept-language' => 'zh-CN,zh;q=0.9',
  'accept-encoding' => 'gzip, deflate',
  'referer' => 'http://layblog.blog/index.php/home/tag/index.html',
  'accept' => 'text/html,application/xhtml+xml,application/xml;q=0.9,image/webp,image/apng,*/*;q=0.8',
  'user-agent' => 'Mozilla/5.0 (Windows NT 10.0; Win64; x64) AppleWebKit/537.36 (KHTML, like Gecko) Chrome/65.0.3400.0 Iron Safari/537.36',
  'upgrade-insecure-requests' => '1',
  'connection' => 'keep-alive',
  'host' => 'layblog.blog',
  'content-type' => '',
  'content-length' => '',
)
[ info ] [ PARAM ] array (
)
[ info ] [ DB ] INIT mysql
[ info ] [ VIEW ] /home/wwwroot/layblog.blog/./template/home/index/about.html [ array (
  0 => 'title',
  1 => 'list',
) ]
[ sql ] [ DB ] CONNECT:[ UseTime:0.000529s ] mysql:host=127.0.0.1;port=3306;dbname=layblog;charset=utf8mb4
[ sql ] [ SQL ] SHOW COLUMNS FROM `post` [ RunTime:0.000589s ]
[ sql ] [ SQL ] SELECT * FROM `post` WHERE  `id` = 3 [ RunTime:0.000258s ]
---------------------------------------------------------------
[ 2018-09-09T00:08:16+08:00 ] 192.168.3.137 GET layblog.blog/index.php/home/index/index.html
[运行时间：0.032317s] [吞吐率：30.94req/s] [内存消耗：3,163.65kb] [文件加载：84]
[ info ] [ LANG ] /home/wwwroot/layblog.blog/thinkphp/lang/zh-cn.php
[ info ] [ ROUTE ] array (
)
[ info ] [ HEADER ] array (
  'accept-language' => 'zh-CN,zh;q=0.9',
  'accept-encoding' => 'gzip, deflate',
  'referer' => 'http://layblog.blog/index.php/home/index/about.html',
  'accept' => 'text/html,application/xhtml+xml,application/xml;q=0.9,image/webp,image/apng,*/*;q=0.8',
  'user-agent' => 'Mozilla/5.0 (Windows NT 10.0; Win64; x64) AppleWebKit/537.36 (KHTML, like Gecko) Chrome/65.0.3400.0 Iron Safari/537.36',
  'upgrade-insecure-requests' => '1',
  'connection' => 'keep-alive',
  'host' => 'layblog.blog',
  'content-type' => '',
  'content-length' => '',
)
[ info ] [ PARAM ] array (
)
[ info ] [ DB ] INIT mysql
[ info ] [ VIEW ] /home/wwwroot/layblog.blog/./template/home/index/index.html [ array (
  0 => 'title',
  1 => 'list',
) ]
[ sql ] [ DB ] CONNECT:[ UseTime:0.000774s ] mysql:host=127.0.0.1;port=3306;dbname=layblog;charset=utf8mb4
[ sql ] [ SQL ] SHOW COLUMNS FROM `post` [ RunTime:0.000949s ]
[ sql ] [ SQL ] SELECT COUNT(*) AS tp_count FROM `post` WHERE  `status` = 1 LIMIT 1 [ RunTime:0.000252s ]
[ sql ] [ SQL ] SELECT `id`,`title`,`author`,`likes`,`preview`,`create_time`,`comment`,`status` FROM `post` WHERE  `status` = 1 LIMIT 0,3 [ RunTime:0.000255s ]
---------------------------------------------------------------
[ 2018-09-09T23:07:05+08:00 ] 192.168.3.137 GET layblog.blog/index.php/home/index/index.html
[运行时间：0.034088s] [吞吐率：29.34req/s] [内存消耗：3,163.83kb] [文件加载：84]
[ info ] [ LANG ] /home/wwwroot/layblog.blog/thinkphp/lang/zh-cn.php
[ info ] [ ROUTE ] array (
)
[ info ] [ HEADER ] array (
  'accept-language' => 'zh-CN,zh;q=0.9',
  'accept-encoding' => 'gzip, deflate',
  'referer' => 'http://layblog.blog/index.php/home/index/about.html',
  'accept' => 'text/html,application/xhtml+xml,application/xml;q=0.9,image/webp,image/apng,*/*;q=0.8',
  'user-agent' => 'Mozilla/5.0 (Windows NT 10.0; Win64; x64) AppleWebKit/537.36 (KHTML, like Gecko) Chrome/65.0.3400.0 Iron Safari/537.36',
  'upgrade-insecure-requests' => '1',
  'cache-control' => 'max-age=0',
  'connection' => 'keep-alive',
  'host' => 'layblog.blog',
  'content-type' => '',
  'content-length' => '',
)
[ info ] [ PARAM ] array (
)
[ info ] [ DB ] INIT mysql
[ info ] [ VIEW ] /home/wwwroot/layblog.blog/./template/home/index/index.html [ array (
  0 => 'title',
  1 => 'list',
) ]
[ sql ] [ DB ] CONNECT:[ UseTime:0.000575s ] mysql:host=127.0.0.1;port=3306;dbname=layblog;charset=utf8mb4
[ sql ] [ SQL ] SHOW COLUMNS FROM `post` [ RunTime:0.000976s ]
[ sql ] [ SQL ] SELECT COUNT(*) AS tp_count FROM `post` WHERE  `status` = 1 LIMIT 1 [ RunTime:0.000244s ]
[ sql ] [ SQL ] SELECT `id`,`title`,`author`,`likes`,`preview`,`create_time`,`comment`,`status` FROM `post` WHERE  `status` = 1 LIMIT 0,3 [ RunTime:0.000207s ]
---------------------------------------------------------------
[ 2018-09-09T23:07:13+08:00 ] 192.168.3.137 GET layblog.blog/index.php/admin/index/index
[运行时间：0.019570s] [吞吐率：51.10req/s] [内存消耗：1,715.22kb] [文件加载：65]
[ info ] [ LANG ] /home/wwwroot/layblog.blog/thinkphp/lang/zh-cn.php
[ info ] [ ROUTE ] array (
)
[ info ] [ HEADER ] array (
  'accept-language' => 'zh-CN,zh;q=0.9',
  'accept-encoding' => 'gzip, deflate',
  'accept' => 'text/html,application/xhtml+xml,application/xml;q=0.9,image/webp,image/apng,*/*;q=0.8',
  'user-agent' => 'Mozilla/5.0 (Windows NT 10.0; Win64; x64) AppleWebKit/537.36 (KHTML, like Gecko) Chrome/65.0.3400.0 Iron Safari/537.36',
  'upgrade-insecure-requests' => '1',
  'connection' => 'keep-alive',
  'host' => 'layblog.blog',
  'content-type' => '',
  'content-length' => '',
)
[ info ] [ PARAM ] array (
)
---------------------------------------------------------------
[ 2018-09-09T23:07:37+08:00 ] 192.168.3.137 GET layblog.blog/index.php/admin/admin/index
[运行时间：0.022182s] [吞吐率：45.08req/s] [内存消耗：1,751.70kb] [文件加载：67]
[ info ] [ LANG ] /home/wwwroot/layblog.blog/thinkphp/lang/zh-cn.php
[ info ] [ ROUTE ] array (
)
[ info ] [ HEADER ] array (
  'accept-language' => 'zh-CN,zh;q=0.9',
  'accept-encoding' => 'gzip, deflate',
  'accept' => 'text/html,application/xhtml+xml,application/xml;q=0.9,image/webp,image/apng,*/*;q=0.8',
  'user-agent' => 'Mozilla/5.0 (Windows NT 10.0; Win64; x64) AppleWebKit/537.36 (KHTML, like Gecko) Chrome/65.0.3400.0 Iron Safari/537.36',
  'upgrade-insecure-requests' => '1',
  'connection' => 'keep-alive',
  'host' => 'layblog.blog',
  'content-type' => '',
  'content-length' => '',
)
[ info ] [ PARAM ] array (
)
[ error ] [0]模板文件不存在:/home/wwwroot/layblog.blog/./template/admin/admin/index.html[/home/wwwroot/layblog.blog/thinkphp/library/think/view/driver/Think.php:86]
---------------------------------------------------------------
[ 2018-09-09T23:08:12+08:00 ] 192.168.3.137 GET layblog.blog/index.php/admin/index/index
[运行时间：0.019079s] [吞吐率：52.41req/s] [内存消耗：1,715.22kb] [文件加载：65]
[ info ] [ LANG ] /home/wwwroot/layblog.blog/thinkphp/lang/zh-cn.php
[ info ] [ ROUTE ] array (
)
[ info ] [ HEADER ] array (
  'accept-language' => 'zh-CN,zh;q=0.9',
  'accept-encoding' => 'gzip, deflate',
  'accept' => 'text/html,application/xhtml+xml,application/xml;q=0.9,image/webp,image/apng,*/*;q=0.8',
  'user-agent' => 'Mozilla/5.0 (Windows NT 10.0; Win64; x64) AppleWebKit/537.36 (KHTML, like Gecko) Chrome/65.0.3400.0 Iron Safari/537.36',
  'upgrade-insecure-requests' => '1',
  'connection' => 'keep-alive',
  'host' => 'layblog.blog',
  'content-type' => '',
  'content-length' => '',
)
[ info ] [ PARAM ] array (
)
---------------------------------------------------------------
[ 2018-09-09T23:08:17+08:00 ] 192.168.3.137 GET layblog.blog/index.php/admin/index/index
[运行时间：0.022717s] [吞吐率：44.02req/s] [内存消耗：1,715.26kb] [文件加载：65]
[ info ] [ LANG ] /home/wwwroot/layblog.blog/thinkphp/lang/zh-cn.php
[ info ] [ ROUTE ] array (
)
[ info ] [ HEADER ] array (
  'accept-language' => 'zh-CN,zh;q=0.9',
  'accept-encoding' => 'gzip, deflate',
  'accept' => 'text/html,application/xhtml+xml,application/xml;q=0.9,image/webp,image/apng,*/*;q=0.8',
  'user-agent' => 'Mozilla/5.0 (Windows NT 10.0; Win64; x64) AppleWebKit/537.36 (KHTML, like Gecko) Chrome/65.0.3400.0 Iron Safari/537.36',
  'upgrade-insecure-requests' => '1',
  'cache-control' => 'max-age=0',
  'connection' => 'keep-alive',
  'host' => 'layblog.blog',
  'content-type' => '',
  'content-length' => '',
)
[ info ] [ PARAM ] array (
)
---------------------------------------------------------------
[ 2018-09-09T23:08:32+08:00 ] 192.168.3.137 GET layblog.blog/index.php/admin/index/index
[运行时间：0.019934s] [吞吐率：50.17req/s] [内存消耗：1,715.29kb] [文件加载：65]
[ info ] [ LANG ] /home/wwwroot/layblog.blog/thinkphp/lang/zh-cn.php
[ info ] [ ROUTE ] array (
)
[ info ] [ HEADER ] array (
  'accept-language' => 'zh-CN,zh;q=0.9',
  'accept-encoding' => 'gzip, deflate',
  'accept' => 'text/html,application/xhtml+xml,application/xml;q=0.9,image/webp,image/apng,*/*;q=0.8',
  'user-agent' => 'Mozilla/5.0 (Windows NT 10.0; Win64; x64) AppleWebKit/537.36 (KHTML, like Gecko) Chrome/65.0.3400.0 Iron Safari/537.36',
  'upgrade-insecure-requests' => '1',
  'cache-control' => 'no-cache',
  'pragma' => 'no-cache',
  'connection' => 'keep-alive',
  'host' => 'layblog.blog',
  'content-type' => '',
  'content-length' => '',
)
[ info ] [ PARAM ] array (
)
---------------------------------------------------------------
[ 2018-09-09T23:08:33+08:00 ] 192.168.3.137 GET layblog.blog/index.php/admin/index/index
[运行时间：0.020319s] [吞吐率：49.22req/s] [内存消耗：1,715.29kb] [文件加载：65]
[ info ] [ LANG ] /home/wwwroot/layblog.blog/thinkphp/lang/zh-cn.php
[ info ] [ ROUTE ] array (
)
[ info ] [ HEADER ] array (
  'accept-language' => 'zh-CN,zh;q=0.9',
  'accept-encoding' => 'gzip, deflate',
  'accept' => 'text/html,application/xhtml+xml,application/xml;q=0.9,image/webp,image/apng,*/*;q=0.8',
  'user-agent' => 'Mozilla/5.0 (Windows NT 10.0; Win64; x64) AppleWebKit/537.36 (KHTML, like Gecko) Chrome/65.0.3400.0 Iron Safari/537.36',
  'upgrade-insecure-requests' => '1',
  'cache-control' => 'no-cache',
  'pragma' => 'no-cache',
  'connection' => 'keep-alive',
  'host' => 'layblog.blog',
  'content-type' => '',
  'content-length' => '',
)
[ info ] [ PARAM ] array (
)
---------------------------------------------------------------
[ 2018-09-09T23:08:33+08:00 ] 192.168.3.137 GET layblog.blog/index.php/admin/index/index
[运行时间：0.020490s] [吞吐率：48.80req/s] [内存消耗：1,715.29kb] [文件加载：65]
[ info ] [ LANG ] /home/wwwroot/layblog.blog/thinkphp/lang/zh-cn.php
[ info ] [ ROUTE ] array (
)
[ info ] [ HEADER ] array (
  'accept-language' => 'zh-CN,zh;q=0.9',
  'accept-encoding' => 'gzip, deflate',
  'accept' => 'text/html,application/xhtml+xml,application/xml;q=0.9,image/webp,image/apng,*/*;q=0.8',
  'user-agent' => 'Mozilla/5.0 (Windows NT 10.0; Win64; x64) AppleWebKit/537.36 (KHTML, like Gecko) Chrome/65.0.3400.0 Iron Safari/537.36',
  'upgrade-insecure-requests' => '1',
  'cache-control' => 'no-cache',
  'pragma' => 'no-cache',
  'connection' => 'keep-alive',
  'host' => 'layblog.blog',
  'content-type' => '',
  'content-length' => '',
)
[ info ] [ PARAM ] array (
)
---------------------------------------------------------------
[ 2018-09-09T23:08:33+08:00 ] 192.168.3.137 GET layblog.blog/index.php/admin/index/index
[运行时间：0.019163s] [吞吐率：52.18req/s] [内存消耗：1,715.29kb] [文件加载：65]
[ info ] [ LANG ] /home/wwwroot/layblog.blog/thinkphp/lang/zh-cn.php
[ info ] [ ROUTE ] array (
)
[ info ] [ HEADER ] array (
  'accept-language' => 'zh-CN,zh;q=0.9',
  'accept-encoding' => 'gzip, deflate',
  'accept' => 'text/html,application/xhtml+xml,application/xml;q=0.9,image/webp,image/apng,*/*;q=0.8',
  'user-agent' => 'Mozilla/5.0 (Windows NT 10.0; Win64; x64) AppleWebKit/537.36 (KHTML, like Gecko) Chrome/65.0.3400.0 Iron Safari/537.36',
  'upgrade-insecure-requests' => '1',
  'cache-control' => 'no-cache',
  'pragma' => 'no-cache',
  'connection' => 'keep-alive',
  'host' => 'layblog.blog',
  'content-type' => '',
  'content-length' => '',
)
[ info ] [ PARAM ] array (
)
---------------------------------------------------------------
[ 2018-09-09T23:08:33+08:00 ] 192.168.3.137 GET layblog.blog/index.php/admin/index/index
[运行时间：0.019914s] [吞吐率：50.22req/s] [内存消耗：1,715.29kb] [文件加载：65]
[ info ] [ LANG ] /home/wwwroot/layblog.blog/thinkphp/lang/zh-cn.php
[ info ] [ ROUTE ] array (
)
[ info ] [ HEADER ] array (
  'accept-language' => 'zh-CN,zh;q=0.9',
  'accept-encoding' => 'gzip, deflate',
  'accept' => 'text/html,application/xhtml+xml,application/xml;q=0.9,image/webp,image/apng,*/*;q=0.8',
  'user-agent' => 'Mozilla/5.0 (Windows NT 10.0; Win64; x64) AppleWebKit/537.36 (KHTML, like Gecko) Chrome/65.0.3400.0 Iron Safari/537.36',
  'upgrade-insecure-requests' => '1',
  'cache-control' => 'no-cache',
  'pragma' => 'no-cache',
  'connection' => 'keep-alive',
  'host' => 'layblog.blog',
  'content-type' => '',
  'content-length' => '',
)
[ info ] [ PARAM ] array (
)
---------------------------------------------------------------
[ 2018-09-09T23:08:34+08:00 ] 192.168.3.137 GET layblog.blog/index.php/admin/index/index
[运行时间：0.019404s] [吞吐率：51.54req/s] [内存消耗：1,715.29kb] [文件加载：65]
[ info ] [ LANG ] /home/wwwroot/layblog.blog/thinkphp/lang/zh-cn.php
[ info ] [ ROUTE ] array (
)
[ info ] [ HEADER ] array (
  'accept-language' => 'zh-CN,zh;q=0.9',
  'accept-encoding' => 'gzip, deflate',
  'accept' => 'text/html,application/xhtml+xml,application/xml;q=0.9,image/webp,image/apng,*/*;q=0.8',
  'user-agent' => 'Mozilla/5.0 (Windows NT 10.0; Win64; x64) AppleWebKit/537.36 (KHTML, like Gecko) Chrome/65.0.3400.0 Iron Safari/537.36',
  'upgrade-insecure-requests' => '1',
  'cache-control' => 'no-cache',
  'pragma' => 'no-cache',
  'connection' => 'keep-alive',
  'host' => 'layblog.blog',
  'content-type' => '',
  'content-length' => '',
)
[ info ] [ PARAM ] array (
)
---------------------------------------------------------------
[ 2018-09-09T23:08:34+08:00 ] 192.168.3.137 GET layblog.blog/index.php/admin/index/index
[运行时间：0.021928s] [吞吐率：45.60req/s] [内存消耗：1,715.29kb] [文件加载：65]
[ info ] [ LANG ] /home/wwwroot/layblog.blog/thinkphp/lang/zh-cn.php
[ info ] [ ROUTE ] array (
)
[ info ] [ HEADER ] array (
  'accept-language' => 'zh-CN,zh;q=0.9',
  'accept-encoding' => 'gzip, deflate',
  'accept' => 'text/html,application/xhtml+xml,application/xml;q=0.9,image/webp,image/apng,*/*;q=0.8',
  'user-agent' => 'Mozilla/5.0 (Windows NT 10.0; Win64; x64) AppleWebKit/537.36 (KHTML, like Gecko) Chrome/65.0.3400.0 Iron Safari/537.36',
  'upgrade-insecure-requests' => '1',
  'cache-control' => 'no-cache',
  'pragma' => 'no-cache',
  'connection' => 'keep-alive',
  'host' => 'layblog.blog',
  'content-type' => '',
  'content-length' => '',
)
[ info ] [ PARAM ] array (
)
---------------------------------------------------------------
[ 2018-09-09T23:08:34+08:00 ] 192.168.3.137 GET layblog.blog/index.php/admin/index/index
[运行时间：0.020661s] [吞吐率：48.40req/s] [内存消耗：1,715.29kb] [文件加载：65]
[ info ] [ LANG ] /home/wwwroot/layblog.blog/thinkphp/lang/zh-cn.php
[ info ] [ ROUTE ] array (
)
[ info ] [ HEADER ] array (
  'accept-language' => 'zh-CN,zh;q=0.9',
  'accept-encoding' => 'gzip, deflate',
  'accept' => 'text/html,application/xhtml+xml,application/xml;q=0.9,image/webp,image/apng,*/*;q=0.8',
  'user-agent' => 'Mozilla/5.0 (Windows NT 10.0; Win64; x64) AppleWebKit/537.36 (KHTML, like Gecko) Chrome/65.0.3400.0 Iron Safari/537.36',
  'upgrade-insecure-requests' => '1',
  'cache-control' => 'no-cache',
  'pragma' => 'no-cache',
  'connection' => 'keep-alive',
  'host' => 'layblog.blog',
  'content-type' => '',
  'content-length' => '',
)
[ info ] [ PARAM ] array (
)
---------------------------------------------------------------
[ 2018-09-09T23:09:25+08:00 ] 192.168.3.137 GET layblog.blog/index.php/admin/index/index
[运行时间：0.021949s] [吞吐率：45.56req/s] [内存消耗：1,841.22kb] [文件加载：66]
[ info ] [ LANG ] /home/wwwroot/layblog.blog/thinkphp/lang/zh-cn.php
[ info ] [ ROUTE ] array (
)
[ info ] [ HEADER ] array (
  'accept-language' => 'zh-CN,zh;q=0.9',
  'accept-encoding' => 'gzip, deflate',
  'accept' => 'text/html,application/xhtml+xml,application/xml;q=0.9,image/webp,image/apng,*/*;q=0.8',
  'user-agent' => 'Mozilla/5.0 (Windows NT 10.0; Win64; x64) AppleWebKit/537.36 (KHTML, like Gecko) Chrome/65.0.3400.0 Iron Safari/537.36',
  'upgrade-insecure-requests' => '1',
  'cache-control' => 'no-cache',
  'pragma' => 'no-cache',
  'connection' => 'keep-alive',
  'host' => 'layblog.blog',
  'content-type' => '',
  'content-length' => '',
)
[ info ] [ PARAM ] array (
)
[ info ] [ VIEW ] /home/wwwroot/layblog.blog/./template/admin/index/index.html [ array (
  0 => 'title',
) ]
---------------------------------------------------------------
[ 2018-09-09T23:09:25+08:00 ] 192.168.3.137 GET layblog.blog/index.php/static/admin/css/admin.css
[运行时间：0.026733s] [吞吐率：37.41req/s] [内存消耗：1,306.45kb] [文件加载：54]
[ info ] [ LANG ] /home/wwwroot/layblog.blog/thinkphp/lang/zh-cn.php
---------------------------------------------------------------
[ 2018-09-09T23:09:25+08:00 ] 192.168.3.137 GET layblog.blog/index.php/static/admin/layui/layui.js
[运行时间：0.027389s] [吞吐率：36.51req/s] [内存消耗：1,306.45kb] [文件加载：54]
[ info ] [ LANG ] /home/wwwroot/layblog.blog/thinkphp/lang/zh-cn.php
---------------------------------------------------------------
[ 2018-09-09T23:09:25+08:00 ] 192.168.3.137 GET layblog.blog/index.php/static/admin/js/common.js
[运行时间：0.024827s] [吞吐率：40.28req/s] [内存消耗：1,306.45kb] [文件加载：54]
[ info ] [ LANG ] /home/wwwroot/layblog.blog/thinkphp/lang/zh-cn.php
---------------------------------------------------------------
[ 2018-09-09T23:09:25+08:00 ] 192.168.3.137 GET layblog.blog/index.php/static/admin/js/main.js
[运行时间：0.025492s] [吞吐率：39.23req/s] [内存消耗：1,306.45kb] [文件加载：54]
[ info ] [ LANG ] /home/wwwroot/layblog.blog/thinkphp/lang/zh-cn.php
---------------------------------------------------------------
[ 2018-09-09T23:09:25+08:00 ] 192.168.3.137 GET layblog.blog/index.php/admin/index/welcome.html
[运行时间：0.025855s] [吞吐率：38.68req/s] [内存消耗：1,751.78kb] [文件加载：67]
[ info ] [ LANG ] /home/wwwroot/layblog.blog/thinkphp/lang/zh-cn.php
[ info ] [ ROUTE ] array (
)
[ info ] [ HEADER ] array (
  'accept-language' => 'zh-CN,zh;q=0.9',
  'accept-encoding' => 'gzip, deflate',
  'referer' => 'http://layblog.blog/index.php/admin/index/index',
  'accept' => 'text/html,application/xhtml+xml,application/xml;q=0.9,image/webp,image/apng,*/*;q=0.8',
  'user-agent' => 'Mozilla/5.0 (Windows NT 10.0; Win64; x64) AppleWebKit/537.36 (KHTML, like Gecko) Chrome/65.0.3400.0 Iron Safari/537.36',
  'upgrade-insecure-requests' => '1',
  'cache-control' => 'no-cache',
  'pragma' => 'no-cache',
  'connection' => 'keep-alive',
  'host' => 'layblog.blog',
  'content-type' => '',
  'content-length' => '',
)
[ info ] [ PARAM ] array (
)
---------------------------------------------------------------
[ 2018-09-09T23:09:26+08:00 ] 192.168.3.137 GET layblog.blog/index.php/static/admin/layui/layui.js
[运行时间：0.025672s] [吞吐率：38.95req/s] [内存消耗：1,306.45kb] [文件加载：54]
[ info ] [ LANG ] /home/wwwroot/layblog.blog/thinkphp/lang/zh-cn.php
---------------------------------------------------------------
[ 2018-09-09T23:09:26+08:00 ] 192.168.3.137 GET layblog.blog/index.php/static/admin/js/common.js
[运行时间：0.020652s] [吞吐率：48.42req/s] [内存消耗：1,306.45kb] [文件加载：54]
[ info ] [ LANG ] /home/wwwroot/layblog.blog/thinkphp/lang/zh-cn.php
---------------------------------------------------------------
[ 2018-09-09T23:09:26+08:00 ] 192.168.3.137 GET layblog.blog/index.php/static/admin/js/main.js
[运行时间：0.017229s] [吞吐率：58.04req/s] [内存消耗：1,306.45kb] [文件加载：54]
[ info ] [ LANG ] /home/wwwroot/layblog.blog/thinkphp/lang/zh-cn.php
---------------------------------------------------------------
[ 2018-09-09T23:13:14+08:00 ] 192.168.3.137 GET layblog.blog/index.php/admin/index/index
[运行时间：0.020821s] [吞吐率：48.03req/s] [内存消耗：1,840.84kb] [文件加载：66]
[ info ] [ LANG ] /home/wwwroot/layblog.blog/thinkphp/lang/zh-cn.php
[ info ] [ ROUTE ] array (
)
[ info ] [ HEADER ] array (
  'accept-language' => 'zh-CN,zh;q=0.9',
  'accept-encoding' => 'gzip, deflate',
  'accept' => 'text/html,application/xhtml+xml,application/xml;q=0.9,image/webp,image/apng,*/*;q=0.8',
  'user-agent' => 'Mozilla/5.0 (Windows NT 10.0; Win64; x64) AppleWebKit/537.36 (KHTML, like Gecko) Chrome/65.0.3400.0 Iron Safari/537.36',
  'upgrade-insecure-requests' => '1',
  'cache-control' => 'no-cache',
  'pragma' => 'no-cache',
  'connection' => 'keep-alive',
  'host' => 'layblog.blog',
  'content-type' => '',
  'content-length' => '',
)
[ info ] [ PARAM ] array (
)
[ info ] [ VIEW ] /home/wwwroot/layblog.blog/./template/admin/index/index.html [ array (
  0 => 'title',
) ]
---------------------------------------------------------------
[ 2018-09-09T23:13:14+08:00 ] 192.168.3.137 GET layblog.blog/index.php/static/admin/layui/layui.js
[运行时间：0.022518s] [吞吐率：44.41req/s] [内存消耗：1,306.45kb] [文件加载：54]
[ info ] [ LANG ] /home/wwwroot/layblog.blog/thinkphp/lang/zh-cn.php
---------------------------------------------------------------
[ 2018-09-09T23:13:14+08:00 ] 192.168.3.137 GET layblog.blog/index.php/static/admin/css/admin.css
[运行时间：0.022062s] [吞吐率：45.33req/s] [内存消耗：1,306.45kb] [文件加载：54]
[ info ] [ LANG ] /home/wwwroot/layblog.blog/thinkphp/lang/zh-cn.php
---------------------------------------------------------------
[ 2018-09-09T23:13:14+08:00 ] 192.168.3.137 GET layblog.blog/index.php/static/admin/js/main.js
[运行时间：0.022282s] [吞吐率：44.88req/s] [内存消耗：1,306.45kb] [文件加载：54]
[ info ] [ LANG ] /home/wwwroot/layblog.blog/thinkphp/lang/zh-cn.php
---------------------------------------------------------------
[ 2018-09-09T23:13:14+08:00 ] 192.168.3.137 GET layblog.blog/index.php/static/admin/js/common.js
[运行时间：0.027419s] [吞吐率：36.47req/s] [内存消耗：1,306.45kb] [文件加载：54]
[ info ] [ LANG ] /home/wwwroot/layblog.blog/thinkphp/lang/zh-cn.php
---------------------------------------------------------------
[ 2018-09-09T23:13:14+08:00 ] 192.168.3.137 GET layblog.blog/index.php/static/admin/layui/layui.js
[运行时间：0.019453s] [吞吐率：51.41req/s] [内存消耗：1,306.45kb] [文件加载：54]
[ info ] [ LANG ] /home/wwwroot/layblog.blog/thinkphp/lang/zh-cn.php
---------------------------------------------------------------
[ 2018-09-09T23:13:14+08:00 ] 192.168.3.137 GET layblog.blog/index.php/admin/index/welcome.html
[运行时间：0.027314s] [吞吐率：36.61req/s] [内存消耗：1,751.78kb] [文件加载：67]
[ info ] [ LANG ] /home/wwwroot/layblog.blog/thinkphp/lang/zh-cn.php
[ info ] [ ROUTE ] array (
)
[ info ] [ HEADER ] array (
  'accept-language' => 'zh-CN,zh;q=0.9',
  'accept-encoding' => 'gzip, deflate',
  'referer' => 'http://layblog.blog/index.php/admin/index/index',
  'accept' => 'text/html,application/xhtml+xml,application/xml;q=0.9,image/webp,image/apng,*/*;q=0.8',
  'user-agent' => 'Mozilla/5.0 (Windows NT 10.0; Win64; x64) AppleWebKit/537.36 (KHTML, like Gecko) Chrome/65.0.3400.0 Iron Safari/537.36',
  'upgrade-insecure-requests' => '1',
  'cache-control' => 'no-cache',
  'pragma' => 'no-cache',
  'connection' => 'keep-alive',
  'host' => 'layblog.blog',
  'content-type' => '',
  'content-length' => '',
)
[ info ] [ PARAM ] array (
)
---------------------------------------------------------------
[ 2018-09-09T23:13:14+08:00 ] 192.168.3.137 GET layblog.blog/index.php/static/admin/js/common.js
[运行时间：0.017240s] [吞吐率：58.01req/s] [内存消耗：1,306.45kb] [文件加载：54]
[ info ] [ LANG ] /home/wwwroot/layblog.blog/thinkphp/lang/zh-cn.php
---------------------------------------------------------------
[ 2018-09-09T23:13:14+08:00 ] 192.168.3.137 GET layblog.blog/index.php/static/admin/js/main.js
[运行时间：0.019228s] [吞吐率：52.01req/s] [内存消耗：1,306.45kb] [文件加载：54]
[ info ] [ LANG ] /home/wwwroot/layblog.blog/thinkphp/lang/zh-cn.php
---------------------------------------------------------------
[ 2018-09-09T23:17:48+08:00 ] 192.168.3.137 GET layblog.blog/index.php/admin/index/index
[运行时间：0.020636s] [吞吐率：48.46req/s] [内存消耗：1,841.22kb] [文件加载：66]
[ info ] [ LANG ] /home/wwwroot/layblog.blog/thinkphp/lang/zh-cn.php
[ info ] [ ROUTE ] array (
)
[ info ] [ HEADER ] array (
  'accept-language' => 'zh-CN,zh;q=0.9',
  'accept-encoding' => 'gzip, deflate',
  'accept' => 'text/html,application/xhtml+xml,application/xml;q=0.9,image/webp,image/apng,*/*;q=0.8',
  'user-agent' => 'Mozilla/5.0 (Windows NT 10.0; Win64; x64) AppleWebKit/537.36 (KHTML, like Gecko) Chrome/65.0.3400.0 Iron Safari/537.36',
  'upgrade-insecure-requests' => '1',
  'cache-control' => 'no-cache',
  'pragma' => 'no-cache',
  'connection' => 'keep-alive',
  'host' => 'layblog.blog',
  'content-type' => '',
  'content-length' => '',
)
[ info ] [ PARAM ] array (
)
[ info ] [ VIEW ] /home/wwwroot/layblog.blog/./template/admin/index/index.html [ array (
  0 => 'title',
) ]
---------------------------------------------------------------
[ 2018-09-09T23:17:48+08:00 ] 192.168.3.137 GET layblog.blog/index.php/static/admin/layui/layui.js
[运行时间：0.019400s] [吞吐率：51.55req/s] [内存消耗：1,306.45kb] [文件加载：54]
[ info ] [ LANG ] /home/wwwroot/layblog.blog/thinkphp/lang/zh-cn.php
---------------------------------------------------------------
[ 2018-09-09T23:17:48+08:00 ] 192.168.3.137 GET layblog.blog/index.php/static/admin/css/admin.css
[运行时间：0.020403s] [吞吐率：49.01req/s] [内存消耗：1,306.45kb] [文件加载：54]
[ info ] [ LANG ] /home/wwwroot/layblog.blog/thinkphp/lang/zh-cn.php
---------------------------------------------------------------
[ 2018-09-09T23:17:48+08:00 ] 192.168.3.137 GET layblog.blog/index.php/static/admin/js/main.js
[运行时间：0.021161s] [吞吐率：47.26req/s] [内存消耗：1,306.45kb] [文件加载：54]
[ info ] [ LANG ] /home/wwwroot/layblog.blog/thinkphp/lang/zh-cn.php
---------------------------------------------------------------
[ 2018-09-09T23:17:48+08:00 ] 192.168.3.137 GET layblog.blog/index.php/static/admin/js/common.js
[运行时间：0.025229s] [吞吐率：39.64req/s] [内存消耗：1,306.45kb] [文件加载：54]
[ info ] [ LANG ] /home/wwwroot/layblog.blog/thinkphp/lang/zh-cn.php
---------------------------------------------------------------
[ 2018-09-09T23:17:48+08:00 ] 192.168.3.137 GET layblog.blog/index.php/static/admin/layui/layui.js
[运行时间：0.016565s] [吞吐率：60.37req/s] [内存消耗：1,306.45kb] [文件加载：54]
[ info ] [ LANG ] /home/wwwroot/layblog.blog/thinkphp/lang/zh-cn.php
---------------------------------------------------------------
[ 2018-09-09T23:17:48+08:00 ] 192.168.3.137 GET layblog.blog/index.php/admin/index/welcome.html
[运行时间：0.034137s] [吞吐率：29.29req/s] [内存消耗：1,751.78kb] [文件加载：67]
[ info ] [ LANG ] /home/wwwroot/layblog.blog/thinkphp/lang/zh-cn.php
[ info ] [ ROUTE ] array (
)
[ info ] [ HEADER ] array (
  'accept-language' => 'zh-CN,zh;q=0.9',
  'accept-encoding' => 'gzip, deflate',
  'referer' => 'http://layblog.blog/index.php/admin/index/index',
  'accept' => 'text/html,application/xhtml+xml,application/xml;q=0.9,image/webp,image/apng,*/*;q=0.8',
  'user-agent' => 'Mozilla/5.0 (Windows NT 10.0; Win64; x64) AppleWebKit/537.36 (KHTML, like Gecko) Chrome/65.0.3400.0 Iron Safari/537.36',
  'upgrade-insecure-requests' => '1',
  'cache-control' => 'no-cache',
  'pragma' => 'no-cache',
  'connection' => 'keep-alive',
  'host' => 'layblog.blog',
  'content-type' => '',
  'content-length' => '',
)
[ info ] [ PARAM ] array (
)
---------------------------------------------------------------
[ 2018-09-09T23:17:48+08:00 ] 192.168.3.137 GET layblog.blog/index.php/static/admin/js/common.js
[运行时间：0.015763s] [吞吐率：63.44req/s] [内存消耗：1,306.45kb] [文件加载：54]
[ info ] [ LANG ] /home/wwwroot/layblog.blog/thinkphp/lang/zh-cn.php
---------------------------------------------------------------
[ 2018-09-09T23:17:48+08:00 ] 192.168.3.137 GET layblog.blog/index.php/static/admin/js/main.js
[运行时间：0.016670s] [吞吐率：59.99req/s] [内存消耗：1,306.45kb] [文件加载：54]
[ info ] [ LANG ] /home/wwwroot/layblog.blog/thinkphp/lang/zh-cn.php
---------------------------------------------------------------
[ 2018-09-09T23:17:49+08:00 ] 192.168.3.137 GET layblog.blog/index.php/admin/index/index
[运行时间：0.021730s] [吞吐率：46.02req/s] [内存消耗：1,841.22kb] [文件加载：66]
[ info ] [ LANG ] /home/wwwroot/layblog.blog/thinkphp/lang/zh-cn.php
[ info ] [ ROUTE ] array (
)
[ info ] [ HEADER ] array (
  'accept-language' => 'zh-CN,zh;q=0.9',
  'accept-encoding' => 'gzip, deflate',
  'accept' => 'text/html,application/xhtml+xml,application/xml;q=0.9,image/webp,image/apng,*/*;q=0.8',
  'user-agent' => 'Mozilla/5.0 (Windows NT 10.0; Win64; x64) AppleWebKit/537.36 (KHTML, like Gecko) Chrome/65.0.3400.0 Iron Safari/537.36',
  'upgrade-insecure-requests' => '1',
  'cache-control' => 'no-cache',
  'pragma' => 'no-cache',
  'connection' => 'keep-alive',
  'host' => 'layblog.blog',
  'content-type' => '',
  'content-length' => '',
)
[ info ] [ PARAM ] array (
)
[ info ] [ VIEW ] /home/wwwroot/layblog.blog/./template/admin/index/index.html [ array (
  0 => 'title',
) ]
---------------------------------------------------------------
[ 2018-09-09T23:17:49+08:00 ] 192.168.3.137 GET layblog.blog/index.php/static/admin/css/admin.css
[运行时间：0.021520s] [吞吐率：46.47req/s] [内存消耗：1,306.45kb] [文件加载：54]
[ info ] [ LANG ] /home/wwwroot/layblog.blog/thinkphp/lang/zh-cn.php
---------------------------------------------------------------
[ 2018-09-09T23:17:49+08:00 ] 192.168.3.137 GET layblog.blog/index.php/static/admin/layui/layui.js
[运行时间：0.019329s] [吞吐率：51.74req/s] [内存消耗：1,306.45kb] [文件加载：54]
[ info ] [ LANG ] /home/wwwroot/layblog.blog/thinkphp/lang/zh-cn.php
---------------------------------------------------------------
[ 2018-09-09T23:17:49+08:00 ] 192.168.3.137 GET layblog.blog/index.php/static/admin/js/common.js
[运行时间：0.023228s] [吞吐率：43.05req/s] [内存消耗：1,306.45kb] [文件加载：54]
[ info ] [ LANG ] /home/wwwroot/layblog.blog/thinkphp/lang/zh-cn.php
---------------------------------------------------------------
[ 2018-09-09T23:17:49+08:00 ] 192.168.3.137 GET layblog.blog/index.php/static/admin/js/main.js
[运行时间：0.024529s] [吞吐率：40.77req/s] [内存消耗：1,306.45kb] [文件加载：54]
[ info ] [ LANG ] /home/wwwroot/layblog.blog/thinkphp/lang/zh-cn.php
---------------------------------------------------------------
[ 2018-09-09T23:17:49+08:00 ] 192.168.3.137 GET layblog.blog/index.php/static/admin/layui/layui.js
[运行时间：0.016517s] [吞吐率：60.54req/s] [内存消耗：1,306.45kb] [文件加载：54]
[ info ] [ LANG ] /home/wwwroot/layblog.blog/thinkphp/lang/zh-cn.php
---------------------------------------------------------------
[ 2018-09-09T23:17:49+08:00 ] 192.168.3.137 GET layblog.blog/index.php/admin/index/welcome.html
[运行时间：0.025693s] [吞吐率：38.92req/s] [内存消耗：1,751.78kb] [文件加载：67]
[ info ] [ LANG ] /home/wwwroot/layblog.blog/thinkphp/lang/zh-cn.php
[ info ] [ ROUTE ] array (
)
[ info ] [ HEADER ] array (
  'accept-language' => 'zh-CN,zh;q=0.9',
  'accept-encoding' => 'gzip, deflate',
  'referer' => 'http://layblog.blog/index.php/admin/index/index',
  'accept' => 'text/html,application/xhtml+xml,application/xml;q=0.9,image/webp,image/apng,*/*;q=0.8',
  'user-agent' => 'Mozilla/5.0 (Windows NT 10.0; Win64; x64) AppleWebKit/537.36 (KHTML, like Gecko) Chrome/65.0.3400.0 Iron Safari/537.36',
  'upgrade-insecure-requests' => '1',
  'cache-control' => 'no-cache',
  'pragma' => 'no-cache',
  'connection' => 'keep-alive',
  'host' => 'layblog.blog',
  'content-type' => '',
  'content-length' => '',
)
[ info ] [ PARAM ] array (
)
---------------------------------------------------------------
[ 2018-09-09T23:17:49+08:00 ] 192.168.3.137 GET layblog.blog/index.php/static/admin/js/common.js
[运行时间：0.015735s] [吞吐率：63.55req/s] [内存消耗：1,306.45kb] [文件加载：54]
[ info ] [ LANG ] /home/wwwroot/layblog.blog/thinkphp/lang/zh-cn.php
---------------------------------------------------------------
[ 2018-09-09T23:17:49+08:00 ] 192.168.3.137 GET layblog.blog/index.php/static/admin/js/main.js
[运行时间：0.015846s] [吞吐率：63.11req/s] [内存消耗：1,306.45kb] [文件加载：54]
[ info ] [ LANG ] /home/wwwroot/layblog.blog/thinkphp/lang/zh-cn.php
---------------------------------------------------------------
[ 2018-09-09T23:20:46+08:00 ] 192.168.3.137 GET layblog.blog/index.php/admin/index/index
[运行时间：0.024052s] [吞吐率：41.58req/s] [内存消耗：1,841.22kb] [文件加载：66]
[ info ] [ LANG ] /home/wwwroot/layblog.blog/thinkphp/lang/zh-cn.php
[ info ] [ ROUTE ] array (
)
[ info ] [ HEADER ] array (
  'accept-language' => 'zh-CN,zh;q=0.9',
  'accept-encoding' => 'gzip, deflate',
  'accept' => 'text/html,application/xhtml+xml,application/xml;q=0.9,image/webp,image/apng,*/*;q=0.8',
  'user-agent' => 'Mozilla/5.0 (Windows NT 10.0; Win64; x64) AppleWebKit/537.36 (KHTML, like Gecko) Chrome/65.0.3400.0 Iron Safari/537.36',
  'upgrade-insecure-requests' => '1',
  'cache-control' => 'no-cache',
  'pragma' => 'no-cache',
  'connection' => 'keep-alive',
  'host' => 'layblog.blog',
  'content-type' => '',
  'content-length' => '',
)
[ info ] [ PARAM ] array (
)
[ info ] [ VIEW ] /home/wwwroot/layblog.blog/./template/admin/index/index.html [ array (
  0 => 'title',
) ]
---------------------------------------------------------------
[ 2018-09-09T23:20:46+08:00 ] 192.168.3.137 GET layblog.blog/index.php/static/admin/layui/layui.js
[运行时间：0.023144s] [吞吐率：43.21req/s] [内存消耗：1,306.45kb] [文件加载：54]
[ info ] [ LANG ] /home/wwwroot/layblog.blog/thinkphp/lang/zh-cn.php
---------------------------------------------------------------
[ 2018-09-09T23:20:46+08:00 ] 192.168.3.137 GET layblog.blog/index.php/static/admin/css/admin.css
[运行时间：0.024266s] [吞吐率：41.21req/s] [内存消耗：1,306.45kb] [文件加载：54]
[ info ] [ LANG ] /home/wwwroot/layblog.blog/thinkphp/lang/zh-cn.php
---------------------------------------------------------------
[ 2018-09-09T23:20:46+08:00 ] 192.168.3.137 GET layblog.blog/index.php/static/admin/js/common.js
[运行时间：0.019056s] [吞吐率：52.48req/s] [内存消耗：1,306.45kb] [文件加载：54]
[ info ] [ LANG ] /home/wwwroot/layblog.blog/thinkphp/lang/zh-cn.php
---------------------------------------------------------------
[ 2018-09-09T23:20:46+08:00 ] 192.168.3.137 GET layblog.blog/index.php/static/admin/js/main.js
[运行时间：0.019764s] [吞吐率：50.60req/s] [内存消耗：1,306.45kb] [文件加载：54]
[ info ] [ LANG ] /home/wwwroot/layblog.blog/thinkphp/lang/zh-cn.php
---------------------------------------------------------------
[ 2018-09-09T23:20:46+08:00 ] 192.168.3.137 GET layblog.blog/index.php/static/admin/layui/layui.js
[运行时间：0.019326s] [吞吐率：51.74req/s] [内存消耗：1,306.45kb] [文件加载：54]
[ info ] [ LANG ] /home/wwwroot/layblog.blog/thinkphp/lang/zh-cn.php
---------------------------------------------------------------
[ 2018-09-09T23:20:46+08:00 ] 192.168.3.137 GET layblog.blog/index.php/admin/index/welcome.html
[运行时间：0.029870s] [吞吐率：33.48req/s] [内存消耗：1,751.78kb] [文件加载：67]
[ info ] [ LANG ] /home/wwwroot/layblog.blog/thinkphp/lang/zh-cn.php
[ info ] [ ROUTE ] array (
)
[ info ] [ HEADER ] array (
  'accept-language' => 'zh-CN,zh;q=0.9',
  'accept-encoding' => 'gzip, deflate',
  'referer' => 'http://layblog.blog/index.php/admin/index/index',
  'accept' => 'text/html,application/xhtml+xml,application/xml;q=0.9,image/webp,image/apng,*/*;q=0.8',
  'user-agent' => 'Mozilla/5.0 (Windows NT 10.0; Win64; x64) AppleWebKit/537.36 (KHTML, like Gecko) Chrome/65.0.3400.0 Iron Safari/537.36',
  'upgrade-insecure-requests' => '1',
  'cache-control' => 'no-cache',
  'pragma' => 'no-cache',
  'connection' => 'keep-alive',
  'host' => 'layblog.blog',
  'content-type' => '',
  'content-length' => '',
)
[ info ] [ PARAM ] array (
)
---------------------------------------------------------------
[ 2018-09-09T23:20:46+08:00 ] 192.168.3.137 GET layblog.blog/index.php/static/admin/js/common.js
[运行时间：0.015696s] [吞吐率：63.71req/s] [内存消耗：1,306.45kb] [文件加载：54]
[ info ] [ LANG ] /home/wwwroot/layblog.blog/thinkphp/lang/zh-cn.php
---------------------------------------------------------------
[ 2018-09-09T23:20:46+08:00 ] 192.168.3.137 GET layblog.blog/index.php/static/admin/js/main.js
[运行时间：0.015434s] [吞吐率：64.79req/s] [内存消耗：1,306.45kb] [文件加载：54]
[ info ] [ LANG ] /home/wwwroot/layblog.blog/thinkphp/lang/zh-cn.php
---------------------------------------------------------------
[ 2018-09-09T23:20:48+08:00 ] 192.168.3.137 GET layblog.blog/index.php/admin/index/index
[运行时间：0.021358s] [吞吐率：46.82req/s] [内存消耗：1,841.22kb] [文件加载：66]
[ info ] [ LANG ] /home/wwwroot/layblog.blog/thinkphp/lang/zh-cn.php
[ info ] [ ROUTE ] array (
)
[ info ] [ HEADER ] array (
  'accept-language' => 'zh-CN,zh;q=0.9',
  'accept-encoding' => 'gzip, deflate',
  'accept' => 'text/html,application/xhtml+xml,application/xml;q=0.9,image/webp,image/apng,*/*;q=0.8',
  'user-agent' => 'Mozilla/5.0 (Windows NT 10.0; Win64; x64) AppleWebKit/537.36 (KHTML, like Gecko) Chrome/65.0.3400.0 Iron Safari/537.36',
  'upgrade-insecure-requests' => '1',
  'cache-control' => 'no-cache',
  'pragma' => 'no-cache',
  'connection' => 'keep-alive',
  'host' => 'layblog.blog',
  'content-type' => '',
  'content-length' => '',
)
[ info ] [ PARAM ] array (
)
[ info ] [ VIEW ] /home/wwwroot/layblog.blog/./template/admin/index/index.html [ array (
  0 => 'title',
) ]
---------------------------------------------------------------
[ 2018-09-09T23:20:48+08:00 ] 192.168.3.137 GET layblog.blog/index.php/static/admin/js/main.js
[运行时间：0.021686s] [吞吐率：46.11req/s] [内存消耗：1,306.45kb] [文件加载：54]
[ info ] [ LANG ] /home/wwwroot/layblog.blog/thinkphp/lang/zh-cn.php
---------------------------------------------------------------
[ 2018-09-09T23:20:48+08:00 ] 192.168.3.137 GET layblog.blog/index.php/static/admin/layui/layui.js
[运行时间：0.019675s] [吞吐率：50.83req/s] [内存消耗：1,306.45kb] [文件加载：54]
[ info ] [ LANG ] /home/wwwroot/layblog.blog/thinkphp/lang/zh-cn.php
---------------------------------------------------------------
[ 2018-09-09T23:20:48+08:00 ] 192.168.3.137 GET layblog.blog/index.php/static/admin/js/common.js
[运行时间：0.021394s] [吞吐率：46.74req/s] [内存消耗：1,306.45kb] [文件加载：54]
[ info ] [ LANG ] /home/wwwroot/layblog.blog/thinkphp/lang/zh-cn.php
---------------------------------------------------------------
[ 2018-09-09T23:20:48+08:00 ] 192.168.3.137 GET layblog.blog/index.php/static/admin/css/admin.css
[运行时间：0.024339s] [吞吐率：41.09req/s] [内存消耗：1,306.45kb] [文件加载：54]
[ info ] [ LANG ] /home/wwwroot/layblog.blog/thinkphp/lang/zh-cn.php
---------------------------------------------------------------
[ 2018-09-09T23:20:48+08:00 ] 192.168.3.137 GET layblog.blog/index.php/static/admin/layui/layui.js
[运行时间：0.015105s] [吞吐率：66.20req/s] [内存消耗：1,306.45kb] [文件加载：54]
[ info ] [ LANG ] /home/wwwroot/layblog.blog/thinkphp/lang/zh-cn.php
---------------------------------------------------------------
[ 2018-09-09T23:20:48+08:00 ] 192.168.3.137 GET layblog.blog/index.php/admin/index/welcome.html
[运行时间：0.022444s] [吞吐率：44.56req/s] [内存消耗：1,751.78kb] [文件加载：67]
[ info ] [ LANG ] /home/wwwroot/layblog.blog/thinkphp/lang/zh-cn.php
[ info ] [ ROUTE ] array (
)
[ info ] [ HEADER ] array (
  'accept-language' => 'zh-CN,zh;q=0.9',
  'accept-encoding' => 'gzip, deflate',
  'referer' => 'http://layblog.blog/index.php/admin/index/index',
  'accept' => 'text/html,application/xhtml+xml,application/xml;q=0.9,image/webp,image/apng,*/*;q=0.8',
  'user-agent' => 'Mozilla/5.0 (Windows NT 10.0; Win64; x64) AppleWebKit/537.36 (KHTML, like Gecko) Chrome/65.0.3400.0 Iron Safari/537.36',
  'upgrade-insecure-requests' => '1',
  'cache-control' => 'no-cache',
  'pragma' => 'no-cache',
  'connection' => 'keep-alive',
  'host' => 'layblog.blog',
  'content-type' => '',
  'content-length' => '',
)
[ info ] [ PARAM ] array (
)
---------------------------------------------------------------
[ 2018-09-09T23:20:48+08:00 ] 192.168.3.137 GET layblog.blog/index.php/static/admin/js/common.js
[运行时间：0.017299s] [吞吐率：57.81req/s] [内存消耗：1,306.45kb] [文件加载：54]
[ info ] [ LANG ] /home/wwwroot/layblog.blog/thinkphp/lang/zh-cn.php
---------------------------------------------------------------
[ 2018-09-09T23:20:48+08:00 ] 192.168.3.137 GET layblog.blog/index.php/static/admin/js/main.js
[运行时间：0.016510s] [吞吐率：60.57req/s] [内存消耗：1,306.45kb] [文件加载：54]
[ info ] [ LANG ] /home/wwwroot/layblog.blog/thinkphp/lang/zh-cn.php
---------------------------------------------------------------
[ 2018-09-09T23:23:36+08:00 ] 192.168.3.137 GET layblog.blog/index.php/admin/index/index
[运行时间：0.021336s] [吞吐率：46.87req/s] [内存消耗：1,841.22kb] [文件加载：66]
[ info ] [ LANG ] /home/wwwroot/layblog.blog/thinkphp/lang/zh-cn.php
[ info ] [ ROUTE ] array (
)
[ info ] [ HEADER ] array (
  'accept-language' => 'zh-CN,zh;q=0.9',
  'accept-encoding' => 'gzip, deflate',
  'accept' => 'text/html,application/xhtml+xml,application/xml;q=0.9,image/webp,image/apng,*/*;q=0.8',
  'user-agent' => 'Mozilla/5.0 (Windows NT 10.0; Win64; x64) AppleWebKit/537.36 (KHTML, like Gecko) Chrome/65.0.3400.0 Iron Safari/537.36',
  'upgrade-insecure-requests' => '1',
  'cache-control' => 'no-cache',
  'pragma' => 'no-cache',
  'connection' => 'keep-alive',
  'host' => 'layblog.blog',
  'content-type' => '',
  'content-length' => '',
)
[ info ] [ PARAM ] array (
)
[ info ] [ VIEW ] /home/wwwroot/layblog.blog/./template/admin/index/index.html [ array (
  0 => 'title',
) ]
---------------------------------------------------------------
[ 2018-09-09T23:23:36+08:00 ] 192.168.3.137 GET layblog.blog/index.php/admin/index/welcome.html
[运行时间：0.025305s] [吞吐率：39.52req/s] [内存消耗：1,751.78kb] [文件加载：67]
[ info ] [ LANG ] /home/wwwroot/layblog.blog/thinkphp/lang/zh-cn.php
[ info ] [ ROUTE ] array (
)
[ info ] [ HEADER ] array (
  'accept-language' => 'zh-CN,zh;q=0.9',
  'accept-encoding' => 'gzip, deflate',
  'referer' => 'http://layblog.blog/index.php/admin/index/index',
  'accept' => 'text/html,application/xhtml+xml,application/xml;q=0.9,image/webp,image/apng,*/*;q=0.8',
  'user-agent' => 'Mozilla/5.0 (Windows NT 10.0; Win64; x64) AppleWebKit/537.36 (KHTML, like Gecko) Chrome/65.0.3400.0 Iron Safari/537.36',
  'upgrade-insecure-requests' => '1',
  'cache-control' => 'no-cache',
  'pragma' => 'no-cache',
  'connection' => 'keep-alive',
  'host' => 'layblog.blog',
  'content-type' => '',
  'content-length' => '',
)
[ info ] [ PARAM ] array (
)
---------------------------------------------------------------
[ 2018-09-09T23:23:51+08:00 ] 192.168.3.137 GET layblog.blog/index.php/admin/index/index
[运行时间：0.025391s] [吞吐率：39.38req/s] [内存消耗：1,840.34kb] [文件加载：66]
[ info ] [ LANG ] /home/wwwroot/layblog.blog/thinkphp/lang/zh-cn.php
[ info ] [ ROUTE ] array (
)
[ info ] [ HEADER ] array (
  'accept-language' => 'zh-CN,zh;q=0.9',
  'accept-encoding' => 'gzip, deflate',
  'accept' => 'text/html,application/xhtml+xml,application/xml;q=0.9,image/webp,image/apng,*/*;q=0.8',
  'user-agent' => 'Mozilla/5.0 (Windows NT 10.0; Win64; x64) AppleWebKit/537.36 (KHTML, like Gecko) Chrome/65.0.3400.0 Iron Safari/537.36',
  'upgrade-insecure-requests' => '1',
  'cache-control' => 'no-cache',
  'pragma' => 'no-cache',
  'connection' => 'keep-alive',
  'host' => 'layblog.blog',
  'content-type' => '',
  'content-length' => '',
)
[ info ] [ PARAM ] array (
)
[ info ] [ VIEW ] /home/wwwroot/layblog.blog/./template/admin/index/index.html [ array (
  0 => 'title',
) ]
---------------------------------------------------------------
[ 2018-09-09T23:26:10+08:00 ] 192.168.3.137 GET layblog.blog/index.php/admin/index/index
[运行时间：0.020154s] [吞吐率：49.62req/s] [内存消耗：1,840.47kb] [文件加载：66]
[ info ] [ LANG ] /home/wwwroot/layblog.blog/thinkphp/lang/zh-cn.php
[ info ] [ ROUTE ] array (
)
[ info ] [ HEADER ] array (
  'accept-language' => 'zh-CN,zh;q=0.9',
  'accept-encoding' => 'gzip, deflate',
  'accept' => 'text/html,application/xhtml+xml,application/xml;q=0.9,image/webp,image/apng,*/*;q=0.8',
  'user-agent' => 'Mozilla/5.0 (Windows NT 10.0; Win64; x64) AppleWebKit/537.36 (KHTML, like Gecko) Chrome/65.0.3400.0 Iron Safari/537.36',
  'upgrade-insecure-requests' => '1',
  'cache-control' => 'no-cache',
  'pragma' => 'no-cache',
  'connection' => 'keep-alive',
  'host' => 'layblog.blog',
  'content-type' => '',
  'content-length' => '',
)
[ info ] [ PARAM ] array (
)
[ info ] [ VIEW ] /home/wwwroot/layblog.blog/./template/admin/index/index.html [ array (
  0 => 'title',
) ]
---------------------------------------------------------------
[ 2018-09-09T23:26:10+08:00 ] 192.168.3.137 GET layblog.blog/index.php/static/admin/js/module/dialog.js
[运行时间：0.016079s] [吞吐率：62.19req/s] [内存消耗：1,306.84kb] [文件加载：54]
[ info ] [ LANG ] /home/wwwroot/layblog.blog/thinkphp/lang/zh-cn.php
---------------------------------------------------------------
[ 2018-09-09T23:26:11+08:00 ] 192.168.3.137 GET layblog.blog/index.php/admin/index/index
[运行时间：0.024802s] [吞吐率：40.32req/s] [内存消耗：1,840.47kb] [文件加载：66]
[ info ] [ LANG ] /home/wwwroot/layblog.blog/thinkphp/lang/zh-cn.php
[ info ] [ ROUTE ] array (
)
[ info ] [ HEADER ] array (
  'accept-language' => 'zh-CN,zh;q=0.9',
  'accept-encoding' => 'gzip, deflate',
  'accept' => 'text/html,application/xhtml+xml,application/xml;q=0.9,image/webp,image/apng,*/*;q=0.8',
  'user-agent' => 'Mozilla/5.0 (Windows NT 10.0; Win64; x64) AppleWebKit/537.36 (KHTML, like Gecko) Chrome/65.0.3400.0 Iron Safari/537.36',
  'upgrade-insecure-requests' => '1',
  'cache-control' => 'no-cache',
  'pragma' => 'no-cache',
  'connection' => 'keep-alive',
  'host' => 'layblog.blog',
  'content-type' => '',
  'content-length' => '',
)
[ info ] [ PARAM ] array (
)
[ info ] [ VIEW ] /home/wwwroot/layblog.blog/./template/admin/index/index.html [ array (
  0 => 'title',
) ]
---------------------------------------------------------------
[ 2018-09-09T23:26:11+08:00 ] 192.168.3.137 GET layblog.blog/index.php/static/admin/js/module/dialog.js
[运行时间：0.016572s] [吞吐率：60.34req/s] [内存消耗：1,306.84kb] [文件加载：54]
[ info ] [ LANG ] /home/wwwroot/layblog.blog/thinkphp/lang/zh-cn.php
---------------------------------------------------------------
[ 2018-09-09T23:26:59+08:00 ] 192.168.3.137 GET layblog.blog/index.php/admin/index/index
[运行时间：0.029232s] [吞吐率：34.21req/s] [内存消耗：1,845.27kb] [文件加载：66]
[ info ] [ LANG ] /home/wwwroot/layblog.blog/thinkphp/lang/zh-cn.php
[ info ] [ ROUTE ] array (
)
[ info ] [ HEADER ] array (
  'accept-language' => 'zh-CN,zh;q=0.9',
  'accept-encoding' => 'gzip, deflate',
  'accept' => 'text/html,application/xhtml+xml,application/xml;q=0.9,image/webp,image/apng,*/*;q=0.8',
  'user-agent' => 'Mozilla/5.0 (Windows NT 10.0; Win64; x64) AppleWebKit/537.36 (KHTML, like Gecko) Chrome/65.0.3400.0 Iron Safari/537.36',
  'upgrade-insecure-requests' => '1',
  'cache-control' => 'no-cache',
  'pragma' => 'no-cache',
  'connection' => 'keep-alive',
  'host' => 'layblog.blog',
  'content-type' => '',
  'content-length' => '',
)
[ info ] [ PARAM ] array (
)
[ info ] [ VIEW ] /home/wwwroot/layblog.blog/./template/admin/index/index.html [ array (
  0 => 'title',
) ]
---------------------------------------------------------------
[ 2018-09-09T23:26:59+08:00 ] 192.168.3.137 GET layblog.blog/index.php/admin/index/welcome.html
[运行时间：0.021234s] [吞吐率：47.09req/s] [内存消耗：1,751.78kb] [文件加载：67]
[ info ] [ LANG ] /home/wwwroot/layblog.blog/thinkphp/lang/zh-cn.php
[ info ] [ ROUTE ] array (
)
[ info ] [ HEADER ] array (
  'accept-language' => 'zh-CN,zh;q=0.9',
  'accept-encoding' => 'gzip, deflate',
  'referer' => 'http://layblog.blog/index.php/admin/index/index',
  'accept' => 'text/html,application/xhtml+xml,application/xml;q=0.9,image/webp,image/apng,*/*;q=0.8',
  'user-agent' => 'Mozilla/5.0 (Windows NT 10.0; Win64; x64) AppleWebKit/537.36 (KHTML, like Gecko) Chrome/65.0.3400.0 Iron Safari/537.36',
  'upgrade-insecure-requests' => '1',
  'cache-control' => 'no-cache',
  'pragma' => 'no-cache',
  'connection' => 'keep-alive',
  'host' => 'layblog.blog',
  'content-type' => '',
  'content-length' => '',
)
[ info ] [ PARAM ] array (
)
---------------------------------------------------------------
[ 2018-09-09T23:27:02+08:00 ] 192.168.3.137 GET layblog.blog/index.php/admin/admin/index
[运行时间：0.019649s] [吞吐率：50.89req/s] [内存消耗：1,715.29kb] [文件加载：65]
[ info ] [ LANG ] /home/wwwroot/layblog.blog/thinkphp/lang/zh-cn.php
[ info ] [ ROUTE ] array (
)
[ info ] [ HEADER ] array (
  'accept-language' => 'zh-CN,zh;q=0.9',
  'accept-encoding' => 'gzip, deflate',
  'accept' => 'text/html,application/xhtml+xml,application/xml;q=0.9,image/webp,image/apng,*/*;q=0.8',
  'user-agent' => 'Mozilla/5.0 (Windows NT 10.0; Win64; x64) AppleWebKit/537.36 (KHTML, like Gecko) Chrome/65.0.3400.0 Iron Safari/537.36',
  'upgrade-insecure-requests' => '1',
  'cache-control' => 'no-cache',
  'pragma' => 'no-cache',
  'connection' => 'keep-alive',
  'host' => 'layblog.blog',
  'content-type' => '',
  'content-length' => '',
)
[ info ] [ PARAM ] array (
)
---------------------------------------------------------------
[ 2018-09-09T23:28:36+08:00 ] 192.168.3.137 GET layblog.blog/index.php/admin/admin/index
[运行时间：0.024617s] [吞吐率：40.62req/s] [内存消耗：1,715.29kb] [文件加载：65]
[ info ] [ LANG ] /home/wwwroot/layblog.blog/thinkphp/lang/zh-cn.php
[ info ] [ ROUTE ] array (
)
[ info ] [ HEADER ] array (
  'accept-language' => 'zh-CN,zh;q=0.9',
  'accept-encoding' => 'gzip, deflate',
  'accept' => 'text/html,application/xhtml+xml,application/xml;q=0.9,image/webp,image/apng,*/*;q=0.8',
  'user-agent' => 'Mozilla/5.0 (Windows NT 10.0; Win64; x64) AppleWebKit/537.36 (KHTML, like Gecko) Chrome/65.0.3400.0 Iron Safari/537.36',
  'upgrade-insecure-requests' => '1',
  'cache-control' => 'no-cache',
  'pragma' => 'no-cache',
  'connection' => 'keep-alive',
  'host' => 'layblog.blog',
  'content-type' => '',
  'content-length' => '',
)
[ info ] [ PARAM ] array (
)
---------------------------------------------------------------
[ 2018-09-09T23:28:36+08:00 ] 192.168.3.137 GET layblog.blog/index.php/admin/admin/index
[运行时间：0.019812s] [吞吐率：50.47req/s] [内存消耗：1,715.29kb] [文件加载：65]
[ info ] [ LANG ] /home/wwwroot/layblog.blog/thinkphp/lang/zh-cn.php
[ info ] [ ROUTE ] array (
)
[ info ] [ HEADER ] array (
  'accept-language' => 'zh-CN,zh;q=0.9',
  'accept-encoding' => 'gzip, deflate',
  'accept' => 'text/html,application/xhtml+xml,application/xml;q=0.9,image/webp,image/apng,*/*;q=0.8',
  'user-agent' => 'Mozilla/5.0 (Windows NT 10.0; Win64; x64) AppleWebKit/537.36 (KHTML, like Gecko) Chrome/65.0.3400.0 Iron Safari/537.36',
  'upgrade-insecure-requests' => '1',
  'cache-control' => 'no-cache',
  'pragma' => 'no-cache',
  'connection' => 'keep-alive',
  'host' => 'layblog.blog',
  'content-type' => '',
  'content-length' => '',
)
[ info ] [ PARAM ] array (
)
---------------------------------------------------------------
[ 2018-09-09T23:28:37+08:00 ] 192.168.3.137 GET layblog.blog/index.php/admin/admin/index
[运行时间：0.019520s] [吞吐率：51.23req/s] [内存消耗：1,715.29kb] [文件加载：65]
[ info ] [ LANG ] /home/wwwroot/layblog.blog/thinkphp/lang/zh-cn.php
[ info ] [ ROUTE ] array (
)
[ info ] [ HEADER ] array (
  'accept-language' => 'zh-CN,zh;q=0.9',
  'accept-encoding' => 'gzip, deflate',
  'accept' => 'text/html,application/xhtml+xml,application/xml;q=0.9,image/webp,image/apng,*/*;q=0.8',
  'user-agent' => 'Mozilla/5.0 (Windows NT 10.0; Win64; x64) AppleWebKit/537.36 (KHTML, like Gecko) Chrome/65.0.3400.0 Iron Safari/537.36',
  'upgrade-insecure-requests' => '1',
  'cache-control' => 'no-cache',
  'pragma' => 'no-cache',
  'connection' => 'keep-alive',
  'host' => 'layblog.blog',
  'content-type' => '',
  'content-length' => '',
)
[ info ] [ PARAM ] array (
)
---------------------------------------------------------------
[ 2018-09-09T23:28:38+08:00 ] 192.168.3.137 GET layblog.blog/index.php/admin/admin/index
[运行时间：0.018790s] [吞吐率：53.22req/s] [内存消耗：1,715.29kb] [文件加载：65]
[ info ] [ LANG ] /home/wwwroot/layblog.blog/thinkphp/lang/zh-cn.php
[ info ] [ ROUTE ] array (
)
[ info ] [ HEADER ] array (
  'accept-language' => 'zh-CN,zh;q=0.9',
  'accept-encoding' => 'gzip, deflate',
  'accept' => 'text/html,application/xhtml+xml,application/xml;q=0.9,image/webp,image/apng,*/*;q=0.8',
  'user-agent' => 'Mozilla/5.0 (Windows NT 10.0; Win64; x64) AppleWebKit/537.36 (KHTML, like Gecko) Chrome/65.0.3400.0 Iron Safari/537.36',
  'upgrade-insecure-requests' => '1',
  'cache-control' => 'no-cache',
  'pragma' => 'no-cache',
  'connection' => 'keep-alive',
  'host' => 'layblog.blog',
  'content-type' => '',
  'content-length' => '',
)
[ info ] [ PARAM ] array (
)
---------------------------------------------------------------
[ 2018-09-09T23:28:41+08:00 ] 192.168.3.137 GET layblog.blog/index.php/admin/index/index
[运行时间：0.020611s] [吞吐率：48.52req/s] [内存消耗：1,841.22kb] [文件加载：66]
[ info ] [ LANG ] /home/wwwroot/layblog.blog/thinkphp/lang/zh-cn.php
[ info ] [ ROUTE ] array (
)
[ info ] [ HEADER ] array (
  'accept-language' => 'zh-CN,zh;q=0.9',
  'accept-encoding' => 'gzip, deflate',
  'accept' => 'text/html,application/xhtml+xml,application/xml;q=0.9,image/webp,image/apng,*/*;q=0.8',
  'user-agent' => 'Mozilla/5.0 (Windows NT 10.0; Win64; x64) AppleWebKit/537.36 (KHTML, like Gecko) Chrome/65.0.3400.0 Iron Safari/537.36',
  'upgrade-insecure-requests' => '1',
  'cache-control' => 'no-cache',
  'pragma' => 'no-cache',
  'connection' => 'keep-alive',
  'host' => 'layblog.blog',
  'content-type' => '',
  'content-length' => '',
)
[ info ] [ PARAM ] array (
)
[ info ] [ VIEW ] /home/wwwroot/layblog.blog/./template/admin/index/index.html [ array (
  0 => 'title',
) ]
---------------------------------------------------------------
[ 2018-09-09T23:28:41+08:00 ] 192.168.3.137 GET layblog.blog/index.php/admin/index/welcome.html
[运行时间：0.026279s] [吞吐率：38.05req/s] [内存消耗：1,751.78kb] [文件加载：67]
[ info ] [ LANG ] /home/wwwroot/layblog.blog/thinkphp/lang/zh-cn.php
[ info ] [ ROUTE ] array (
)
[ info ] [ HEADER ] array (
  'accept-language' => 'zh-CN,zh;q=0.9',
  'accept-encoding' => 'gzip, deflate',
  'referer' => 'http://layblog.blog/index.php/admin/index/index',
  'accept' => 'text/html,application/xhtml+xml,application/xml;q=0.9,image/webp,image/apng,*/*;q=0.8',
  'user-agent' => 'Mozilla/5.0 (Windows NT 10.0; Win64; x64) AppleWebKit/537.36 (KHTML, like Gecko) Chrome/65.0.3400.0 Iron Safari/537.36',
  'upgrade-insecure-requests' => '1',
  'cache-control' => 'no-cache',
  'pragma' => 'no-cache',
  'connection' => 'keep-alive',
  'host' => 'layblog.blog',
  'content-type' => '',
  'content-length' => '',
)
[ info ] [ PARAM ] array (
)
---------------------------------------------------------------
[ 2018-09-09T23:28:43+08:00 ] 192.168.3.137 GET layblog.blog/index.php/admin/index/index
[运行时间：0.021045s] [吞吐率：47.52req/s] [内存消耗：1,841.22kb] [文件加载：66]
[ info ] [ LANG ] /home/wwwroot/layblog.blog/thinkphp/lang/zh-cn.php
[ info ] [ ROUTE ] array (
)
[ info ] [ HEADER ] array (
  'accept-language' => 'zh-CN,zh;q=0.9',
  'accept-encoding' => 'gzip, deflate',
  'accept' => 'text/html,application/xhtml+xml,application/xml;q=0.9,image/webp,image/apng,*/*;q=0.8',
  'user-agent' => 'Mozilla/5.0 (Windows NT 10.0; Win64; x64) AppleWebKit/537.36 (KHTML, like Gecko) Chrome/65.0.3400.0 Iron Safari/537.36',
  'upgrade-insecure-requests' => '1',
  'cache-control' => 'no-cache',
  'pragma' => 'no-cache',
  'connection' => 'keep-alive',
  'host' => 'layblog.blog',
  'content-type' => '',
  'content-length' => '',
)
[ info ] [ PARAM ] array (
)
[ info ] [ VIEW ] /home/wwwroot/layblog.blog/./template/admin/index/index.html [ array (
  0 => 'title',
) ]
---------------------------------------------------------------
[ 2018-09-09T23:28:43+08:00 ] 192.168.3.137 GET layblog.blog/index.php/admin/index/welcome.html
[运行时间：0.023033s] [吞吐率：43.42req/s] [内存消耗：1,751.78kb] [文件加载：67]
[ info ] [ LANG ] /home/wwwroot/layblog.blog/thinkphp/lang/zh-cn.php
[ info ] [ ROUTE ] array (
)
[ info ] [ HEADER ] array (
  'accept-language' => 'zh-CN,zh;q=0.9',
  'accept-encoding' => 'gzip, deflate',
  'referer' => 'http://layblog.blog/index.php/admin/index/index',
  'accept' => 'text/html,application/xhtml+xml,application/xml;q=0.9,image/webp,image/apng,*/*;q=0.8',
  'user-agent' => 'Mozilla/5.0 (Windows NT 10.0; Win64; x64) AppleWebKit/537.36 (KHTML, like Gecko) Chrome/65.0.3400.0 Iron Safari/537.36',
  'upgrade-insecure-requests' => '1',
  'cache-control' => 'no-cache',
  'pragma' => 'no-cache',
  'connection' => 'keep-alive',
  'host' => 'layblog.blog',
  'content-type' => '',
  'content-length' => '',
)
[ info ] [ PARAM ] array (
)
---------------------------------------------------------------
[ 2018-09-09T23:30:17+08:00 ] 192.168.3.137 GET layblog.blog/index.php/admin/index/index
[运行时间：0.020645s] [吞吐率：48.44req/s] [内存消耗：1,841.22kb] [文件加载：66]
[ info ] [ LANG ] /home/wwwroot/layblog.blog/thinkphp/lang/zh-cn.php
[ info ] [ ROUTE ] array (
)
[ info ] [ HEADER ] array (
  'accept-language' => 'zh-CN,zh;q=0.9',
  'accept-encoding' => 'gzip, deflate',
  'accept' => 'text/html,application/xhtml+xml,application/xml;q=0.9,image/webp,image/apng,*/*;q=0.8',
  'user-agent' => 'Mozilla/5.0 (Windows NT 10.0; Win64; x64) AppleWebKit/537.36 (KHTML, like Gecko) Chrome/65.0.3400.0 Iron Safari/537.36',
  'upgrade-insecure-requests' => '1',
  'cache-control' => 'no-cache',
  'pragma' => 'no-cache',
  'connection' => 'keep-alive',
  'host' => 'layblog.blog',
  'content-type' => '',
  'content-length' => '',
)
[ info ] [ PARAM ] array (
)
[ info ] [ VIEW ] /home/wwwroot/layblog.blog/./template/admin/index/index.html [ array (
  0 => 'title',
) ]
---------------------------------------------------------------
[ 2018-09-09T23:30:17+08:00 ] 192.168.3.137 GET layblog.blog/index.php/admin/index/welcome.html
[运行时间：0.024106s] [吞吐率：41.48req/s] [内存消耗：1,751.78kb] [文件加载：67]
[ info ] [ LANG ] /home/wwwroot/layblog.blog/thinkphp/lang/zh-cn.php
[ info ] [ ROUTE ] array (
)
[ info ] [ HEADER ] array (
  'accept-language' => 'zh-CN,zh;q=0.9',
  'accept-encoding' => 'gzip, deflate',
  'referer' => 'http://layblog.blog/index.php/admin/index/index',
  'accept' => 'text/html,application/xhtml+xml,application/xml;q=0.9,image/webp,image/apng,*/*;q=0.8',
  'user-agent' => 'Mozilla/5.0 (Windows NT 10.0; Win64; x64) AppleWebKit/537.36 (KHTML, like Gecko) Chrome/65.0.3400.0 Iron Safari/537.36',
  'upgrade-insecure-requests' => '1',
  'cache-control' => 'no-cache',
  'pragma' => 'no-cache',
  'connection' => 'keep-alive',
  'host' => 'layblog.blog',
  'content-type' => '',
  'content-length' => '',
)
[ info ] [ PARAM ] array (
)
---------------------------------------------------------------
[ 2018-09-09T23:31:19+08:00 ] 192.168.3.137 GET layblog.blog/index.php/admin/index/index
[运行时间：0.022222s] [吞吐率：45.00req/s] [内存消耗：1,842.05kb] [文件加载：66]
[ info ] [ LANG ] /home/wwwroot/layblog.blog/thinkphp/lang/zh-cn.php
[ info ] [ ROUTE ] array (
)
[ info ] [ HEADER ] array (
  'accept-language' => 'zh-CN,zh;q=0.9',
  'accept-encoding' => 'gzip, deflate',
  'accept' => 'text/html,application/xhtml+xml,application/xml;q=0.9,image/webp,image/apng,*/*;q=0.8',
  'user-agent' => 'Mozilla/5.0 (Windows NT 10.0; Win64; x64) AppleWebKit/537.36 (KHTML, like Gecko) Chrome/65.0.3400.0 Iron Safari/537.36',
  'upgrade-insecure-requests' => '1',
  'cache-control' => 'no-cache',
  'pragma' => 'no-cache',
  'connection' => 'keep-alive',
  'host' => 'layblog.blog',
  'content-type' => '',
  'content-length' => '',
)
[ info ] [ PARAM ] array (
)
[ info ] [ VIEW ] /home/wwwroot/layblog.blog/./template/admin/index/index.html [ array (
  0 => 'title',
) ]
---------------------------------------------------------------
[ 2018-09-09T23:31:19+08:00 ] 192.168.3.137 GET layblog.blog/index.php/admin/index/welcome.html
[运行时间：0.024803s] [吞吐率：40.32req/s] [内存消耗：1,913.54kb] [文件加载：66]
[ info ] [ LANG ] /home/wwwroot/layblog.blog/thinkphp/lang/zh-cn.php
[ info ] [ ROUTE ] array (
)
[ info ] [ HEADER ] array (
  'accept-language' => 'zh-CN,zh;q=0.9',
  'accept-encoding' => 'gzip, deflate',
  'referer' => 'http://layblog.blog/index.php/admin/index/index',
  'accept' => 'text/html,application/xhtml+xml,application/xml;q=0.9,image/webp,image/apng,*/*;q=0.8',
  'user-agent' => 'Mozilla/5.0 (Windows NT 10.0; Win64; x64) AppleWebKit/537.36 (KHTML, like Gecko) Chrome/65.0.3400.0 Iron Safari/537.36',
  'upgrade-insecure-requests' => '1',
  'cache-control' => 'no-cache',
  'pragma' => 'no-cache',
  'connection' => 'keep-alive',
  'host' => 'layblog.blog',
  'content-type' => '',
  'content-length' => '',
)
[ info ] [ PARAM ] array (
)
[ info ] [ VIEW ] /home/wwwroot/layblog.blog/./template/admin/index/welcome.html [ array (
) ]
---------------------------------------------------------------
[ 2018-09-09T23:31:20+08:00 ] 192.168.3.137 GET layblog.blog/index.php/static/admin/css/admin.css
[运行时间：0.018089s] [吞吐率：55.28req/s] [内存消耗：1,306.45kb] [文件加载：54]
[ info ] [ LANG ] /home/wwwroot/layblog.blog/thinkphp/lang/zh-cn.php
---------------------------------------------------------------
[ 2018-09-09T23:31:20+08:00 ] 192.168.3.137 GET layblog.blog/index.php/static/admin/layui/css/layui.css
[运行时间：0.021776s] [吞吐率：45.92req/s] [内存消耗：1,306.84kb] [文件加载：54]
[ info ] [ LANG ] /home/wwwroot/layblog.blog/thinkphp/lang/zh-cn.php
---------------------------------------------------------------
[ 2018-09-09T23:31:20+08:00 ] 192.168.3.137 GET layblog.blog/index.php/static/admin/layui/layui.js
[运行时间：0.021329s] [吞吐率：46.88req/s] [内存消耗：1,306.45kb] [文件加载：54]
[ info ] [ LANG ] /home/wwwroot/layblog.blog/thinkphp/lang/zh-cn.php
---------------------------------------------------------------
[ 2018-09-09T23:31:20+08:00 ] 192.168.3.137 GET layblog.blog/index.php/static/admin/lib/echarts/echarts.js
[运行时间：0.021901s] [吞吐率：45.66req/s] [内存消耗：1,306.84kb] [文件加载：54]
[ info ] [ LANG ] /home/wwwroot/layblog.blog/thinkphp/lang/zh-cn.php
---------------------------------------------------------------
[ 2018-09-09T23:31:20+08:00 ] 192.168.3.137 GET layblog.blog/index.php/static/admin/layui/layui.js
[运行时间：0.016686s] [吞吐率：59.93req/s] [内存消耗：1,306.45kb] [文件加载：54]
[ info ] [ LANG ] /home/wwwroot/layblog.blog/thinkphp/lang/zh-cn.php
---------------------------------------------------------------
[ 2018-09-09T23:31:20+08:00 ] 192.168.3.137 GET layblog.blog/index.php/static/admin/lib/echarts/echarts.js
[运行时间：0.016173s] [吞吐率：61.83req/s] [内存消耗：1,306.84kb] [文件加载：54]
[ info ] [ LANG ] /home/wwwroot/layblog.blog/thinkphp/lang/zh-cn.php
---------------------------------------------------------------
[ 2018-09-09T23:31:20+08:00 ] 192.168.3.137 GET layblog.blog/index.php/static/admin/layui/css/layui.css
[运行时间：0.015363s] [吞吐率：65.09req/s] [内存消耗：1,306.84kb] [文件加载：54]
[ info ] [ LANG ] /home/wwwroot/layblog.blog/thinkphp/lang/zh-cn.php
---------------------------------------------------------------
[ 2018-09-09T23:31:20+08:00 ] 192.168.3.137 GET layblog.blog/index.php/static/admin/css/admin.css
[运行时间：0.015377s] [吞吐率：65.03req/s] [内存消耗：1,306.45kb] [文件加载：54]
[ info ] [ LANG ] /home/wwwroot/layblog.blog/thinkphp/lang/zh-cn.php
---------------------------------------------------------------
[ 2018-09-09T23:31:20+08:00 ] 192.168.3.137 GET layblog.blog/index.php/static/admin/layui/layui.js
[运行时间：0.016958s] [吞吐率：58.97req/s] [内存消耗：1,306.45kb] [文件加载：54]
[ info ] [ LANG ] /home/wwwroot/layblog.blog/thinkphp/lang/zh-cn.php
---------------------------------------------------------------
[ 2018-09-09T23:31:20+08:00 ] 192.168.3.137 GET layblog.blog/index.php/static/admin/lib/echarts/echarts.js
[运行时间：0.014398s] [吞吐率：69.45req/s] [内存消耗：1,306.84kb] [文件加载：54]
[ info ] [ LANG ] /home/wwwroot/layblog.blog/thinkphp/lang/zh-cn.php
---------------------------------------------------------------
[ 2018-09-09T23:33:16+08:00 ] 192.168.3.137 GET layblog.blog/index.php/admin/index/index
[运行时间：0.021566s] [吞吐率：46.37req/s] [内存消耗：1,842.05kb] [文件加载：66]
[ info ] [ LANG ] /home/wwwroot/layblog.blog/thinkphp/lang/zh-cn.php
[ info ] [ ROUTE ] array (
)
[ info ] [ HEADER ] array (
  'accept-language' => 'zh-CN,zh;q=0.9',
  'accept-encoding' => 'gzip, deflate',
  'accept' => 'text/html,application/xhtml+xml,application/xml;q=0.9,image/webp,image/apng,*/*;q=0.8',
  'user-agent' => 'Mozilla/5.0 (Windows NT 10.0; Win64; x64) AppleWebKit/537.36 (KHTML, like Gecko) Chrome/65.0.3400.0 Iron Safari/537.36',
  'upgrade-insecure-requests' => '1',
  'cache-control' => 'no-cache',
  'pragma' => 'no-cache',
  'connection' => 'keep-alive',
  'host' => 'layblog.blog',
  'content-type' => '',
  'content-length' => '',
)
[ info ] [ PARAM ] array (
)
[ info ] [ VIEW ] /home/wwwroot/layblog.blog/./template/admin/index/index.html [ array (
  0 => 'title',
) ]
---------------------------------------------------------------
[ 2018-09-09T23:33:16+08:00 ] 192.168.3.137 GET layblog.blog/index.php/admin/index/welcome.html
[运行时间：0.030084s] [吞吐率：33.24req/s] [内存消耗：1,913.54kb] [文件加载：66]
[ info ] [ LANG ] /home/wwwroot/layblog.blog/thinkphp/lang/zh-cn.php
[ info ] [ ROUTE ] array (
)
[ info ] [ HEADER ] array (
  'accept-language' => 'zh-CN,zh;q=0.9',
  'accept-encoding' => 'gzip, deflate',
  'referer' => 'http://layblog.blog/index.php/admin/index/index',
  'accept' => 'text/html,application/xhtml+xml,application/xml;q=0.9,image/webp,image/apng,*/*;q=0.8',
  'user-agent' => 'Mozilla/5.0 (Windows NT 10.0; Win64; x64) AppleWebKit/537.36 (KHTML, like Gecko) Chrome/65.0.3400.0 Iron Safari/537.36',
  'upgrade-insecure-requests' => '1',
  'cache-control' => 'no-cache',
  'pragma' => 'no-cache',
  'connection' => 'keep-alive',
  'host' => 'layblog.blog',
  'content-type' => '',
  'content-length' => '',
)
[ info ] [ PARAM ] array (
)
[ info ] [ VIEW ] /home/wwwroot/layblog.blog/./template/admin/index/welcome.html [ array (
) ]
