---------------------------------------------------------------
[ 2018-09-11T15:54:19+08:00 ] 192.168.3.137 GET layblog.blog/index.php/admin/index/index
[运行时间：0.024976s] [吞吐率：40.04req/s] [内存消耗：1,840.55kb] [文件加载：66]
[ info ] [ LANG ] /home/wwwroot/layblog.blog/thinkphp/lang/zh-cn.php
[ info ] [ ROUTE ] array (
)
[ info ] [ HEADER ] array (
  'accept-language' => 'zh-CN,zh;q=0.9',
  'accept-encoding' => 'gzip, deflate',
  'accept' => 'text/html,application/xhtml+xml,application/xml;q=0.9,image/webp,image/apng,*/*;q=0.8',
  'user-agent' => 'Mozilla/5.0 (Windows NT 10.0; Win64; x64) AppleWebKit/537.36 (KHTML, like Gecko) Chrome/65.0.3400.0 Iron Safari/537.36',
  'upgrade-insecure-requests' => '1',
  'cache-control' => 'no-cache',
  'pragma' => 'no-cache',
  'connection' => 'keep-alive',
  'host' => 'layblog.blog',
  'content-type' => '',
  'content-length' => '',
)
[ info ] [ PARAM ] array (
)
[ info ] [ VIEW ] /home/wwwroot/layblog.blog/./template/admin/index/index.html [ array (
) ]
---------------------------------------------------------------
[ 2018-09-11T15:54:20+08:00 ] 192.168.3.137 GET layblog.blog/index.php/admin/index/welcome.html
[运行时间：0.026911s] [吞吐率：37.16req/s] [内存消耗：1,890.68kb] [文件加载：66]
[ info ] [ LANG ] /home/wwwroot/layblog.blog/thinkphp/lang/zh-cn.php
[ info ] [ ROUTE ] array (
)
[ info ] [ HEADER ] array (
  'accept-language' => 'zh-CN,zh;q=0.9',
  'accept-encoding' => 'gzip, deflate',
  'referer' => 'http://layblog.blog/index.php/admin/index/index',
  'accept' => 'text/html,application/xhtml+xml,application/xml;q=0.9,image/webp,image/apng,*/*;q=0.8',
  'user-agent' => 'Mozilla/5.0 (Windows NT 10.0; Win64; x64) AppleWebKit/537.36 (KHTML, like Gecko) Chrome/65.0.3400.0 Iron Safari/537.36',
  'upgrade-insecure-requests' => '1',
  'cache-control' => 'no-cache',
  'pragma' => 'no-cache',
  'connection' => 'keep-alive',
  'host' => 'layblog.blog',
  'content-type' => '',
  'content-length' => '',
)
[ info ] [ PARAM ] array (
)
[ info ] [ VIEW ] /home/wwwroot/layblog.blog/./template/admin/index/welcome.html [ array (
) ]
---------------------------------------------------------------
[ 2018-09-11T15:54:20+08:00 ] 192.168.3.137 GET layblog.blog/index.php/admin/index/__ADMIN__/js/module/dialog.js
[运行时间：0.027174s] [吞吐率：36.80req/s] [内存消耗：1,752.59kb] [文件加载：67]
[ info ] [ LANG ] /home/wwwroot/layblog.blog/thinkphp/lang/zh-cn.php
[ info ] [ ROUTE ] array (
)
[ info ] [ HEADER ] array (
  'accept-language' => 'zh-CN,zh;q=0.9',
  'accept-encoding' => 'gzip, deflate',
  'referer' => 'http://layblog.blog/index.php/admin/index/index',
  'accept' => '*/*',
  'user-agent' => 'Mozilla/5.0 (Windows NT 10.0; Win64; x64) AppleWebKit/537.36 (KHTML, like Gecko) Chrome/65.0.3400.0 Iron Safari/537.36',
  'cache-control' => 'no-cache',
  'pragma' => 'no-cache',
  'connection' => 'keep-alive',
  'host' => 'layblog.blog',
  'content-type' => '',
  'content-length' => '',
)
[ info ] [ PARAM ] array (
  'js' => 'module',
)
---------------------------------------------------------------
[ 2018-09-11T16:17:26+08:00 ] 192.168.3.137 GET layblog.blog/index.php/admin/index/index
[运行时间：0.022870s] [吞吐率：43.73req/s] [内存消耗：1,840.56kb] [文件加载：66]
[ info ] [ LANG ] /home/wwwroot/layblog.blog/thinkphp/lang/zh-cn.php
[ info ] [ ROUTE ] array (
)
[ info ] [ HEADER ] array (
  'accept-language' => 'zh-CN,zh;q=0.9',
  'accept-encoding' => 'gzip, deflate',
  'accept' => 'text/html,application/xhtml+xml,application/xml;q=0.9,image/webp,image/apng,*/*;q=0.8',
  'user-agent' => 'Mozilla/5.0 (Windows NT 10.0; Win64; x64) AppleWebKit/537.36 (KHTML, like Gecko) Chrome/65.0.3400.0 Iron Safari/537.36',
  'upgrade-insecure-requests' => '1',
  'cache-control' => 'no-cache',
  'pragma' => 'no-cache',
  'connection' => 'keep-alive',
  'host' => 'layblog.blog',
  'content-type' => '',
  'content-length' => '',
)
[ info ] [ PARAM ] array (
)
[ info ] [ VIEW ] /home/wwwroot/layblog.blog/./template/admin/index/index.html [ array (
) ]
---------------------------------------------------------------
[ 2018-09-11T16:17:26+08:00 ] 192.168.3.137 GET layblog.blog/index.php/admin/index/welcome.html
[运行时间：0.025480s] [吞吐率：39.25req/s] [内存消耗：1,890.68kb] [文件加载：66]
[ info ] [ LANG ] /home/wwwroot/layblog.blog/thinkphp/lang/zh-cn.php
[ info ] [ ROUTE ] array (
)
[ info ] [ HEADER ] array (
  'accept-language' => 'zh-CN,zh;q=0.9',
  'accept-encoding' => 'gzip, deflate',
  'referer' => 'http://layblog.blog/index.php/admin/index/index',
  'accept' => 'text/html,application/xhtml+xml,application/xml;q=0.9,image/webp,image/apng,*/*;q=0.8',
  'user-agent' => 'Mozilla/5.0 (Windows NT 10.0; Win64; x64) AppleWebKit/537.36 (KHTML, like Gecko) Chrome/65.0.3400.0 Iron Safari/537.36',
  'upgrade-insecure-requests' => '1',
  'cache-control' => 'no-cache',
  'pragma' => 'no-cache',
  'connection' => 'keep-alive',
  'host' => 'layblog.blog',
  'content-type' => '',
  'content-length' => '',
)
[ info ] [ PARAM ] array (
)
[ info ] [ VIEW ] /home/wwwroot/layblog.blog/./template/admin/index/welcome.html [ array (
) ]
---------------------------------------------------------------
[ 2018-09-11T16:17:26+08:00 ] 192.168.3.137 GET layblog.blog/index.php/admin/index/__ADMIN__/js/module/dialog.js
[运行时间：0.028867s] [吞吐率：34.64req/s] [内存消耗：1,752.59kb] [文件加载：67]
[ info ] [ LANG ] /home/wwwroot/layblog.blog/thinkphp/lang/zh-cn.php
[ info ] [ ROUTE ] array (
)
[ info ] [ HEADER ] array (
  'accept-language' => 'zh-CN,zh;q=0.9',
  'accept-encoding' => 'gzip, deflate',
  'referer' => 'http://layblog.blog/index.php/admin/index/index',
  'accept' => '*/*',
  'user-agent' => 'Mozilla/5.0 (Windows NT 10.0; Win64; x64) AppleWebKit/537.36 (KHTML, like Gecko) Chrome/65.0.3400.0 Iron Safari/537.36',
  'cache-control' => 'no-cache',
  'pragma' => 'no-cache',
  'connection' => 'keep-alive',
  'host' => 'layblog.blog',
  'content-type' => '',
  'content-length' => '',
)
[ info ] [ PARAM ] array (
  'js' => 'module',
)
---------------------------------------------------------------
[ 2018-09-11T18:22:55+08:00 ] 192.168.3.137 GET layblog.blog/index.php/admin/index/index
[运行时间：0.024244s] [吞吐率：41.25req/s] [内存消耗：1,840.56kb] [文件加载：66]
[ info ] [ LANG ] /home/wwwroot/layblog.blog/thinkphp/lang/zh-cn.php
[ info ] [ ROUTE ] array (
)
[ info ] [ HEADER ] array (
  'accept-language' => 'zh-CN,zh;q=0.9',
  'accept-encoding' => 'gzip, deflate',
  'accept' => 'text/html,application/xhtml+xml,application/xml;q=0.9,image/webp,image/apng,*/*;q=0.8',
  'user-agent' => 'Mozilla/5.0 (Windows NT 10.0; Win64; x64) AppleWebKit/537.36 (KHTML, like Gecko) Chrome/65.0.3400.0 Iron Safari/537.36',
  'upgrade-insecure-requests' => '1',
  'cache-control' => 'no-cache',
  'pragma' => 'no-cache',
  'connection' => 'keep-alive',
  'host' => 'layblog.blog',
  'content-type' => '',
  'content-length' => '',
)
[ info ] [ PARAM ] array (
)
[ info ] [ VIEW ] /home/wwwroot/layblog.blog/./template/admin/index/index.html [ array (
) ]
---------------------------------------------------------------
[ 2018-09-11T18:22:55+08:00 ] 192.168.3.137 GET layblog.blog/index.php/admin/index/welcome.html
[运行时间：0.032436s] [吞吐率：30.83req/s] [内存消耗：1,890.68kb] [文件加载：66]
[ info ] [ LANG ] /home/wwwroot/layblog.blog/thinkphp/lang/zh-cn.php
[ info ] [ ROUTE ] array (
)
[ info ] [ HEADER ] array (
  'accept-language' => 'zh-CN,zh;q=0.9',
  'accept-encoding' => 'gzip, deflate',
  'referer' => 'http://layblog.blog/index.php/admin/index/index',
  'accept' => 'text/html,application/xhtml+xml,application/xml;q=0.9,image/webp,image/apng,*/*;q=0.8',
  'user-agent' => 'Mozilla/5.0 (Windows NT 10.0; Win64; x64) AppleWebKit/537.36 (KHTML, like Gecko) Chrome/65.0.3400.0 Iron Safari/537.36',
  'upgrade-insecure-requests' => '1',
  'cache-control' => 'no-cache',
  'pragma' => 'no-cache',
  'connection' => 'keep-alive',
  'host' => 'layblog.blog',
  'content-type' => '',
  'content-length' => '',
)
[ info ] [ PARAM ] array (
)
[ info ] [ VIEW ] /home/wwwroot/layblog.blog/./template/admin/index/welcome.html [ array (
) ]
---------------------------------------------------------------
[ 2018-09-11T18:22:55+08:00 ] 192.168.3.137 GET layblog.blog/index.php/admin/index/__ADMIN__/js/module/dialog.js
[运行时间：0.025907s] [吞吐率：38.60req/s] [内存消耗：1,752.59kb] [文件加载：67]
[ info ] [ LANG ] /home/wwwroot/layblog.blog/thinkphp/lang/zh-cn.php
[ info ] [ ROUTE ] array (
)
[ info ] [ HEADER ] array (
  'accept-language' => 'zh-CN,zh;q=0.9',
  'accept-encoding' => 'gzip, deflate',
  'referer' => 'http://layblog.blog/index.php/admin/index/index',
  'accept' => '*/*',
  'user-agent' => 'Mozilla/5.0 (Windows NT 10.0; Win64; x64) AppleWebKit/537.36 (KHTML, like Gecko) Chrome/65.0.3400.0 Iron Safari/537.36',
  'cache-control' => 'no-cache',
  'pragma' => 'no-cache',
  'connection' => 'keep-alive',
  'host' => 'layblog.blog',
  'content-type' => '',
  'content-length' => '',
)
[ info ] [ PARAM ] array (
  'js' => 'module',
)
---------------------------------------------------------------
[ 2018-09-11T22:17:26+08:00 ] 192.168.3.137 GET layblog.blog/index.php/admin/index/index
[运行时间：0.021387s] [吞吐率：46.76req/s] [内存消耗：1,840.56kb] [文件加载：66]
[ info ] [ LANG ] /home/wwwroot/layblog.blog/thinkphp/lang/zh-cn.php
[ info ] [ ROUTE ] array (
)
[ info ] [ HEADER ] array (
  'accept-language' => 'zh-CN,zh;q=0.9',
  'accept-encoding' => 'gzip, deflate',
  'accept' => 'text/html,application/xhtml+xml,application/xml;q=0.9,image/webp,image/apng,*/*;q=0.8',
  'user-agent' => 'Mozilla/5.0 (Windows NT 10.0; Win64; x64) AppleWebKit/537.36 (KHTML, like Gecko) Chrome/65.0.3400.0 Iron Safari/537.36',
  'upgrade-insecure-requests' => '1',
  'cache-control' => 'no-cache',
  'pragma' => 'no-cache',
  'connection' => 'keep-alive',
  'host' => 'layblog.blog',
  'content-type' => '',
  'content-length' => '',
)
[ info ] [ PARAM ] array (
)
[ info ] [ VIEW ] /home/wwwroot/layblog.blog/./template/admin/index/index.html [ array (
) ]
---------------------------------------------------------------
[ 2018-09-11T22:17:26+08:00 ] 192.168.3.137 GET layblog.blog/index.php/admin/index/welcome.html
[运行时间：0.026627s] [吞吐率：37.56req/s] [内存消耗：1,890.68kb] [文件加载：66]
[ info ] [ LANG ] /home/wwwroot/layblog.blog/thinkphp/lang/zh-cn.php
[ info ] [ ROUTE ] array (
)
[ info ] [ HEADER ] array (
  'accept-language' => 'zh-CN,zh;q=0.9',
  'accept-encoding' => 'gzip, deflate',
  'referer' => 'http://layblog.blog/index.php/admin/index/index',
  'accept' => 'text/html,application/xhtml+xml,application/xml;q=0.9,image/webp,image/apng,*/*;q=0.8',
  'user-agent' => 'Mozilla/5.0 (Windows NT 10.0; Win64; x64) AppleWebKit/537.36 (KHTML, like Gecko) Chrome/65.0.3400.0 Iron Safari/537.36',
  'upgrade-insecure-requests' => '1',
  'cache-control' => 'no-cache',
  'pragma' => 'no-cache',
  'connection' => 'keep-alive',
  'host' => 'layblog.blog',
  'content-type' => '',
  'content-length' => '',
)
[ info ] [ PARAM ] array (
)
[ info ] [ VIEW ] /home/wwwroot/layblog.blog/./template/admin/index/welcome.html [ array (
) ]
---------------------------------------------------------------
[ 2018-09-11T22:17:26+08:00 ] 192.168.3.137 GET layblog.blog/index.php/admin/index/__ADMIN__/js/module/dialog.js
[运行时间：0.025575s] [吞吐率：39.10req/s] [内存消耗：1,752.59kb] [文件加载：67]
[ info ] [ LANG ] /home/wwwroot/layblog.blog/thinkphp/lang/zh-cn.php
[ info ] [ ROUTE ] array (
)
[ info ] [ HEADER ] array (
  'accept-language' => 'zh-CN,zh;q=0.9',
  'accept-encoding' => 'gzip, deflate',
  'referer' => 'http://layblog.blog/index.php/admin/index/index',
  'accept' => '*/*',
  'user-agent' => 'Mozilla/5.0 (Windows NT 10.0; Win64; x64) AppleWebKit/537.36 (KHTML, like Gecko) Chrome/65.0.3400.0 Iron Safari/537.36',
  'cache-control' => 'no-cache',
  'pragma' => 'no-cache',
  'connection' => 'keep-alive',
  'host' => 'layblog.blog',
  'content-type' => '',
  'content-length' => '',
)
[ info ] [ PARAM ] array (
  'js' => 'module',
)
---------------------------------------------------------------
[ 2018-09-11T22:35:32+08:00 ] 192.168.3.137 GET layblog.blog/index.php/admin/index/index
[运行时间：0.021038s] [吞吐率：47.53req/s] [内存消耗：1,840.56kb] [文件加载：66]
[ info ] [ LANG ] /home/wwwroot/layblog.blog/thinkphp/lang/zh-cn.php
[ info ] [ ROUTE ] array (
)
[ info ] [ HEADER ] array (
  'accept-language' => 'zh-CN,zh;q=0.9',
  'accept-encoding' => 'gzip, deflate',
  'accept' => 'text/html,application/xhtml+xml,application/xml;q=0.9,image/webp,image/apng,*/*;q=0.8',
  'user-agent' => 'Mozilla/5.0 (Windows NT 10.0; Win64; x64) AppleWebKit/537.36 (KHTML, like Gecko) Chrome/65.0.3400.0 Iron Safari/537.36',
  'upgrade-insecure-requests' => '1',
  'cache-control' => 'no-cache',
  'pragma' => 'no-cache',
  'connection' => 'keep-alive',
  'host' => 'layblog.blog',
  'content-type' => '',
  'content-length' => '',
)
[ info ] [ PARAM ] array (
)
[ info ] [ VIEW ] /home/wwwroot/layblog.blog/./template/admin/index/index.html [ array (
) ]
---------------------------------------------------------------
[ 2018-09-11T22:35:32+08:00 ] 192.168.3.137 GET layblog.blog/index.php/admin/index/welcome.html
[运行时间：0.024662s] [吞吐率：40.55req/s] [内存消耗：1,890.68kb] [文件加载：66]
[ info ] [ LANG ] /home/wwwroot/layblog.blog/thinkphp/lang/zh-cn.php
[ info ] [ ROUTE ] array (
)
[ info ] [ HEADER ] array (
  'accept-language' => 'zh-CN,zh;q=0.9',
  'accept-encoding' => 'gzip, deflate',
  'referer' => 'http://layblog.blog/index.php/admin/index/index',
  'accept' => 'text/html,application/xhtml+xml,application/xml;q=0.9,image/webp,image/apng,*/*;q=0.8',
  'user-agent' => 'Mozilla/5.0 (Windows NT 10.0; Win64; x64) AppleWebKit/537.36 (KHTML, like Gecko) Chrome/65.0.3400.0 Iron Safari/537.36',
  'upgrade-insecure-requests' => '1',
  'cache-control' => 'no-cache',
  'pragma' => 'no-cache',
  'connection' => 'keep-alive',
  'host' => 'layblog.blog',
  'content-type' => '',
  'content-length' => '',
)
[ info ] [ PARAM ] array (
)
[ info ] [ VIEW ] /home/wwwroot/layblog.blog/./template/admin/index/welcome.html [ array (
) ]
---------------------------------------------------------------
[ 2018-09-11T22:35:33+08:00 ] 192.168.3.137 GET layblog.blog/index.php/admin/index/__ADMIN__/js/module/dialog.js
[运行时间：0.022848s] [吞吐率：43.77req/s] [内存消耗：1,752.59kb] [文件加载：67]
[ info ] [ LANG ] /home/wwwroot/layblog.blog/thinkphp/lang/zh-cn.php
[ info ] [ ROUTE ] array (
)
[ info ] [ HEADER ] array (
  'accept-language' => 'zh-CN,zh;q=0.9',
  'accept-encoding' => 'gzip, deflate',
  'referer' => 'http://layblog.blog/index.php/admin/index/index',
  'accept' => '*/*',
  'user-agent' => 'Mozilla/5.0 (Windows NT 10.0; Win64; x64) AppleWebKit/537.36 (KHTML, like Gecko) Chrome/65.0.3400.0 Iron Safari/537.36',
  'cache-control' => 'no-cache',
  'pragma' => 'no-cache',
  'connection' => 'keep-alive',
  'host' => 'layblog.blog',
  'content-type' => '',
  'content-length' => '',
)
[ info ] [ PARAM ] array (
  'js' => 'module',
)
---------------------------------------------------------------
[ 2018-09-11T22:36:07+08:00 ] 192.168.3.137 GET layblog.blog/index.php/admin/index/index
[运行时间：0.024745s] [吞吐率：40.41req/s] [内存消耗：1,840.56kb] [文件加载：66]
[ info ] [ LANG ] /home/wwwroot/layblog.blog/thinkphp/lang/zh-cn.php
[ info ] [ ROUTE ] array (
)
[ info ] [ HEADER ] array (
  'accept-language' => 'zh-CN,zh;q=0.9',
  'accept-encoding' => 'gzip, deflate',
  'accept' => 'text/html,application/xhtml+xml,application/xml;q=0.9,image/webp,image/apng,*/*;q=0.8',
  'user-agent' => 'Mozilla/5.0 (Windows NT 10.0; Win64; x64) AppleWebKit/537.36 (KHTML, like Gecko) Chrome/65.0.3400.0 Iron Safari/537.36',
  'upgrade-insecure-requests' => '1',
  'cache-control' => 'no-cache',
  'pragma' => 'no-cache',
  'connection' => 'keep-alive',
  'host' => 'layblog.blog',
  'content-type' => '',
  'content-length' => '',
)
[ info ] [ PARAM ] array (
)
[ info ] [ VIEW ] /home/wwwroot/layblog.blog/./template/admin/index/index.html [ array (
) ]
---------------------------------------------------------------
[ 2018-09-11T22:36:07+08:00 ] 192.168.3.137 GET layblog.blog/index.php/admin/index/welcome.html
[运行时间：0.024292s] [吞吐率：41.17req/s] [内存消耗：1,890.68kb] [文件加载：66]
[ info ] [ LANG ] /home/wwwroot/layblog.blog/thinkphp/lang/zh-cn.php
[ info ] [ ROUTE ] array (
)
[ info ] [ HEADER ] array (
  'accept-language' => 'zh-CN,zh;q=0.9',
  'accept-encoding' => 'gzip, deflate',
  'referer' => 'http://layblog.blog/index.php/admin/index/index',
  'accept' => 'text/html,application/xhtml+xml,application/xml;q=0.9,image/webp,image/apng,*/*;q=0.8',
  'user-agent' => 'Mozilla/5.0 (Windows NT 10.0; Win64; x64) AppleWebKit/537.36 (KHTML, like Gecko) Chrome/65.0.3400.0 Iron Safari/537.36',
  'upgrade-insecure-requests' => '1',
  'cache-control' => 'no-cache',
  'pragma' => 'no-cache',
  'connection' => 'keep-alive',
  'host' => 'layblog.blog',
  'content-type' => '',
  'content-length' => '',
)
[ info ] [ PARAM ] array (
)
[ info ] [ VIEW ] /home/wwwroot/layblog.blog/./template/admin/index/welcome.html [ array (
) ]
---------------------------------------------------------------
[ 2018-09-11T22:36:07+08:00 ] 192.168.3.137 GET layblog.blog/index.php/admin/index/__ADMIN__/js/module/dialog.js
[运行时间：0.020857s] [吞吐率：47.95req/s] [内存消耗：1,752.59kb] [文件加载：67]
[ info ] [ LANG ] /home/wwwroot/layblog.blog/thinkphp/lang/zh-cn.php
[ info ] [ ROUTE ] array (
)
[ info ] [ HEADER ] array (
  'accept-language' => 'zh-CN,zh;q=0.9',
  'accept-encoding' => 'gzip, deflate',
  'referer' => 'http://layblog.blog/index.php/admin/index/index',
  'accept' => '*/*',
  'user-agent' => 'Mozilla/5.0 (Windows NT 10.0; Win64; x64) AppleWebKit/537.36 (KHTML, like Gecko) Chrome/65.0.3400.0 Iron Safari/537.36',
  'cache-control' => 'no-cache',
  'pragma' => 'no-cache',
  'connection' => 'keep-alive',
  'host' => 'layblog.blog',
  'content-type' => '',
  'content-length' => '',
)
[ info ] [ PARAM ] array (
  'js' => 'module',
)
---------------------------------------------------------------
[ 2018-09-11T22:36:39+08:00 ] 192.168.3.137 GET layblog.blog/index.php/admin/index/index
[运行时间：0.021102s] [吞吐率：47.39req/s] [内存消耗：1,840.56kb] [文件加载：66]
[ info ] [ LANG ] /home/wwwroot/layblog.blog/thinkphp/lang/zh-cn.php
[ info ] [ ROUTE ] array (
)
[ info ] [ HEADER ] array (
  'accept-language' => 'zh-CN,zh;q=0.9',
  'accept-encoding' => 'gzip, deflate',
  'accept' => 'text/html,application/xhtml+xml,application/xml;q=0.9,image/webp,image/apng,*/*;q=0.8',
  'user-agent' => 'Mozilla/5.0 (Windows NT 10.0; Win64; x64) AppleWebKit/537.36 (KHTML, like Gecko) Chrome/65.0.3400.0 Iron Safari/537.36',
  'upgrade-insecure-requests' => '1',
  'cache-control' => 'no-cache',
  'pragma' => 'no-cache',
  'connection' => 'keep-alive',
  'host' => 'layblog.blog',
  'content-type' => '',
  'content-length' => '',
)
[ info ] [ PARAM ] array (
)
[ info ] [ VIEW ] /home/wwwroot/layblog.blog/./template/admin/index/index.html [ array (
) ]
---------------------------------------------------------------
[ 2018-09-11T22:36:39+08:00 ] 192.168.3.137 GET layblog.blog/index.php/admin/index/welcome.html
[运行时间：0.026945s] [吞吐率：37.11req/s] [内存消耗：1,886.68kb] [文件加载：66]
[ info ] [ LANG ] /home/wwwroot/layblog.blog/thinkphp/lang/zh-cn.php
[ info ] [ ROUTE ] array (
)
[ info ] [ HEADER ] array (
  'accept-language' => 'zh-CN,zh;q=0.9',
  'accept-encoding' => 'gzip, deflate',
  'referer' => 'http://layblog.blog/index.php/admin/index/index',
  'accept' => 'text/html,application/xhtml+xml,application/xml;q=0.9,image/webp,image/apng,*/*;q=0.8',
  'user-agent' => 'Mozilla/5.0 (Windows NT 10.0; Win64; x64) AppleWebKit/537.36 (KHTML, like Gecko) Chrome/65.0.3400.0 Iron Safari/537.36',
  'upgrade-insecure-requests' => '1',
  'cache-control' => 'no-cache',
  'pragma' => 'no-cache',
  'connection' => 'keep-alive',
  'host' => 'layblog.blog',
  'content-type' => '',
  'content-length' => '',
)
[ info ] [ PARAM ] array (
)
[ info ] [ VIEW ] /home/wwwroot/layblog.blog/./template/admin/index/welcome.html [ array (
) ]
---------------------------------------------------------------
[ 2018-09-11T22:36:39+08:00 ] 192.168.3.137 GET layblog.blog/index.php/admin/index/__ADMIN__/js/module/dialog.js
[运行时间：0.022516s] [吞吐率：44.41req/s] [内存消耗：1,752.59kb] [文件加载：67]
[ info ] [ LANG ] /home/wwwroot/layblog.blog/thinkphp/lang/zh-cn.php
[ info ] [ ROUTE ] array (
)
[ info ] [ HEADER ] array (
  'accept-language' => 'zh-CN,zh;q=0.9',
  'accept-encoding' => 'gzip, deflate',
  'referer' => 'http://layblog.blog/index.php/admin/index/index',
  'accept' => '*/*',
  'user-agent' => 'Mozilla/5.0 (Windows NT 10.0; Win64; x64) AppleWebKit/537.36 (KHTML, like Gecko) Chrome/65.0.3400.0 Iron Safari/537.36',
  'cache-control' => 'no-cache',
  'pragma' => 'no-cache',
  'connection' => 'keep-alive',
  'host' => 'layblog.blog',
  'content-type' => '',
  'content-length' => '',
)
[ info ] [ PARAM ] array (
  'js' => 'module',
)
---------------------------------------------------------------
[ 2018-09-11T22:41:06+08:00 ] 192.168.3.137 GET layblog.blog/index.php/admin/index/index
[运行时间：0.024489s] [吞吐率：40.83req/s] [内存消耗：1,840.56kb] [文件加载：66]
[ info ] [ LANG ] /home/wwwroot/layblog.blog/thinkphp/lang/zh-cn.php
[ info ] [ ROUTE ] array (
)
[ info ] [ HEADER ] array (
  'accept-language' => 'zh-CN,zh;q=0.9',
  'accept-encoding' => 'gzip, deflate',
  'accept' => 'text/html,application/xhtml+xml,application/xml;q=0.9,image/webp,image/apng,*/*;q=0.8',
  'user-agent' => 'Mozilla/5.0 (Windows NT 10.0; Win64; x64) AppleWebKit/537.36 (KHTML, like Gecko) Chrome/65.0.3400.0 Iron Safari/537.36',
  'upgrade-insecure-requests' => '1',
  'cache-control' => 'no-cache',
  'pragma' => 'no-cache',
  'connection' => 'keep-alive',
  'host' => 'layblog.blog',
  'content-type' => '',
  'content-length' => '',
)
[ info ] [ PARAM ] array (
)
[ info ] [ VIEW ] /home/wwwroot/layblog.blog/./template/admin/index/index.html [ array (
) ]
---------------------------------------------------------------
[ 2018-09-11T22:41:06+08:00 ] 192.168.3.137 GET layblog.blog/index.php/admin/index/welcome.html
[运行时间：0.027804s] [吞吐率：35.97req/s] [内存消耗：1,886.68kb] [文件加载：66]
[ info ] [ LANG ] /home/wwwroot/layblog.blog/thinkphp/lang/zh-cn.php
[ info ] [ ROUTE ] array (
)
[ info ] [ HEADER ] array (
  'accept-language' => 'zh-CN,zh;q=0.9',
  'accept-encoding' => 'gzip, deflate',
  'referer' => 'http://layblog.blog/index.php/admin/index/index',
  'accept' => 'text/html,application/xhtml+xml,application/xml;q=0.9,image/webp,image/apng,*/*;q=0.8',
  'user-agent' => 'Mozilla/5.0 (Windows NT 10.0; Win64; x64) AppleWebKit/537.36 (KHTML, like Gecko) Chrome/65.0.3400.0 Iron Safari/537.36',
  'upgrade-insecure-requests' => '1',
  'cache-control' => 'no-cache',
  'pragma' => 'no-cache',
  'connection' => 'keep-alive',
  'host' => 'layblog.blog',
  'content-type' => '',
  'content-length' => '',
)
[ info ] [ PARAM ] array (
)
[ info ] [ VIEW ] /home/wwwroot/layblog.blog/./template/admin/index/welcome.html [ array (
) ]
---------------------------------------------------------------
[ 2018-09-11T22:41:06+08:00 ] 192.168.3.137 GET layblog.blog/index.php/admin/index/__ADMIN__/js/module/dialog.js
[运行时间：0.026064s] [吞吐率：38.37req/s] [内存消耗：1,752.59kb] [文件加载：67]
[ info ] [ LANG ] /home/wwwroot/layblog.blog/thinkphp/lang/zh-cn.php
[ info ] [ ROUTE ] array (
)
[ info ] [ HEADER ] array (
  'accept-language' => 'zh-CN,zh;q=0.9',
  'accept-encoding' => 'gzip, deflate',
  'referer' => 'http://layblog.blog/index.php/admin/index/index',
  'accept' => '*/*',
  'user-agent' => 'Mozilla/5.0 (Windows NT 10.0; Win64; x64) AppleWebKit/537.36 (KHTML, like Gecko) Chrome/65.0.3400.0 Iron Safari/537.36',
  'cache-control' => 'no-cache',
  'pragma' => 'no-cache',
  'connection' => 'keep-alive',
  'host' => 'layblog.blog',
  'content-type' => '',
  'content-length' => '',
)
[ info ] [ PARAM ] array (
  'js' => 'module',
)
---------------------------------------------------------------
[ 2018-09-11T22:49:43+08:00 ] 192.168.3.137 GET layblog.blog/index.php/admin/index/index
[运行时间：0.021348s] [吞吐率：46.84req/s] [内存消耗：1,840.56kb] [文件加载：66]
[ info ] [ LANG ] /home/wwwroot/layblog.blog/thinkphp/lang/zh-cn.php
[ info ] [ ROUTE ] array (
)
[ info ] [ HEADER ] array (
  'accept-language' => 'zh-CN,zh;q=0.9',
  'accept-encoding' => 'gzip, deflate',
  'accept' => 'text/html,application/xhtml+xml,application/xml;q=0.9,image/webp,image/apng,*/*;q=0.8',
  'user-agent' => 'Mozilla/5.0 (Windows NT 10.0; Win64; x64) AppleWebKit/537.36 (KHTML, like Gecko) Chrome/65.0.3400.0 Iron Safari/537.36',
  'upgrade-insecure-requests' => '1',
  'cache-control' => 'no-cache',
  'pragma' => 'no-cache',
  'connection' => 'keep-alive',
  'host' => 'layblog.blog',
  'content-type' => '',
  'content-length' => '',
)
[ info ] [ PARAM ] array (
)
[ info ] [ VIEW ] /home/wwwroot/layblog.blog/./template/admin/index/index.html [ array (
) ]
---------------------------------------------------------------
[ 2018-09-11T22:49:44+08:00 ] 192.168.3.137 GET layblog.blog/index.php/admin/index/welcome.html
[运行时间：0.027336s] [吞吐率：36.58req/s] [内存消耗：1,886.68kb] [文件加载：66]
[ info ] [ LANG ] /home/wwwroot/layblog.blog/thinkphp/lang/zh-cn.php
[ info ] [ ROUTE ] array (
)
[ info ] [ HEADER ] array (
  'accept-language' => 'zh-CN,zh;q=0.9',
  'accept-encoding' => 'gzip, deflate',
  'referer' => 'http://layblog.blog/index.php/admin/index/index',
  'accept' => 'text/html,application/xhtml+xml,application/xml;q=0.9,image/webp,image/apng,*/*;q=0.8',
  'user-agent' => 'Mozilla/5.0 (Windows NT 10.0; Win64; x64) AppleWebKit/537.36 (KHTML, like Gecko) Chrome/65.0.3400.0 Iron Safari/537.36',
  'upgrade-insecure-requests' => '1',
  'cache-control' => 'no-cache',
  'pragma' => 'no-cache',
  'connection' => 'keep-alive',
  'host' => 'layblog.blog',
  'content-type' => '',
  'content-length' => '',
)
[ info ] [ PARAM ] array (
)
[ info ] [ VIEW ] /home/wwwroot/layblog.blog/./template/admin/index/welcome.html [ array (
) ]
---------------------------------------------------------------
[ 2018-09-11T22:49:44+08:00 ] 192.168.3.137 GET layblog.blog/index.php/admin/index/__ADMIN__/js/module/dialog.js
[运行时间：0.052474s] [吞吐率：19.06req/s] [内存消耗：1,752.59kb] [文件加载：67]
[ info ] [ LANG ] /home/wwwroot/layblog.blog/thinkphp/lang/zh-cn.php
[ info ] [ ROUTE ] array (
)
[ info ] [ HEADER ] array (
  'accept-language' => 'zh-CN,zh;q=0.9',
  'accept-encoding' => 'gzip, deflate',
  'referer' => 'http://layblog.blog/index.php/admin/index/index',
  'accept' => '*/*',
  'user-agent' => 'Mozilla/5.0 (Windows NT 10.0; Win64; x64) AppleWebKit/537.36 (KHTML, like Gecko) Chrome/65.0.3400.0 Iron Safari/537.36',
  'cache-control' => 'no-cache',
  'pragma' => 'no-cache',
  'connection' => 'keep-alive',
  'host' => 'layblog.blog',
  'content-type' => '',
  'content-length' => '',
)
[ info ] [ PARAM ] array (
  'js' => 'module',
)
---------------------------------------------------------------
[ 2018-09-11T22:59:48+08:00 ] 192.168.3.137 GET layblog.blog/index.php/admin/index/index
[运行时间：0.021437s] [吞吐率：46.65req/s] [内存消耗：1,840.57kb] [文件加载：66]
[ info ] [ LANG ] /home/wwwroot/layblog.blog/thinkphp/lang/zh-cn.php
[ info ] [ ROUTE ] array (
)
[ info ] [ HEADER ] array (
  'accept-language' => 'zh-CN,zh;q=0.9',
  'accept-encoding' => 'gzip, deflate',
  'accept' => 'text/html,application/xhtml+xml,application/xml;q=0.9,image/webp,image/apng,*/*;q=0.8',
  'user-agent' => 'Mozilla/5.0 (Windows NT 10.0; Win64; x64) AppleWebKit/537.36 (KHTML, like Gecko) Chrome/65.0.3400.0 Iron Safari/537.36',
  'upgrade-insecure-requests' => '1',
  'cache-control' => 'no-cache',
  'pragma' => 'no-cache',
  'connection' => 'keep-alive',
  'host' => 'layblog.blog',
  'content-type' => '',
  'content-length' => '',
)
[ info ] [ PARAM ] array (
)
[ info ] [ VIEW ] /home/wwwroot/layblog.blog/./template/admin/index/index.html [ array (
) ]
---------------------------------------------------------------
[ 2018-09-11T22:59:48+08:00 ] 192.168.3.137 GET layblog.blog/index.php/admin/index/welcome.html
[运行时间：0.030321s] [吞吐率：32.98req/s] [内存消耗：1,886.69kb] [文件加载：66]
[ info ] [ LANG ] /home/wwwroot/layblog.blog/thinkphp/lang/zh-cn.php
[ info ] [ ROUTE ] array (
)
[ info ] [ HEADER ] array (
  'accept-language' => 'zh-CN,zh;q=0.9',
  'accept-encoding' => 'gzip, deflate',
  'referer' => 'http://layblog.blog/index.php/admin/index/index',
  'accept' => 'text/html,application/xhtml+xml,application/xml;q=0.9,image/webp,image/apng,*/*;q=0.8',
  'user-agent' => 'Mozilla/5.0 (Windows NT 10.0; Win64; x64) AppleWebKit/537.36 (KHTML, like Gecko) Chrome/65.0.3400.0 Iron Safari/537.36',
  'upgrade-insecure-requests' => '1',
  'cache-control' => 'no-cache',
  'pragma' => 'no-cache',
  'connection' => 'keep-alive',
  'host' => 'layblog.blog',
  'content-type' => '',
  'content-length' => '',
)
[ info ] [ PARAM ] array (
)
[ info ] [ VIEW ] /home/wwwroot/layblog.blog/./template/admin/index/welcome.html [ array (
) ]
---------------------------------------------------------------
[ 2018-09-11T22:59:48+08:00 ] 192.168.3.137 GET layblog.blog/index.php/admin/index/__ADMIN__/js/module/dialog.js
[运行时间：0.024701s] [吞吐率：40.48req/s] [内存消耗：1,752.60kb] [文件加载：67]
[ info ] [ LANG ] /home/wwwroot/layblog.blog/thinkphp/lang/zh-cn.php
[ info ] [ ROUTE ] array (
)
[ info ] [ HEADER ] array (
  'accept-language' => 'zh-CN,zh;q=0.9',
  'accept-encoding' => 'gzip, deflate',
  'referer' => 'http://layblog.blog/index.php/admin/index/index',
  'accept' => '*/*',
  'user-agent' => 'Mozilla/5.0 (Windows NT 10.0; Win64; x64) AppleWebKit/537.36 (KHTML, like Gecko) Chrome/65.0.3400.0 Iron Safari/537.36',
  'cache-control' => 'no-cache',
  'pragma' => 'no-cache',
  'connection' => 'keep-alive',
  'host' => 'layblog.blog',
  'content-type' => '',
  'content-length' => '',
)
[ info ] [ PARAM ] array (
  'js' => 'module',
)
---------------------------------------------------------------
[ 2018-09-11T23:02:21+08:00 ] 192.168.3.137 GET layblog.blog/index.php/admin/index/index
[运行时间：0.023532s] [吞吐率：42.50req/s] [内存消耗：1,840.57kb] [文件加载：66]
[ info ] [ LANG ] /home/wwwroot/layblog.blog/thinkphp/lang/zh-cn.php
[ info ] [ ROUTE ] array (
)
[ info ] [ HEADER ] array (
  'accept-language' => 'zh-CN,zh;q=0.9',
  'accept-encoding' => 'gzip, deflate',
  'accept' => 'text/html,application/xhtml+xml,application/xml;q=0.9,image/webp,image/apng,*/*;q=0.8',
  'user-agent' => 'Mozilla/5.0 (Windows NT 10.0; Win64; x64) AppleWebKit/537.36 (KHTML, like Gecko) Chrome/65.0.3400.0 Iron Safari/537.36',
  'upgrade-insecure-requests' => '1',
  'cache-control' => 'no-cache',
  'pragma' => 'no-cache',
  'connection' => 'keep-alive',
  'host' => 'layblog.blog',
  'content-type' => '',
  'content-length' => '',
)
[ info ] [ PARAM ] array (
)
[ info ] [ VIEW ] /home/wwwroot/layblog.blog/./template/admin/index/index.html [ array (
) ]
---------------------------------------------------------------
[ 2018-09-11T23:02:21+08:00 ] 192.168.3.137 GET layblog.blog/index.php/admin/index/welcome.html
[运行时间：0.029280s] [吞吐率：34.15req/s] [内存消耗：1,886.69kb] [文件加载：66]
[ info ] [ LANG ] /home/wwwroot/layblog.blog/thinkphp/lang/zh-cn.php
[ info ] [ ROUTE ] array (
)
[ info ] [ HEADER ] array (
  'accept-language' => 'zh-CN,zh;q=0.9',
  'accept-encoding' => 'gzip, deflate',
  'referer' => 'http://layblog.blog/index.php/admin/index/index',
  'accept' => 'text/html,application/xhtml+xml,application/xml;q=0.9,image/webp,image/apng,*/*;q=0.8',
  'user-agent' => 'Mozilla/5.0 (Windows NT 10.0; Win64; x64) AppleWebKit/537.36 (KHTML, like Gecko) Chrome/65.0.3400.0 Iron Safari/537.36',
  'upgrade-insecure-requests' => '1',
  'cache-control' => 'no-cache',
  'pragma' => 'no-cache',
  'connection' => 'keep-alive',
  'host' => 'layblog.blog',
  'content-type' => '',
  'content-length' => '',
)
[ info ] [ PARAM ] array (
)
[ info ] [ VIEW ] /home/wwwroot/layblog.blog/./template/admin/index/welcome.html [ array (
) ]
---------------------------------------------------------------
[ 2018-09-11T23:02:21+08:00 ] 192.168.3.137 GET layblog.blog/index.php/admin/index/__ADMIN__/js/module/dialog.js
[运行时间：0.035238s] [吞吐率：28.38req/s] [内存消耗：1,752.60kb] [文件加载：67]
[ info ] [ LANG ] /home/wwwroot/layblog.blog/thinkphp/lang/zh-cn.php
[ info ] [ ROUTE ] array (
)
[ info ] [ HEADER ] array (
  'accept-language' => 'zh-CN,zh;q=0.9',
  'accept-encoding' => 'gzip, deflate',
  'referer' => 'http://layblog.blog/index.php/admin/index/index',
  'accept' => '*/*',
  'user-agent' => 'Mozilla/5.0 (Windows NT 10.0; Win64; x64) AppleWebKit/537.36 (KHTML, like Gecko) Chrome/65.0.3400.0 Iron Safari/537.36',
  'cache-control' => 'no-cache',
  'pragma' => 'no-cache',
  'connection' => 'keep-alive',
  'host' => 'layblog.blog',
  'content-type' => '',
  'content-length' => '',
)
[ info ] [ PARAM ] array (
  'js' => 'module',
)
---------------------------------------------------------------
[ 2018-09-11T23:02:21+08:00 ] 192.168.3.137 GET layblog.blog/index.php/admin/index/__ADMIN__/js/module/dialog.js
[运行时间：0.021193s] [吞吐率：47.19req/s] [内存消耗：1,752.60kb] [文件加载：67]
[ info ] [ LANG ] /home/wwwroot/layblog.blog/thinkphp/lang/zh-cn.php
[ info ] [ ROUTE ] array (
)
[ info ] [ HEADER ] array (
  'accept-language' => 'zh-CN,zh;q=0.9',
  'accept-encoding' => 'gzip, deflate',
  'referer' => 'http://layblog.blog/index.php/admin/index/welcome.html',
  'accept' => '*/*',
  'user-agent' => 'Mozilla/5.0 (Windows NT 10.0; Win64; x64) AppleWebKit/537.36 (KHTML, like Gecko) Chrome/65.0.3400.0 Iron Safari/537.36',
  'cache-control' => 'no-cache',
  'pragma' => 'no-cache',
  'connection' => 'keep-alive',
  'host' => 'layblog.blog',
  'content-type' => '',
  'content-length' => '',
)
[ info ] [ PARAM ] array (
  'js' => 'module',
)
---------------------------------------------------------------
[ 2018-09-11T23:03:52+08:00 ] 192.168.3.137 GET layblog.blog/index.php/admin/index/index
[运行时间：0.023587s] [吞吐率：42.40req/s] [内存消耗：1,840.57kb] [文件加载：66]
[ info ] [ LANG ] /home/wwwroot/layblog.blog/thinkphp/lang/zh-cn.php
[ info ] [ ROUTE ] array (
)
[ info ] [ HEADER ] array (
  'accept-language' => 'zh-CN,zh;q=0.9',
  'accept-encoding' => 'gzip, deflate',
  'accept' => 'text/html,application/xhtml+xml,application/xml;q=0.9,image/webp,image/apng,*/*;q=0.8',
  'user-agent' => 'Mozilla/5.0 (Windows NT 10.0; Win64; x64) AppleWebKit/537.36 (KHTML, like Gecko) Chrome/65.0.3400.0 Iron Safari/537.36',
  'upgrade-insecure-requests' => '1',
  'cache-control' => 'no-cache',
  'pragma' => 'no-cache',
  'connection' => 'keep-alive',
  'host' => 'layblog.blog',
  'content-type' => '',
  'content-length' => '',
)
[ info ] [ PARAM ] array (
)
[ info ] [ VIEW ] /home/wwwroot/layblog.blog/./template/admin/index/index.html [ array (
) ]
---------------------------------------------------------------
[ 2018-09-11T23:03:52+08:00 ] 192.168.3.137 GET layblog.blog/index.php/admin/index/welcome.html
[运行时间：0.025771s] [吞吐率：38.80req/s] [内存消耗：1,886.69kb] [文件加载：66]
[ info ] [ LANG ] /home/wwwroot/layblog.blog/thinkphp/lang/zh-cn.php
[ info ] [ ROUTE ] array (
)
[ info ] [ HEADER ] array (
  'accept-language' => 'zh-CN,zh;q=0.9',
  'accept-encoding' => 'gzip, deflate',
  'referer' => 'http://layblog.blog/index.php/admin/index/index',
  'accept' => 'text/html,application/xhtml+xml,application/xml;q=0.9,image/webp,image/apng,*/*;q=0.8',
  'user-agent' => 'Mozilla/5.0 (Windows NT 10.0; Win64; x64) AppleWebKit/537.36 (KHTML, like Gecko) Chrome/65.0.3400.0 Iron Safari/537.36',
  'upgrade-insecure-requests' => '1',
  'cache-control' => 'no-cache',
  'pragma' => 'no-cache',
  'connection' => 'keep-alive',
  'host' => 'layblog.blog',
  'content-type' => '',
  'content-length' => '',
)
[ info ] [ PARAM ] array (
)
[ info ] [ VIEW ] /home/wwwroot/layblog.blog/./template/admin/index/welcome.html [ array (
) ]
---------------------------------------------------------------
[ 2018-09-11T23:03:52+08:00 ] 192.168.3.137 GET layblog.blog/index.php/admin/index/__ADMIN__/js/module/dialog.js
[运行时间：0.028565s] [吞吐率：35.01req/s] [内存消耗：1,752.60kb] [文件加载：67]
[ info ] [ LANG ] /home/wwwroot/layblog.blog/thinkphp/lang/zh-cn.php
[ info ] [ ROUTE ] array (
)
[ info ] [ HEADER ] array (
  'accept-language' => 'zh-CN,zh;q=0.9',
  'accept-encoding' => 'gzip, deflate',
  'referer' => 'http://layblog.blog/index.php/admin/index/index',
  'accept' => '*/*',
  'user-agent' => 'Mozilla/5.0 (Windows NT 10.0; Win64; x64) AppleWebKit/537.36 (KHTML, like Gecko) Chrome/65.0.3400.0 Iron Safari/537.36',
  'cache-control' => 'no-cache',
  'pragma' => 'no-cache',
  'connection' => 'keep-alive',
  'host' => 'layblog.blog',
  'content-type' => '',
  'content-length' => '',
)
[ info ] [ PARAM ] array (
  'js' => 'module',
)
---------------------------------------------------------------
[ 2018-09-11T23:03:52+08:00 ] 192.168.3.137 GET layblog.blog/index.php/admin/index/__ADMIN__/js/module/dialog.js
[运行时间：0.025600s] [吞吐率：39.06req/s] [内存消耗：1,752.60kb] [文件加载：67]
[ info ] [ LANG ] /home/wwwroot/layblog.blog/thinkphp/lang/zh-cn.php
[ info ] [ ROUTE ] array (
)
[ info ] [ HEADER ] array (
  'accept-language' => 'zh-CN,zh;q=0.9',
  'accept-encoding' => 'gzip, deflate',
  'referer' => 'http://layblog.blog/index.php/admin/index/welcome.html',
  'accept' => '*/*',
  'user-agent' => 'Mozilla/5.0 (Windows NT 10.0; Win64; x64) AppleWebKit/537.36 (KHTML, like Gecko) Chrome/65.0.3400.0 Iron Safari/537.36',
  'cache-control' => 'no-cache',
  'pragma' => 'no-cache',
  'connection' => 'keep-alive',
  'host' => 'layblog.blog',
  'content-type' => '',
  'content-length' => '',
)
[ info ] [ PARAM ] array (
  'js' => 'module',
)
---------------------------------------------------------------
[ 2018-09-11T23:09:29+08:00 ] 192.168.3.137 GET layblog.blog/index.php/admin/index/index
[运行时间：0.021334s] [吞吐率：46.87req/s] [内存消耗：1,840.57kb] [文件加载：66]
[ info ] [ LANG ] /home/wwwroot/layblog.blog/thinkphp/lang/zh-cn.php
[ info ] [ ROUTE ] array (
)
[ info ] [ HEADER ] array (
  'accept-language' => 'zh-CN,zh;q=0.9',
  'accept-encoding' => 'gzip, deflate',
  'accept' => 'text/html,application/xhtml+xml,application/xml;q=0.9,image/webp,image/apng,*/*;q=0.8',
  'user-agent' => 'Mozilla/5.0 (Windows NT 10.0; Win64; x64) AppleWebKit/537.36 (KHTML, like Gecko) Chrome/65.0.3400.0 Iron Safari/537.36',
  'upgrade-insecure-requests' => '1',
  'cache-control' => 'no-cache',
  'pragma' => 'no-cache',
  'connection' => 'keep-alive',
  'host' => 'layblog.blog',
  'content-type' => '',
  'content-length' => '',
)
[ info ] [ PARAM ] array (
)
[ info ] [ VIEW ] /home/wwwroot/layblog.blog/./template/admin/index/index.html [ array (
) ]
---------------------------------------------------------------
[ 2018-09-11T23:09:29+08:00 ] 192.168.3.137 GET layblog.blog/index.php/admin/index/welcome.html
[运行时间：0.024897s] [吞吐率：40.17req/s] [内存消耗：1,886.69kb] [文件加载：66]
[ info ] [ LANG ] /home/wwwroot/layblog.blog/thinkphp/lang/zh-cn.php
[ info ] [ ROUTE ] array (
)
[ info ] [ HEADER ] array (
  'accept-language' => 'zh-CN,zh;q=0.9',
  'accept-encoding' => 'gzip, deflate',
  'referer' => 'http://layblog.blog/index.php/admin/index/index',
  'accept' => 'text/html,application/xhtml+xml,application/xml;q=0.9,image/webp,image/apng,*/*;q=0.8',
  'user-agent' => 'Mozilla/5.0 (Windows NT 10.0; Win64; x64) AppleWebKit/537.36 (KHTML, like Gecko) Chrome/65.0.3400.0 Iron Safari/537.36',
  'upgrade-insecure-requests' => '1',
  'cache-control' => 'no-cache',
  'pragma' => 'no-cache',
  'connection' => 'keep-alive',
  'host' => 'layblog.blog',
  'content-type' => '',
  'content-length' => '',
)
[ info ] [ PARAM ] array (
)
[ info ] [ VIEW ] /home/wwwroot/layblog.blog/./template/admin/index/welcome.html [ array (
) ]
---------------------------------------------------------------
[ 2018-09-11T23:09:29+08:00 ] 192.168.3.137 GET layblog.blog/index.php/admin/index/__ADMIN__/js/module/dialog.js
[运行时间：0.027125s] [吞吐率：36.87req/s] [内存消耗：1,752.60kb] [文件加载：67]
[ info ] [ LANG ] /home/wwwroot/layblog.blog/thinkphp/lang/zh-cn.php
[ info ] [ ROUTE ] array (
)
[ info ] [ HEADER ] array (
  'accept-language' => 'zh-CN,zh;q=0.9',
  'accept-encoding' => 'gzip, deflate',
  'referer' => 'http://layblog.blog/index.php/admin/index/index',
  'accept' => '*/*',
  'user-agent' => 'Mozilla/5.0 (Windows NT 10.0; Win64; x64) AppleWebKit/537.36 (KHTML, like Gecko) Chrome/65.0.3400.0 Iron Safari/537.36',
  'cache-control' => 'no-cache',
  'pragma' => 'no-cache',
  'connection' => 'keep-alive',
  'host' => 'layblog.blog',
  'content-type' => '',
  'content-length' => '',
)
[ info ] [ PARAM ] array (
  'js' => 'module',
)
---------------------------------------------------------------
[ 2018-09-11T23:09:29+08:00 ] 192.168.3.137 GET layblog.blog/index.php/admin/index/__ADMIN__/js/module/dialog.js
[运行时间：0.021354s] [吞吐率：46.83req/s] [内存消耗：1,752.60kb] [文件加载：67]
[ info ] [ LANG ] /home/wwwroot/layblog.blog/thinkphp/lang/zh-cn.php
[ info ] [ ROUTE ] array (
)
[ info ] [ HEADER ] array (
  'accept-language' => 'zh-CN,zh;q=0.9',
  'accept-encoding' => 'gzip, deflate',
  'referer' => 'http://layblog.blog/index.php/admin/index/welcome.html',
  'accept' => '*/*',
  'user-agent' => 'Mozilla/5.0 (Windows NT 10.0; Win64; x64) AppleWebKit/537.36 (KHTML, like Gecko) Chrome/65.0.3400.0 Iron Safari/537.36',
  'cache-control' => 'no-cache',
  'pragma' => 'no-cache',
  'connection' => 'keep-alive',
  'host' => 'layblog.blog',
  'content-type' => '',
  'content-length' => '',
)
[ info ] [ PARAM ] array (
  'js' => 'module',
)
---------------------------------------------------------------
[ 2018-09-11T23:13:39+08:00 ] 192.168.3.137 GET layblog.blog/index.php/admin/index/index
[运行时间：0.020210s] [吞吐率：49.48req/s] [内存消耗：1,840.57kb] [文件加载：66]
[ info ] [ LANG ] /home/wwwroot/layblog.blog/thinkphp/lang/zh-cn.php
[ info ] [ ROUTE ] array (
)
[ info ] [ HEADER ] array (
  'accept-language' => 'zh-CN,zh;q=0.9',
  'accept-encoding' => 'gzip, deflate',
  'accept' => 'text/html,application/xhtml+xml,application/xml;q=0.9,image/webp,image/apng,*/*;q=0.8',
  'user-agent' => 'Mozilla/5.0 (Windows NT 10.0; Win64; x64) AppleWebKit/537.36 (KHTML, like Gecko) Chrome/65.0.3400.0 Iron Safari/537.36',
  'upgrade-insecure-requests' => '1',
  'cache-control' => 'no-cache',
  'pragma' => 'no-cache',
  'connection' => 'keep-alive',
  'host' => 'layblog.blog',
  'content-type' => '',
  'content-length' => '',
)
[ info ] [ PARAM ] array (
)
[ info ] [ VIEW ] /home/wwwroot/layblog.blog/./template/admin/index/index.html [ array (
) ]
---------------------------------------------------------------
[ 2018-09-11T23:13:39+08:00 ] 192.168.3.137 GET layblog.blog/index.php/admin/index/welcome.html
[运行时间：0.028676s] [吞吐率：34.87req/s] [内存消耗：1,886.69kb] [文件加载：66]
[ info ] [ LANG ] /home/wwwroot/layblog.blog/thinkphp/lang/zh-cn.php
[ info ] [ ROUTE ] array (
)
[ info ] [ HEADER ] array (
  'accept-language' => 'zh-CN,zh;q=0.9',
  'accept-encoding' => 'gzip, deflate',
  'referer' => 'http://layblog.blog/index.php/admin/index/index',
  'accept' => 'text/html,application/xhtml+xml,application/xml;q=0.9,image/webp,image/apng,*/*;q=0.8',
  'user-agent' => 'Mozilla/5.0 (Windows NT 10.0; Win64; x64) AppleWebKit/537.36 (KHTML, like Gecko) Chrome/65.0.3400.0 Iron Safari/537.36',
  'upgrade-insecure-requests' => '1',
  'cache-control' => 'no-cache',
  'pragma' => 'no-cache',
  'connection' => 'keep-alive',
  'host' => 'layblog.blog',
  'content-type' => '',
  'content-length' => '',
)
[ info ] [ PARAM ] array (
)
[ info ] [ VIEW ] /home/wwwroot/layblog.blog/./template/admin/index/welcome.html [ array (
) ]
---------------------------------------------------------------
[ 2018-09-11T23:13:40+08:00 ] 192.168.3.137 GET layblog.blog/index.php/admin/index/__ADMIN__/js/module/dialog.js
[运行时间：0.026014s] [吞吐率：38.44req/s] [内存消耗：1,752.60kb] [文件加载：67]
[ info ] [ LANG ] /home/wwwroot/layblog.blog/thinkphp/lang/zh-cn.php
[ info ] [ ROUTE ] array (
)
[ info ] [ HEADER ] array (
  'accept-language' => 'zh-CN,zh;q=0.9',
  'accept-encoding' => 'gzip, deflate',
  'referer' => 'http://layblog.blog/index.php/admin/index/index',
  'accept' => '*/*',
  'user-agent' => 'Mozilla/5.0 (Windows NT 10.0; Win64; x64) AppleWebKit/537.36 (KHTML, like Gecko) Chrome/65.0.3400.0 Iron Safari/537.36',
  'cache-control' => 'no-cache',
  'pragma' => 'no-cache',
  'connection' => 'keep-alive',
  'host' => 'layblog.blog',
  'content-type' => '',
  'content-length' => '',
)
[ info ] [ PARAM ] array (
  'js' => 'module',
)
---------------------------------------------------------------
[ 2018-09-11T23:13:40+08:00 ] 192.168.3.137 GET layblog.blog/index.php/admin/index/__ADMIN__/js/module/dialog.js
[运行时间：0.022826s] [吞吐率：43.81req/s] [内存消耗：1,752.60kb] [文件加载：67]
[ info ] [ LANG ] /home/wwwroot/layblog.blog/thinkphp/lang/zh-cn.php
[ info ] [ ROUTE ] array (
)
[ info ] [ HEADER ] array (
  'accept-language' => 'zh-CN,zh;q=0.9',
  'accept-encoding' => 'gzip, deflate',
  'referer' => 'http://layblog.blog/index.php/admin/index/welcome.html',
  'accept' => '*/*',
  'user-agent' => 'Mozilla/5.0 (Windows NT 10.0; Win64; x64) AppleWebKit/537.36 (KHTML, like Gecko) Chrome/65.0.3400.0 Iron Safari/537.36',
  'cache-control' => 'no-cache',
  'pragma' => 'no-cache',
  'connection' => 'keep-alive',
  'host' => 'layblog.blog',
  'content-type' => '',
  'content-length' => '',
)
[ info ] [ PARAM ] array (
  'js' => 'module',
)
---------------------------------------------------------------
[ 2018-09-11T23:15:39+08:00 ] 192.168.3.137 GET layblog.blog/index.php/admin/index/index
[运行时间：0.021256s] [吞吐率：47.05req/s] [内存消耗：1,840.57kb] [文件加载：66]
[ info ] [ LANG ] /home/wwwroot/layblog.blog/thinkphp/lang/zh-cn.php
[ info ] [ ROUTE ] array (
)
[ info ] [ HEADER ] array (
  'accept-language' => 'zh-CN,zh;q=0.9',
  'accept-encoding' => 'gzip, deflate',
  'accept' => 'text/html,application/xhtml+xml,application/xml;q=0.9,image/webp,image/apng,*/*;q=0.8',
  'user-agent' => 'Mozilla/5.0 (Windows NT 10.0; Win64; x64) AppleWebKit/537.36 (KHTML, like Gecko) Chrome/65.0.3400.0 Iron Safari/537.36',
  'upgrade-insecure-requests' => '1',
  'cache-control' => 'no-cache',
  'pragma' => 'no-cache',
  'connection' => 'keep-alive',
  'host' => 'layblog.blog',
  'content-type' => '',
  'content-length' => '',
)
[ info ] [ PARAM ] array (
)
[ info ] [ VIEW ] /home/wwwroot/layblog.blog/./template/admin/index/index.html [ array (
) ]
---------------------------------------------------------------
[ 2018-09-11T23:15:39+08:00 ] 192.168.3.137 GET layblog.blog/index.php/admin/index/welcome.html
[运行时间：0.027995s] [吞吐率：35.72req/s] [内存消耗：1,886.69kb] [文件加载：66]
[ info ] [ LANG ] /home/wwwroot/layblog.blog/thinkphp/lang/zh-cn.php
[ info ] [ ROUTE ] array (
)
[ info ] [ HEADER ] array (
  'accept-language' => 'zh-CN,zh;q=0.9',
  'accept-encoding' => 'gzip, deflate',
  'referer' => 'http://layblog.blog/index.php/admin/index/index',
  'accept' => 'text/html,application/xhtml+xml,application/xml;q=0.9,image/webp,image/apng,*/*;q=0.8',
  'user-agent' => 'Mozilla/5.0 (Windows NT 10.0; Win64; x64) AppleWebKit/537.36 (KHTML, like Gecko) Chrome/65.0.3400.0 Iron Safari/537.36',
  'upgrade-insecure-requests' => '1',
  'cache-control' => 'no-cache',
  'pragma' => 'no-cache',
  'connection' => 'keep-alive',
  'host' => 'layblog.blog',
  'content-type' => '',
  'content-length' => '',
)
[ info ] [ PARAM ] array (
)
[ info ] [ VIEW ] /home/wwwroot/layblog.blog/./template/admin/index/welcome.html [ array (
) ]
---------------------------------------------------------------
[ 2018-09-11T23:15:40+08:00 ] 192.168.3.137 GET layblog.blog/index.php/admin/index/__ADMIN__/js/module/dialog.js
[运行时间：0.024223s] [吞吐率：41.28req/s] [内存消耗：1,752.60kb] [文件加载：67]
[ info ] [ LANG ] /home/wwwroot/layblog.blog/thinkphp/lang/zh-cn.php
[ info ] [ ROUTE ] array (
)
[ info ] [ HEADER ] array (
  'accept-language' => 'zh-CN,zh;q=0.9',
  'accept-encoding' => 'gzip, deflate',
  'referer' => 'http://layblog.blog/index.php/admin/index/index',
  'accept' => '*/*',
  'user-agent' => 'Mozilla/5.0 (Windows NT 10.0; Win64; x64) AppleWebKit/537.36 (KHTML, like Gecko) Chrome/65.0.3400.0 Iron Safari/537.36',
  'cache-control' => 'no-cache',
  'pragma' => 'no-cache',
  'connection' => 'keep-alive',
  'host' => 'layblog.blog',
  'content-type' => '',
  'content-length' => '',
)
[ info ] [ PARAM ] array (
  'js' => 'module',
)
---------------------------------------------------------------
[ 2018-09-11T23:15:40+08:00 ] 192.168.3.137 GET layblog.blog/index.php/admin/index/__ADMIN__/js/module/dialog.js
[运行时间：0.027891s] [吞吐率：35.85req/s] [内存消耗：1,752.60kb] [文件加载：67]
[ info ] [ LANG ] /home/wwwroot/layblog.blog/thinkphp/lang/zh-cn.php
[ info ] [ ROUTE ] array (
)
[ info ] [ HEADER ] array (
  'accept-language' => 'zh-CN,zh;q=0.9',
  'accept-encoding' => 'gzip, deflate',
  'referer' => 'http://layblog.blog/index.php/admin/index/welcome.html',
  'accept' => '*/*',
  'user-agent' => 'Mozilla/5.0 (Windows NT 10.0; Win64; x64) AppleWebKit/537.36 (KHTML, like Gecko) Chrome/65.0.3400.0 Iron Safari/537.36',
  'cache-control' => 'no-cache',
  'pragma' => 'no-cache',
  'connection' => 'keep-alive',
  'host' => 'layblog.blog',
  'content-type' => '',
  'content-length' => '',
)
[ info ] [ PARAM ] array (
  'js' => 'module',
)
---------------------------------------------------------------
[ 2018-09-11T23:55:49+08:00 ] 192.168.3.137 GET layblog.blog/index.php/admin/index/index
[运行时间：0.020184s] [吞吐率：49.54req/s] [内存消耗：1,840.57kb] [文件加载：66]
[ info ] [ LANG ] /home/wwwroot/layblog.blog/thinkphp/lang/zh-cn.php
[ info ] [ ROUTE ] array (
)
[ info ] [ HEADER ] array (
  'accept-language' => 'zh-CN,zh;q=0.9',
  'accept-encoding' => 'gzip, deflate',
  'accept' => 'text/html,application/xhtml+xml,application/xml;q=0.9,image/webp,image/apng,*/*;q=0.8',
  'user-agent' => 'Mozilla/5.0 (Windows NT 10.0; Win64; x64) AppleWebKit/537.36 (KHTML, like Gecko) Chrome/65.0.3400.0 Iron Safari/537.36',
  'upgrade-insecure-requests' => '1',
  'cache-control' => 'no-cache',
  'pragma' => 'no-cache',
  'connection' => 'keep-alive',
  'host' => 'layblog.blog',
  'content-type' => '',
  'content-length' => '',
)
[ info ] [ PARAM ] array (
)
[ info ] [ VIEW ] /home/wwwroot/layblog.blog/./template/admin/index/index.html [ array (
) ]
---------------------------------------------------------------
[ 2018-09-11T23:55:50+08:00 ] 192.168.3.137 GET layblog.blog/index.php/admin/index/welcome.html
[运行时间：0.026882s] [吞吐率：37.20req/s] [内存消耗：1,886.69kb] [文件加载：66]
[ info ] [ LANG ] /home/wwwroot/layblog.blog/thinkphp/lang/zh-cn.php
[ info ] [ ROUTE ] array (
)
[ info ] [ HEADER ] array (
  'accept-language' => 'zh-CN,zh;q=0.9',
  'accept-encoding' => 'gzip, deflate',
  'referer' => 'http://layblog.blog/index.php/admin/index/index',
  'accept' => 'text/html,application/xhtml+xml,application/xml;q=0.9,image/webp,image/apng,*/*;q=0.8',
  'user-agent' => 'Mozilla/5.0 (Windows NT 10.0; Win64; x64) AppleWebKit/537.36 (KHTML, like Gecko) Chrome/65.0.3400.0 Iron Safari/537.36',
  'upgrade-insecure-requests' => '1',
  'cache-control' => 'no-cache',
  'pragma' => 'no-cache',
  'connection' => 'keep-alive',
  'host' => 'layblog.blog',
  'content-type' => '',
  'content-length' => '',
)
[ info ] [ PARAM ] array (
)
[ info ] [ VIEW ] /home/wwwroot/layblog.blog/./template/admin/index/welcome.html [ array (
) ]
---------------------------------------------------------------
[ 2018-09-11T23:55:50+08:00 ] 192.168.3.137 GET layblog.blog/index.php/admin/index/__ADMIN__/js/module/dialog.js
[运行时间：0.021092s] [吞吐率：47.41req/s] [内存消耗：1,752.60kb] [文件加载：67]
[ info ] [ LANG ] /home/wwwroot/layblog.blog/thinkphp/lang/zh-cn.php
[ info ] [ ROUTE ] array (
)
[ info ] [ HEADER ] array (
  'accept-language' => 'zh-CN,zh;q=0.9',
  'accept-encoding' => 'gzip, deflate',
  'referer' => 'http://layblog.blog/index.php/admin/index/index',
  'accept' => '*/*',
  'user-agent' => 'Mozilla/5.0 (Windows NT 10.0; Win64; x64) AppleWebKit/537.36 (KHTML, like Gecko) Chrome/65.0.3400.0 Iron Safari/537.36',
  'cache-control' => 'no-cache',
  'pragma' => 'no-cache',
  'connection' => 'keep-alive',
  'host' => 'layblog.blog',
  'content-type' => '',
  'content-length' => '',
)
[ info ] [ PARAM ] array (
  'js' => 'module',
)
---------------------------------------------------------------
[ 2018-09-11T23:55:50+08:00 ] 192.168.3.137 GET layblog.blog/index.php/admin/index/__ADMIN__/js/module/dialog.js
[运行时间：0.020981s] [吞吐率：47.66req/s] [内存消耗：1,752.60kb] [文件加载：67]
[ info ] [ LANG ] /home/wwwroot/layblog.blog/thinkphp/lang/zh-cn.php
[ info ] [ ROUTE ] array (
)
[ info ] [ HEADER ] array (
  'accept-language' => 'zh-CN,zh;q=0.9',
  'accept-encoding' => 'gzip, deflate',
  'referer' => 'http://layblog.blog/index.php/admin/index/welcome.html',
  'accept' => '*/*',
  'user-agent' => 'Mozilla/5.0 (Windows NT 10.0; Win64; x64) AppleWebKit/537.36 (KHTML, like Gecko) Chrome/65.0.3400.0 Iron Safari/537.36',
  'cache-control' => 'no-cache',
  'pragma' => 'no-cache',
  'connection' => 'keep-alive',
  'host' => 'layblog.blog',
  'content-type' => '',
  'content-length' => '',
)
[ info ] [ PARAM ] array (
  'js' => 'module',
)
---------------------------------------------------------------
[ 2018-09-11T23:58:27+08:00 ] 192.168.3.137 GET layblog.blog/index.php/admin/index/index
[运行时间：0.020585s] [吞吐率：48.58req/s] [内存消耗：1,840.57kb] [文件加载：66]
[ info ] [ LANG ] /home/wwwroot/layblog.blog/thinkphp/lang/zh-cn.php
[ info ] [ ROUTE ] array (
)
[ info ] [ HEADER ] array (
  'accept-language' => 'zh-CN,zh;q=0.9',
  'accept-encoding' => 'gzip, deflate',
  'accept' => 'text/html,application/xhtml+xml,application/xml;q=0.9,image/webp,image/apng,*/*;q=0.8',
  'user-agent' => 'Mozilla/5.0 (Windows NT 10.0; Win64; x64) AppleWebKit/537.36 (KHTML, like Gecko) Chrome/65.0.3400.0 Iron Safari/537.36',
  'upgrade-insecure-requests' => '1',
  'cache-control' => 'no-cache',
  'pragma' => 'no-cache',
  'connection' => 'keep-alive',
  'host' => 'layblog.blog',
  'content-type' => '',
  'content-length' => '',
)
[ info ] [ PARAM ] array (
)
[ info ] [ VIEW ] /home/wwwroot/layblog.blog/./template/admin/index/index.html [ array (
) ]
---------------------------------------------------------------
[ 2018-09-11T23:58:27+08:00 ] 192.168.3.137 GET layblog.blog/index.php/admin/index/welcome.html
[运行时间：0.027373s] [吞吐率：36.53req/s] [内存消耗：1,886.69kb] [文件加载：66]
[ info ] [ LANG ] /home/wwwroot/layblog.blog/thinkphp/lang/zh-cn.php
[ info ] [ ROUTE ] array (
)
[ info ] [ HEADER ] array (
  'accept-language' => 'zh-CN,zh;q=0.9',
  'accept-encoding' => 'gzip, deflate',
  'referer' => 'http://layblog.blog/index.php/admin/index/index',
  'accept' => 'text/html,application/xhtml+xml,application/xml;q=0.9,image/webp,image/apng,*/*;q=0.8',
  'user-agent' => 'Mozilla/5.0 (Windows NT 10.0; Win64; x64) AppleWebKit/537.36 (KHTML, like Gecko) Chrome/65.0.3400.0 Iron Safari/537.36',
  'upgrade-insecure-requests' => '1',
  'cache-control' => 'no-cache',
  'pragma' => 'no-cache',
  'connection' => 'keep-alive',
  'host' => 'layblog.blog',
  'content-type' => '',
  'content-length' => '',
)
[ info ] [ PARAM ] array (
)
[ info ] [ VIEW ] /home/wwwroot/layblog.blog/./template/admin/index/welcome.html [ array (
) ]
---------------------------------------------------------------
[ 2018-09-11T23:58:28+08:00 ] 192.168.3.137 GET layblog.blog/index.php/static/admin/js/module/dialog.js
[运行时间：0.037870s] [吞吐率：26.41req/s] [内存消耗：1,306.85kb] [文件加载：54]
[ info ] [ LANG ] /home/wwwroot/layblog.blog/thinkphp/lang/zh-cn.php
---------------------------------------------------------------
[ 2018-09-11T23:58:28+08:00 ] 192.168.3.137 GET layblog.blog/index.php/static/admin/js/module/dialog.js
[运行时间：0.015980s] [吞吐率：62.58req/s] [内存消耗：1,306.85kb] [文件加载：54]
[ info ] [ LANG ] /home/wwwroot/layblog.blog/thinkphp/lang/zh-cn.php
---------------------------------------------------------------
[ 2018-09-11T23:59:22+08:00 ] 192.168.3.137 GET layblog.blog/index.php/admin/index/index
[运行时间：0.021047s] [吞吐率：47.51req/s] [内存消耗：1,840.57kb] [文件加载：66]
[ info ] [ LANG ] /home/wwwroot/layblog.blog/thinkphp/lang/zh-cn.php
[ info ] [ ROUTE ] array (
)
[ info ] [ HEADER ] array (
  'accept-language' => 'zh-CN,zh;q=0.9',
  'accept-encoding' => 'gzip, deflate',
  'accept' => 'text/html,application/xhtml+xml,application/xml;q=0.9,image/webp,image/apng,*/*;q=0.8',
  'user-agent' => 'Mozilla/5.0 (Windows NT 10.0; Win64; x64) AppleWebKit/537.36 (KHTML, like Gecko) Chrome/65.0.3400.0 Iron Safari/537.36',
  'upgrade-insecure-requests' => '1',
  'cache-control' => 'no-cache',
  'pragma' => 'no-cache',
  'connection' => 'keep-alive',
  'host' => 'layblog.blog',
  'content-type' => '',
  'content-length' => '',
)
[ info ] [ PARAM ] array (
)
[ info ] [ VIEW ] /home/wwwroot/layblog.blog/./template/admin/index/index.html [ array (
) ]
---------------------------------------------------------------
[ 2018-09-11T23:59:22+08:00 ] 192.168.3.137 GET layblog.blog/index.php/admin/index/welcome.html
[运行时间：0.025376s] [吞吐率：39.41req/s] [内存消耗：1,886.69kb] [文件加载：66]
[ info ] [ LANG ] /home/wwwroot/layblog.blog/thinkphp/lang/zh-cn.php
[ info ] [ ROUTE ] array (
)
[ info ] [ HEADER ] array (
  'accept-language' => 'zh-CN,zh;q=0.9',
  'accept-encoding' => 'gzip, deflate',
  'referer' => 'http://layblog.blog/index.php/admin/index/index',
  'accept' => 'text/html,application/xhtml+xml,application/xml;q=0.9,image/webp,image/apng,*/*;q=0.8',
  'user-agent' => 'Mozilla/5.0 (Windows NT 10.0; Win64; x64) AppleWebKit/537.36 (KHTML, like Gecko) Chrome/65.0.3400.0 Iron Safari/537.36',
  'upgrade-insecure-requests' => '1',
  'cache-control' => 'no-cache',
  'pragma' => 'no-cache',
  'connection' => 'keep-alive',
  'host' => 'layblog.blog',
  'content-type' => '',
  'content-length' => '',
)
[ info ] [ PARAM ] array (
)
[ info ] [ VIEW ] /home/wwwroot/layblog.blog/./template/admin/index/welcome.html [ array (
) ]
---------------------------------------------------------------
[ 2018-09-11T23:59:25+08:00 ] 192.168.3.137 GET layblog.blog/index.php/admin/index/admin-info.html
[运行时间：0.023385s] [吞吐率：42.76req/s] [内存消耗：1,752.36kb] [文件加载：67]
[ info ] [ LANG ] /home/wwwroot/layblog.blog/thinkphp/lang/zh-cn.php
[ info ] [ ROUTE ] array (
)
[ info ] [ HEADER ] array (
  'accept-language' => 'zh-CN,zh;q=0.9',
  'accept-encoding' => 'gzip, deflate',
  'referer' => 'http://layblog.blog/index.php/admin/index/index',
  'accept' => 'text/html,application/xhtml+xml,application/xml;q=0.9,image/webp,image/apng,*/*;q=0.8',
  'user-agent' => 'Mozilla/5.0 (Windows NT 10.0; Win64; x64) AppleWebKit/537.36 (KHTML, like Gecko) Chrome/65.0.3400.0 Iron Safari/537.36',
  'upgrade-insecure-requests' => '1',
  'cache-control' => 'no-cache',
  'pragma' => 'no-cache',
  'connection' => 'keep-alive',
  'host' => 'layblog.blog',
  'content-type' => '',
  'content-length' => '',
)
[ info ] [ PARAM ] array (
)
