---------------------------------------------------------------
[ 2018-09-13T00:00:01+08:00 ] 192.168.3.137 GET layblog.blog/index.php/admin/index/index
[运行时间：0.020996s] [吞吐率：47.63req/s] [内存消耗：1,854.15kb] [文件加载：66]
[ info ] [ LANG ] /home/wwwroot/layblog.blog/thinkphp/lang/zh-cn.php
[ info ] [ ROUTE ] array (
)
[ info ] [ HEADER ] array (
  'accept-language' => 'zh-CN,zh;q=0.9',
  'accept-encoding' => 'gzip, deflate',
  'accept' => 'text/html,application/xhtml+xml,application/xml;q=0.9,image/webp,image/apng,*/*;q=0.8',
  'user-agent' => 'Mozilla/5.0 (Windows NT 10.0; Win64; x64) AppleWebKit/537.36 (KHTML, like Gecko) Chrome/65.0.3400.0 Iron Safari/537.36',
  'upgrade-insecure-requests' => '1',
  'cache-control' => 'no-cache',
  'pragma' => 'no-cache',
  'connection' => 'keep-alive',
  'host' => 'layblog.blog',
  'content-type' => '',
  'content-length' => '',
)
[ info ] [ PARAM ] array (
)
[ info ] [ VIEW ] /home/wwwroot/layblog.blog/./template/admin/index/index.html [ array (
) ]
---------------------------------------------------------------
[ 2018-09-13T00:00:01+08:00 ] 192.168.3.137 GET layblog.blog/index.php/admin/index/welcome.html
[运行时间：0.046149s] [吞吐率：21.67req/s] [内存消耗：2,968.58kb] [文件加载：82]
[ info ] [ LANG ] /home/wwwroot/layblog.blog/thinkphp/lang/zh-cn.php
[ info ] [ ROUTE ] array (
)
[ info ] [ HEADER ] array (
  'accept-language' => 'zh-CN,zh;q=0.9',
  'accept-encoding' => 'gzip, deflate',
  'referer' => 'http://layblog.blog/index.php/admin/index/index',
  'accept' => 'text/html,application/xhtml+xml,application/xml;q=0.9,image/webp,image/apng,*/*;q=0.8',
  'user-agent' => 'Mozilla/5.0 (Windows NT 10.0; Win64; x64) AppleWebKit/537.36 (KHTML, like Gecko) Chrome/65.0.3400.0 Iron Safari/537.36',
  'upgrade-insecure-requests' => '1',
  'cache-control' => 'no-cache',
  'pragma' => 'no-cache',
  'connection' => 'keep-alive',
  'host' => 'layblog.blog',
  'content-type' => '',
  'content-length' => '',
)
[ info ] [ PARAM ] array (
)
[ info ] [ DB ] INIT mysql
[ sql ] [ DB ] CONNECT:[ UseTime:0.000585s ] mysql:host=127.0.0.1;port=3306;dbname=layblog;charset=utf8mb4
[ sql ] [ SQL ] SHOW COLUMNS FROM `user` [ RunTime:0.000778s ]
[ sql ] [ SQL ] SELECT COUNT(`id`) AS tp_count FROM `user` LIMIT 1 [ RunTime:0.000224s ]
[ sql ] [ SQL ] SHOW COLUMNS FROM `post` [ RunTime:0.000570s ]
[ sql ] [ SQL ] SELECT COUNT(`id`) AS tp_count FROM `post` LIMIT 1 [ RunTime:0.000448s ]
[ sql ] [ SQL ] SHOW COLUMNS FROM `reply` [ RunTime:0.000675s ]
[ sql ] [ SQL ] SELECT COUNT(`id`) AS tp_count FROM `reply` LIMIT 1 [ RunTime:0.000559s ]
[ error ] [2]Invalid argument supplied for foreach()[/home/wwwroot/layblog.blog/thinkphp/library/think/db/Query.php:836]
---------------------------------------------------------------
[ 2018-09-13T00:00:25+08:00 ] 192.168.3.137 GET layblog.blog/index.php/admin/index/index
[运行时间：0.043809s] [吞吐率：22.83req/s] [内存消耗：1,710.51kb] [文件加载：64]
[ info ] [ LANG ] /home/wwwroot/layblog.blog/thinkphp/lang/zh-cn.php
[ info ] [ ROUTE ] array (
)
[ info ] [ HEADER ] array (
  'accept-language' => 'zh-CN,zh;q=0.9',
  'accept-encoding' => 'gzip, deflate',
  'accept' => 'text/html,application/xhtml+xml,application/xml;q=0.9,image/webp,image/apng,*/*;q=0.8',
  'user-agent' => 'Mozilla/5.0 (Windows NT 10.0; Win64; x64) AppleWebKit/537.36 (KHTML, like Gecko) Chrome/65.0.3400.0 Iron Safari/537.36',
  'upgrade-insecure-requests' => '1',
  'cache-control' => 'no-cache',
  'pragma' => 'no-cache',
  'connection' => 'keep-alive',
  'host' => 'layblog.blog',
  'content-type' => '',
  'content-length' => '',
)
[ info ] [ PARAM ] array (
)
[ error ] [0]语法解析错误: syntax error, unexpected ';', expecting ',' or ')'[/home/wwwroot/layblog.blog/application/admin/controller/Index.php:62]
---------------------------------------------------------------
[ 2018-09-13T00:00:48+08:00 ] 192.168.3.137 GET layblog.blog/index.php/admin/index/index
[运行时间：0.020068s] [吞吐率：49.83req/s] [内存消耗：1,854.21kb] [文件加载：66]
[ info ] [ LANG ] /home/wwwroot/layblog.blog/thinkphp/lang/zh-cn.php
[ info ] [ ROUTE ] array (
)
[ info ] [ HEADER ] array (
  'accept-language' => 'zh-CN,zh;q=0.9',
  'accept-encoding' => 'gzip, deflate',
  'accept' => 'text/html,application/xhtml+xml,application/xml;q=0.9,image/webp,image/apng,*/*;q=0.8',
  'user-agent' => 'Mozilla/5.0 (Windows NT 10.0; Win64; x64) AppleWebKit/537.36 (KHTML, like Gecko) Chrome/65.0.3400.0 Iron Safari/537.36',
  'upgrade-insecure-requests' => '1',
  'cache-control' => 'no-cache',
  'pragma' => 'no-cache',
  'connection' => 'keep-alive',
  'host' => 'layblog.blog',
  'content-type' => '',
  'content-length' => '',
)
[ info ] [ PARAM ] array (
)
[ info ] [ VIEW ] /home/wwwroot/layblog.blog/./template/admin/index/index.html [ array (
) ]
---------------------------------------------------------------
[ 2018-09-13T00:00:48+08:00 ] 192.168.3.137 GET layblog.blog/index.php/admin/index/welcome.html
[运行时间：0.068709s] [吞吐率：14.55req/s] [内存消耗：2,968.63kb] [文件加载：82]
[ info ] [ LANG ] /home/wwwroot/layblog.blog/thinkphp/lang/zh-cn.php
[ info ] [ ROUTE ] array (
)
[ info ] [ HEADER ] array (
  'accept-language' => 'zh-CN,zh;q=0.9',
  'accept-encoding' => 'gzip, deflate',
  'referer' => 'http://layblog.blog/index.php/admin/index/index',
  'accept' => 'text/html,application/xhtml+xml,application/xml;q=0.9,image/webp,image/apng,*/*;q=0.8',
  'user-agent' => 'Mozilla/5.0 (Windows NT 10.0; Win64; x64) AppleWebKit/537.36 (KHTML, like Gecko) Chrome/65.0.3400.0 Iron Safari/537.36',
  'upgrade-insecure-requests' => '1',
  'cache-control' => 'no-cache',
  'pragma' => 'no-cache',
  'connection' => 'keep-alive',
  'host' => 'layblog.blog',
  'content-type' => '',
  'content-length' => '',
)
[ info ] [ PARAM ] array (
)
[ info ] [ DB ] INIT mysql
[ sql ] [ DB ] CONNECT:[ UseTime:0.000994s ] mysql:host=127.0.0.1;port=3306;dbname=layblog;charset=utf8mb4
[ sql ] [ SQL ] SHOW COLUMNS FROM `user` [ RunTime:0.000715s ]
[ sql ] [ SQL ] SELECT COUNT(`id`) AS tp_count FROM `user` LIMIT 1 [ RunTime:0.000304s ]
[ sql ] [ SQL ] SHOW COLUMNS FROM `post` [ RunTime:0.000537s ]
[ sql ] [ SQL ] SELECT COUNT(`id`) AS tp_count FROM `post` LIMIT 1 [ RunTime:0.000431s ]
[ sql ] [ SQL ] SHOW COLUMNS FROM `reply` [ RunTime:0.000717s ]
[ sql ] [ SQL ] SELECT COUNT(`id`) AS tp_count FROM `reply` LIMIT 1 [ RunTime:0.000283s ]
[ error ] [2]Invalid argument supplied for foreach()[/home/wwwroot/layblog.blog/thinkphp/library/think/db/Query.php:836]
---------------------------------------------------------------
[ 2018-09-13T00:01:35+08:00 ] 192.168.3.137 GET layblog.blog/index.php/admin/index/index
[运行时间：0.021761s] [吞吐率：45.95req/s] [内存消耗：1,854.21kb] [文件加载：66]
[ info ] [ LANG ] /home/wwwroot/layblog.blog/thinkphp/lang/zh-cn.php
[ info ] [ ROUTE ] array (
)
[ info ] [ HEADER ] array (
  'accept-language' => 'zh-CN,zh;q=0.9',
  'accept-encoding' => 'gzip, deflate',
  'accept' => 'text/html,application/xhtml+xml,application/xml;q=0.9,image/webp,image/apng,*/*;q=0.8',
  'user-agent' => 'Mozilla/5.0 (Windows NT 10.0; Win64; x64) AppleWebKit/537.36 (KHTML, like Gecko) Chrome/65.0.3400.0 Iron Safari/537.36',
  'upgrade-insecure-requests' => '1',
  'cache-control' => 'no-cache',
  'pragma' => 'no-cache',
  'connection' => 'keep-alive',
  'host' => 'layblog.blog',
  'content-type' => '',
  'content-length' => '',
)
[ info ] [ PARAM ] array (
)
[ info ] [ VIEW ] /home/wwwroot/layblog.blog/./template/admin/index/index.html [ array (
) ]
---------------------------------------------------------------
[ 2018-09-13T00:01:36+08:00 ] 192.168.3.137 GET layblog.blog/index.php/admin/index/welcome.html
[运行时间：0.086754s] [吞吐率：11.53req/s] [内存消耗：2,944.45kb] [文件加载：81]
[ info ] [ LANG ] /home/wwwroot/layblog.blog/thinkphp/lang/zh-cn.php
[ info ] [ ROUTE ] array (
)
[ info ] [ HEADER ] array (
  'accept-language' => 'zh-CN,zh;q=0.9',
  'accept-encoding' => 'gzip, deflate',
  'referer' => 'http://layblog.blog/index.php/admin/index/index',
  'accept' => 'text/html,application/xhtml+xml,application/xml;q=0.9,image/webp,image/apng,*/*;q=0.8',
  'user-agent' => 'Mozilla/5.0 (Windows NT 10.0; Win64; x64) AppleWebKit/537.36 (KHTML, like Gecko) Chrome/65.0.3400.0 Iron Safari/537.36',
  'upgrade-insecure-requests' => '1',
  'cache-control' => 'no-cache',
  'pragma' => 'no-cache',
  'connection' => 'keep-alive',
  'host' => 'layblog.blog',
  'content-type' => '',
  'content-length' => '',
)
[ info ] [ PARAM ] array (
)
[ info ] [ DB ] INIT mysql
[ sql ] [ DB ] CONNECT:[ UseTime:0.000631s ] mysql:host=127.0.0.1;port=3306;dbname=layblog;charset=utf8mb4
[ sql ] [ SQL ] SHOW COLUMNS FROM `user` [ RunTime:0.000804s ]
[ sql ] [ SQL ] SELECT COUNT(`id`) AS tp_count FROM `user` LIMIT 1 [ RunTime:0.000212s ]
[ sql ] [ SQL ] SHOW COLUMNS FROM `post` [ RunTime:0.000773s ]
[ sql ] [ SQL ] SELECT COUNT(`id`) AS tp_count FROM `post` LIMIT 1 [ RunTime:0.000231s ]
[ sql ] [ SQL ] SHOW COLUMNS FROM `reply` [ RunTime:0.000489s ]
[ sql ] [ SQL ] SELECT COUNT(`id`) AS tp_count FROM `reply` LIMIT 1 [ RunTime:0.000181s ]
[ sql ] [ SQL ] SELECT `u`.`id`,`u`.`name`,`r`.`id`,`r`.`uid`,`r`.`pid`,`r`.`content`,`r`.`create_time` FROM `reply` `r` INNER JOIN `user` `u` ON `r`.`uid`=`u`.`id` ORDER BY `create_time` DESC LIMIT 5 [ RunTime:0.000406s ]
---------------------------------------------------------------
[ 2018-09-13T00:01:43+08:00 ] 192.168.3.137 GET layblog.blog/index.php/admin/index/index
[运行时间：0.020511s] [吞吐率：48.75req/s] [内存消耗：1,854.16kb] [文件加载：66]
[ info ] [ LANG ] /home/wwwroot/layblog.blog/thinkphp/lang/zh-cn.php
[ info ] [ ROUTE ] array (
)
[ info ] [ HEADER ] array (
  'accept-language' => 'zh-CN,zh;q=0.9',
  'accept-encoding' => 'gzip, deflate',
  'accept' => 'text/html,application/xhtml+xml,application/xml;q=0.9,image/webp,image/apng,*/*;q=0.8',
  'user-agent' => 'Mozilla/5.0 (Windows NT 10.0; Win64; x64) AppleWebKit/537.36 (KHTML, like Gecko) Chrome/65.0.3400.0 Iron Safari/537.36',
  'upgrade-insecure-requests' => '1',
  'cache-control' => 'no-cache',
  'pragma' => 'no-cache',
  'connection' => 'keep-alive',
  'host' => 'layblog.blog',
  'content-type' => '',
  'content-length' => '',
)
[ info ] [ PARAM ] array (
)
[ info ] [ VIEW ] /home/wwwroot/layblog.blog/./template/admin/index/index.html [ array (
) ]
---------------------------------------------------------------
[ 2018-09-13T00:01:44+08:00 ] 192.168.3.137 GET layblog.blog/index.php/admin/index/welcome.html
[运行时间：0.078167s] [吞吐率：12.79req/s] [内存消耗：3,208.34kb] [文件加载：85]
[ info ] [ LANG ] /home/wwwroot/layblog.blog/thinkphp/lang/zh-cn.php
[ info ] [ ROUTE ] array (
)
[ info ] [ HEADER ] array (
  'accept-language' => 'zh-CN,zh;q=0.9',
  'accept-encoding' => 'gzip, deflate',
  'referer' => 'http://layblog.blog/index.php/admin/index/index',
  'accept' => 'text/html,application/xhtml+xml,application/xml;q=0.9,image/webp,image/apng,*/*;q=0.8',
  'user-agent' => 'Mozilla/5.0 (Windows NT 10.0; Win64; x64) AppleWebKit/537.36 (KHTML, like Gecko) Chrome/65.0.3400.0 Iron Safari/537.36',
  'upgrade-insecure-requests' => '1',
  'cache-control' => 'no-cache',
  'pragma' => 'no-cache',
  'connection' => 'keep-alive',
  'host' => 'layblog.blog',
  'content-type' => '',
  'content-length' => '',
)
[ info ] [ PARAM ] array (
)
[ info ] [ DB ] INIT mysql
[ info ] [ VIEW ] /home/wwwroot/layblog.blog/./template/admin/index/welcome.html [ array (
  0 => 'members',
  1 => 'posts',
  2 => 'commends',
  3 => 'info',
  4 => 'recentPost',
) ]
[ sql ] [ DB ] CONNECT:[ UseTime:0.000819s ] mysql:host=127.0.0.1;port=3306;dbname=layblog;charset=utf8mb4
[ sql ] [ SQL ] SHOW COLUMNS FROM `user` [ RunTime:0.000826s ]
[ sql ] [ SQL ] SELECT COUNT(`id`) AS tp_count FROM `user` LIMIT 1 [ RunTime:0.000360s ]
[ sql ] [ SQL ] SHOW COLUMNS FROM `post` [ RunTime:0.000717s ]
[ sql ] [ SQL ] SELECT COUNT(`id`) AS tp_count FROM `post` LIMIT 1 [ RunTime:0.000199s ]
[ sql ] [ SQL ] SHOW COLUMNS FROM `reply` [ RunTime:0.000473s ]
[ sql ] [ SQL ] SELECT COUNT(`id`) AS tp_count FROM `reply` LIMIT 1 [ RunTime:0.000233s ]
[ sql ] [ SQL ] SELECT `u`.`id`,`u`.`name`,`r`.`id`,`r`.`uid`,`r`.`pid`,`r`.`content`,`r`.`create_time` FROM `reply` `r` INNER JOIN `user` `u` ON `r`.`uid`=`u`.`id` ORDER BY `create_time` DESC LIMIT 5 [ RunTime:0.000298s ]
[ error ] [0]类的属性不存在:app\common\model\Reply->time[/home/wwwroot/layblog.blog/thinkphp/library/think/model/concern/Attribute.php:512]
---------------------------------------------------------------
[ 2018-09-13T00:02:05+08:00 ] 192.168.3.137 GET layblog.blog/index.php/admin/index/index
[运行时间：0.020676s] [吞吐率：48.36req/s] [内存消耗：1,854.16kb] [文件加载：66]
[ info ] [ LANG ] /home/wwwroot/layblog.blog/thinkphp/lang/zh-cn.php
[ info ] [ ROUTE ] array (
)
[ info ] [ HEADER ] array (
  'accept-language' => 'zh-CN,zh;q=0.9',
  'accept-encoding' => 'gzip, deflate',
  'accept' => 'text/html,application/xhtml+xml,application/xml;q=0.9,image/webp,image/apng,*/*;q=0.8',
  'user-agent' => 'Mozilla/5.0 (Windows NT 10.0; Win64; x64) AppleWebKit/537.36 (KHTML, like Gecko) Chrome/65.0.3400.0 Iron Safari/537.36',
  'upgrade-insecure-requests' => '1',
  'cache-control' => 'no-cache',
  'pragma' => 'no-cache',
  'connection' => 'keep-alive',
  'host' => 'layblog.blog',
  'content-type' => '',
  'content-length' => '',
)
[ info ] [ PARAM ] array (
)
[ info ] [ VIEW ] /home/wwwroot/layblog.blog/./template/admin/index/index.html [ array (
) ]
---------------------------------------------------------------
[ 2018-09-13T00:02:05+08:00 ] 192.168.3.137 GET layblog.blog/index.php/admin/index/welcome.html
[运行时间：0.049798s] [吞吐率：20.08req/s] [内存消耗：3,144.62kb] [文件加载：82]
[ info ] [ LANG ] /home/wwwroot/layblog.blog/thinkphp/lang/zh-cn.php
[ info ] [ ROUTE ] array (
)
[ info ] [ HEADER ] array (
  'accept-language' => 'zh-CN,zh;q=0.9',
  'accept-encoding' => 'gzip, deflate',
  'referer' => 'http://layblog.blog/index.php/admin/index/index',
  'accept' => 'text/html,application/xhtml+xml,application/xml;q=0.9,image/webp,image/apng,*/*;q=0.8',
  'user-agent' => 'Mozilla/5.0 (Windows NT 10.0; Win64; x64) AppleWebKit/537.36 (KHTML, like Gecko) Chrome/65.0.3400.0 Iron Safari/537.36',
  'upgrade-insecure-requests' => '1',
  'cache-control' => 'no-cache',
  'pragma' => 'no-cache',
  'connection' => 'keep-alive',
  'host' => 'layblog.blog',
  'content-type' => '',
  'content-length' => '',
)
[ info ] [ PARAM ] array (
)
[ info ] [ DB ] INIT mysql
[ info ] [ VIEW ] /home/wwwroot/layblog.blog/./template/admin/index/welcome.html [ array (
  0 => 'members',
  1 => 'posts',
  2 => 'commends',
  3 => 'info',
  4 => 'recentPost',
) ]
[ sql ] [ DB ] CONNECT:[ UseTime:0.000593s ] mysql:host=127.0.0.1;port=3306;dbname=layblog;charset=utf8mb4
[ sql ] [ SQL ] SHOW COLUMNS FROM `user` [ RunTime:0.000764s ]
[ sql ] [ SQL ] SELECT COUNT(`id`) AS tp_count FROM `user` LIMIT 1 [ RunTime:0.000384s ]
[ sql ] [ SQL ] SHOW COLUMNS FROM `post` [ RunTime:0.000841s ]
[ sql ] [ SQL ] SELECT COUNT(`id`) AS tp_count FROM `post` LIMIT 1 [ RunTime:0.000357s ]
[ sql ] [ SQL ] SHOW COLUMNS FROM `reply` [ RunTime:0.001041s ]
[ sql ] [ SQL ] SELECT COUNT(`id`) AS tp_count FROM `reply` LIMIT 1 [ RunTime:0.000564s ]
[ sql ] [ SQL ] SELECT `u`.`id`,`u`.`name`,`r`.`id`,`r`.`uid`,`r`.`pid`,`r`.`content`,`r`.`create_time` FROM `reply` `r` INNER JOIN `user` `u` ON `r`.`uid`=`u`.`id` ORDER BY `create_time` DESC LIMIT 5 [ RunTime:0.000464s ]
---------------------------------------------------------------
[ 2018-09-13T00:03:59+08:00 ] 192.168.3.137 GET layblog.blog/index.php/admin/index/index
[运行时间：0.021055s] [吞吐率：47.49req/s] [内存消耗：1,854.16kb] [文件加载：66]
[ info ] [ LANG ] /home/wwwroot/layblog.blog/thinkphp/lang/zh-cn.php
[ info ] [ ROUTE ] array (
)
[ info ] [ HEADER ] array (
  'accept-language' => 'zh-CN,zh;q=0.9',
  'accept-encoding' => 'gzip, deflate',
  'accept' => 'text/html,application/xhtml+xml,application/xml;q=0.9,image/webp,image/apng,*/*;q=0.8',
  'user-agent' => 'Mozilla/5.0 (Windows NT 10.0; Win64; x64) AppleWebKit/537.36 (KHTML, like Gecko) Chrome/65.0.3400.0 Iron Safari/537.36',
  'upgrade-insecure-requests' => '1',
  'cache-control' => 'no-cache',
  'pragma' => 'no-cache',
  'connection' => 'keep-alive',
  'host' => 'layblog.blog',
  'content-type' => '',
  'content-length' => '',
)
[ info ] [ PARAM ] array (
)
[ info ] [ VIEW ] /home/wwwroot/layblog.blog/./template/admin/index/index.html [ array (
) ]
---------------------------------------------------------------
[ 2018-09-13T00:03:59+08:00 ] 192.168.3.137 GET layblog.blog/index.php/admin/index/welcome.html
[运行时间：0.065647s] [吞吐率：15.23req/s] [内存消耗：3,144.62kb] [文件加载：82]
[ info ] [ LANG ] /home/wwwroot/layblog.blog/thinkphp/lang/zh-cn.php
[ info ] [ ROUTE ] array (
)
[ info ] [ HEADER ] array (
  'accept-language' => 'zh-CN,zh;q=0.9',
  'accept-encoding' => 'gzip, deflate',
  'referer' => 'http://layblog.blog/index.php/admin/index/index',
  'accept' => 'text/html,application/xhtml+xml,application/xml;q=0.9,image/webp,image/apng,*/*;q=0.8',
  'user-agent' => 'Mozilla/5.0 (Windows NT 10.0; Win64; x64) AppleWebKit/537.36 (KHTML, like Gecko) Chrome/65.0.3400.0 Iron Safari/537.36',
  'upgrade-insecure-requests' => '1',
  'cache-control' => 'no-cache',
  'pragma' => 'no-cache',
  'connection' => 'keep-alive',
  'host' => 'layblog.blog',
  'content-type' => '',
  'content-length' => '',
)
[ info ] [ PARAM ] array (
)
[ info ] [ DB ] INIT mysql
[ info ] [ VIEW ] /home/wwwroot/layblog.blog/./template/admin/index/welcome.html [ array (
  0 => 'members',
  1 => 'posts',
  2 => 'commends',
  3 => 'info',
  4 => 'recentPost',
) ]
[ sql ] [ DB ] CONNECT:[ UseTime:0.000657s ] mysql:host=127.0.0.1;port=3306;dbname=layblog;charset=utf8mb4
[ sql ] [ SQL ] SHOW COLUMNS FROM `user` [ RunTime:0.000868s ]
[ sql ] [ SQL ] SELECT COUNT(`id`) AS tp_count FROM `user` LIMIT 1 [ RunTime:0.000612s ]
[ sql ] [ SQL ] SHOW COLUMNS FROM `post` [ RunTime:0.000804s ]
[ sql ] [ SQL ] SELECT COUNT(`id`) AS tp_count FROM `post` LIMIT 1 [ RunTime:0.000246s ]
[ sql ] [ SQL ] SHOW COLUMNS FROM `reply` [ RunTime:0.000680s ]
[ sql ] [ SQL ] SELECT COUNT(`id`) AS tp_count FROM `reply` LIMIT 1 [ RunTime:0.000525s ]
[ sql ] [ SQL ] SELECT `u`.`id`,`u`.`name`,`r`.`id`,`r`.`uid`,`r`.`pid`,`r`.`content`,`r`.`create_time` FROM `reply` `r` INNER JOIN `user` `u` ON `r`.`uid`=`u`.`id` ORDER BY `create_time` DESC LIMIT 5 [ RunTime:0.000325s ]
---------------------------------------------------------------
[ 2018-09-13T00:05:01+08:00 ] 192.168.3.137 GET layblog.blog/index.php/admin/index/index
[运行时间：0.020548s] [吞吐率：48.67req/s] [内存消耗：1,854.16kb] [文件加载：66]
[ info ] [ LANG ] /home/wwwroot/layblog.blog/thinkphp/lang/zh-cn.php
[ info ] [ ROUTE ] array (
)
[ info ] [ HEADER ] array (
  'accept-language' => 'zh-CN,zh;q=0.9',
  'accept-encoding' => 'gzip, deflate',
  'accept' => 'text/html,application/xhtml+xml,application/xml;q=0.9,image/webp,image/apng,*/*;q=0.8',
  'user-agent' => 'Mozilla/5.0 (Windows NT 10.0; Win64; x64) AppleWebKit/537.36 (KHTML, like Gecko) Chrome/65.0.3400.0 Iron Safari/537.36',
  'upgrade-insecure-requests' => '1',
  'cache-control' => 'no-cache',
  'pragma' => 'no-cache',
  'connection' => 'keep-alive',
  'host' => 'layblog.blog',
  'content-type' => '',
  'content-length' => '',
)
[ info ] [ PARAM ] array (
)
[ info ] [ VIEW ] /home/wwwroot/layblog.blog/./template/admin/index/index.html [ array (
) ]
---------------------------------------------------------------
[ 2018-09-13T00:05:01+08:00 ] 192.168.3.137 GET layblog.blog/index.php/admin/index/welcome.html
[运行时间：0.069952s] [吞吐率：14.30req/s] [内存消耗：3,144.62kb] [文件加载：82]
[ info ] [ LANG ] /home/wwwroot/layblog.blog/thinkphp/lang/zh-cn.php
[ info ] [ ROUTE ] array (
)
[ info ] [ HEADER ] array (
  'accept-language' => 'zh-CN,zh;q=0.9',
  'accept-encoding' => 'gzip, deflate',
  'referer' => 'http://layblog.blog/index.php/admin/index/index',
  'accept' => 'text/html,application/xhtml+xml,application/xml;q=0.9,image/webp,image/apng,*/*;q=0.8',
  'user-agent' => 'Mozilla/5.0 (Windows NT 10.0; Win64; x64) AppleWebKit/537.36 (KHTML, like Gecko) Chrome/65.0.3400.0 Iron Safari/537.36',
  'upgrade-insecure-requests' => '1',
  'cache-control' => 'no-cache',
  'pragma' => 'no-cache',
  'connection' => 'keep-alive',
  'host' => 'layblog.blog',
  'content-type' => '',
  'content-length' => '',
)
[ info ] [ PARAM ] array (
)
[ info ] [ DB ] INIT mysql
[ info ] [ VIEW ] /home/wwwroot/layblog.blog/./template/admin/index/welcome.html [ array (
  0 => 'members',
  1 => 'posts',
  2 => 'commends',
  3 => 'info',
  4 => 'recentPost',
) ]
[ sql ] [ DB ] CONNECT:[ UseTime:0.000573s ] mysql:host=127.0.0.1;port=3306;dbname=layblog;charset=utf8mb4
[ sql ] [ SQL ] SHOW COLUMNS FROM `user` [ RunTime:0.000814s ]
[ sql ] [ SQL ] SELECT COUNT(`id`) AS tp_count FROM `user` LIMIT 1 [ RunTime:0.000389s ]
[ sql ] [ SQL ] SHOW COLUMNS FROM `post` [ RunTime:0.000772s ]
[ sql ] [ SQL ] SELECT COUNT(`id`) AS tp_count FROM `post` LIMIT 1 [ RunTime:0.000319s ]
[ sql ] [ SQL ] SHOW COLUMNS FROM `reply` [ RunTime:0.000679s ]
[ sql ] [ SQL ] SELECT COUNT(`id`) AS tp_count FROM `reply` LIMIT 1 [ RunTime:0.000365s ]
[ sql ] [ SQL ] SELECT `u`.`id`,`u`.`name`,`r`.`id`,`r`.`uid`,`r`.`pid`,`r`.`content`,`r`.`create_time` FROM `reply` `r` INNER JOIN `user` `u` ON `r`.`uid`=`u`.`id` ORDER BY `create_time` DESC LIMIT 5 [ RunTime:0.000276s ]
---------------------------------------------------------------
[ 2018-09-13T00:05:20+08:00 ] 192.168.3.137 GET layblog.blog/index.php/admin/index/index
[运行时间：0.019959s] [吞吐率：50.10req/s] [内存消耗：1,854.16kb] [文件加载：66]
[ info ] [ LANG ] /home/wwwroot/layblog.blog/thinkphp/lang/zh-cn.php
[ info ] [ ROUTE ] array (
)
[ info ] [ HEADER ] array (
  'accept-language' => 'zh-CN,zh;q=0.9',
  'accept-encoding' => 'gzip, deflate',
  'accept' => 'text/html,application/xhtml+xml,application/xml;q=0.9,image/webp,image/apng,*/*;q=0.8',
  'user-agent' => 'Mozilla/5.0 (Windows NT 10.0; Win64; x64) AppleWebKit/537.36 (KHTML, like Gecko) Chrome/65.0.3400.0 Iron Safari/537.36',
  'upgrade-insecure-requests' => '1',
  'cache-control' => 'no-cache',
  'pragma' => 'no-cache',
  'connection' => 'keep-alive',
  'host' => 'layblog.blog',
  'content-type' => '',
  'content-length' => '',
)
[ info ] [ PARAM ] array (
)
[ info ] [ VIEW ] /home/wwwroot/layblog.blog/./template/admin/index/index.html [ array (
) ]
---------------------------------------------------------------
[ 2018-09-13T00:05:20+08:00 ] 192.168.3.137 GET layblog.blog/index.php/admin/index/welcome.html
[运行时间：0.108797s] [吞吐率：9.19req/s] [内存消耗：3,144.62kb] [文件加载：82]
[ info ] [ LANG ] /home/wwwroot/layblog.blog/thinkphp/lang/zh-cn.php
[ info ] [ ROUTE ] array (
)
[ info ] [ HEADER ] array (
  'accept-language' => 'zh-CN,zh;q=0.9',
  'accept-encoding' => 'gzip, deflate',
  'referer' => 'http://layblog.blog/index.php/admin/index/index',
  'accept' => 'text/html,application/xhtml+xml,application/xml;q=0.9,image/webp,image/apng,*/*;q=0.8',
  'user-agent' => 'Mozilla/5.0 (Windows NT 10.0; Win64; x64) AppleWebKit/537.36 (KHTML, like Gecko) Chrome/65.0.3400.0 Iron Safari/537.36',
  'upgrade-insecure-requests' => '1',
  'cache-control' => 'no-cache',
  'pragma' => 'no-cache',
  'connection' => 'keep-alive',
  'host' => 'layblog.blog',
  'content-type' => '',
  'content-length' => '',
)
[ info ] [ PARAM ] array (
)
[ info ] [ DB ] INIT mysql
[ info ] [ VIEW ] /home/wwwroot/layblog.blog/./template/admin/index/welcome.html [ array (
  0 => 'members',
  1 => 'posts',
  2 => 'commends',
  3 => 'info',
  4 => 'recentPost',
) ]
[ sql ] [ DB ] CONNECT:[ UseTime:0.001271s ] mysql:host=127.0.0.1;port=3306;dbname=layblog;charset=utf8mb4
[ sql ] [ SQL ] SHOW COLUMNS FROM `user` [ RunTime:0.001690s ]
[ sql ] [ SQL ] SELECT COUNT(`id`) AS tp_count FROM `user` LIMIT 1 [ RunTime:0.000596s ]
[ sql ] [ SQL ] SHOW COLUMNS FROM `post` [ RunTime:0.001012s ]
[ sql ] [ SQL ] SELECT COUNT(`id`) AS tp_count FROM `post` LIMIT 1 [ RunTime:0.000788s ]
[ sql ] [ SQL ] SHOW COLUMNS FROM `reply` [ RunTime:0.000855s ]
[ sql ] [ SQL ] SELECT COUNT(`id`) AS tp_count FROM `reply` LIMIT 1 [ RunTime:0.000235s ]
[ sql ] [ SQL ] SELECT `u`.`id`,`u`.`name`,`r`.`id`,`r`.`uid`,`r`.`pid`,`r`.`content`,`r`.`create_time` FROM `reply` `r` INNER JOIN `user` `u` ON `r`.`uid`=`u`.`id` ORDER BY `create_time` DESC LIMIT 5 [ RunTime:0.000373s ]
---------------------------------------------------------------
[ 2018-09-13T00:05:29+08:00 ] 192.168.3.137 GET layblog.blog/index.php/admin/index/menu1.html
[运行时间：0.022262s] [吞吐率：44.92req/s] [内存消耗：1,901.92kb] [文件加载：66]
[ info ] [ LANG ] /home/wwwroot/layblog.blog/thinkphp/lang/zh-cn.php
[ info ] [ ROUTE ] array (
)
[ info ] [ HEADER ] array (
  'accept-language' => 'zh-CN,zh;q=0.9',
  'accept-encoding' => 'gzip, deflate',
  'referer' => 'http://layblog.blog/index.php/admin/index/index',
  'accept' => 'text/html,application/xhtml+xml,application/xml;q=0.9,image/webp,image/apng,*/*;q=0.8',
  'user-agent' => 'Mozilla/5.0 (Windows NT 10.0; Win64; x64) AppleWebKit/537.36 (KHTML, like Gecko) Chrome/65.0.3400.0 Iron Safari/537.36',
  'upgrade-insecure-requests' => '1',
  'cache-control' => 'no-cache',
  'pragma' => 'no-cache',
  'connection' => 'keep-alive',
  'host' => 'layblog.blog',
  'content-type' => '',
  'content-length' => '',
)
[ info ] [ PARAM ] array (
)
[ info ] [ VIEW ] /home/wwwroot/layblog.blog/./template/admin/index/menu1.html [ array (
) ]
---------------------------------------------------------------
[ 2018-09-13T00:05:48+08:00 ] 192.168.3.137 GET layblog.blog/index.php/admin/index/admininfo.html
[运行时间：0.023931s] [吞吐率：41.79req/s] [内存消耗：1,864.31kb] [文件加载：66]
[ info ] [ LANG ] /home/wwwroot/layblog.blog/thinkphp/lang/zh-cn.php
[ info ] [ ROUTE ] array (
)
[ info ] [ HEADER ] array (
  'accept-language' => 'zh-CN,zh;q=0.9',
  'accept-encoding' => 'gzip, deflate',
  'referer' => 'http://layblog.blog/index.php/admin/index/index',
  'accept' => 'text/html,application/xhtml+xml,application/xml;q=0.9,image/webp,image/apng,*/*;q=0.8',
  'user-agent' => 'Mozilla/5.0 (Windows NT 10.0; Win64; x64) AppleWebKit/537.36 (KHTML, like Gecko) Chrome/65.0.3400.0 Iron Safari/537.36',
  'upgrade-insecure-requests' => '1',
  'cache-control' => 'no-cache',
  'pragma' => 'no-cache',
  'connection' => 'keep-alive',
  'host' => 'layblog.blog',
  'content-type' => '',
  'content-length' => '',
)
[ info ] [ PARAM ] array (
)
[ info ] [ VIEW ] /home/wwwroot/layblog.blog/./template/admin/index/admin_info.html [ array (
) ]
---------------------------------------------------------------
[ 2018-09-13T00:14:30+08:00 ] 192.168.3.137 GET layblog.blog/index.php/admin/index/index
[运行时间：0.020424s] [吞吐率：48.96req/s] [内存消耗：1,854.71kb] [文件加载：66]
[ info ] [ LANG ] /home/wwwroot/layblog.blog/thinkphp/lang/zh-cn.php
[ info ] [ ROUTE ] array (
)
[ info ] [ HEADER ] array (
  'accept-language' => 'zh-CN,zh;q=0.9',
  'accept-encoding' => 'gzip, deflate',
  'accept' => 'text/html,application/xhtml+xml,application/xml;q=0.9,image/webp,image/apng,*/*;q=0.8',
  'user-agent' => 'Mozilla/5.0 (Windows NT 10.0; Win64; x64) AppleWebKit/537.36 (KHTML, like Gecko) Chrome/65.0.3400.0 Iron Safari/537.36',
  'upgrade-insecure-requests' => '1',
  'cache-control' => 'no-cache',
  'pragma' => 'no-cache',
  'connection' => 'keep-alive',
  'host' => 'layblog.blog',
  'content-type' => '',
  'content-length' => '',
)
[ info ] [ PARAM ] array (
)
[ info ] [ VIEW ] /home/wwwroot/layblog.blog/./template/admin/index/index.html [ array (
) ]
---------------------------------------------------------------
[ 2018-09-13T00:14:30+08:00 ] 192.168.3.137 GET layblog.blog/index.php/admin/index/welcome.html
[运行时间：0.052113s] [吞吐率：19.19req/s] [内存消耗：3,145.23kb] [文件加载：82]
[ info ] [ LANG ] /home/wwwroot/layblog.blog/thinkphp/lang/zh-cn.php
[ info ] [ ROUTE ] array (
)
[ info ] [ HEADER ] array (
  'accept-language' => 'zh-CN,zh;q=0.9',
  'accept-encoding' => 'gzip, deflate',
  'referer' => 'http://layblog.blog/index.php/admin/index/index',
  'accept' => 'text/html,application/xhtml+xml,application/xml;q=0.9,image/webp,image/apng,*/*;q=0.8',
  'user-agent' => 'Mozilla/5.0 (Windows NT 10.0; Win64; x64) AppleWebKit/537.36 (KHTML, like Gecko) Chrome/65.0.3400.0 Iron Safari/537.36',
  'upgrade-insecure-requests' => '1',
  'cache-control' => 'no-cache',
  'pragma' => 'no-cache',
  'connection' => 'keep-alive',
  'host' => 'layblog.blog',
  'content-type' => '',
  'content-length' => '',
)
[ info ] [ PARAM ] array (
)
[ info ] [ DB ] INIT mysql
[ info ] [ VIEW ] /home/wwwroot/layblog.blog/./template/admin/index/welcome.html [ array (
  0 => 'members',
  1 => 'posts',
  2 => 'commends',
  3 => 'info',
  4 => 'recentPost',
) ]
[ sql ] [ DB ] CONNECT:[ UseTime:0.000766s ] mysql:host=127.0.0.1;port=3306;dbname=layblog;charset=utf8mb4
[ sql ] [ SQL ] SHOW COLUMNS FROM `user` [ RunTime:0.001508s ]
[ sql ] [ SQL ] SELECT COUNT(`id`) AS tp_count FROM `user` LIMIT 1 [ RunTime:0.000592s ]
[ sql ] [ SQL ] SHOW COLUMNS FROM `post` [ RunTime:0.000832s ]
[ sql ] [ SQL ] SELECT COUNT(`id`) AS tp_count FROM `post` LIMIT 1 [ RunTime:0.000664s ]
[ sql ] [ SQL ] SHOW COLUMNS FROM `reply` [ RunTime:0.000780s ]
[ sql ] [ SQL ] SELECT COUNT(`id`) AS tp_count FROM `reply` LIMIT 1 [ RunTime:0.000370s ]
[ sql ] [ SQL ] SELECT `u`.`id`,`u`.`name`,`r`.`id`,`r`.`uid`,`r`.`pid`,`r`.`content`,`r`.`create_time` FROM `reply` `r` INNER JOIN `user` `u` ON `r`.`uid`=`u`.`id` ORDER BY `create_time` DESC LIMIT 5 [ RunTime:0.000561s ]
---------------------------------------------------------------
[ 2018-09-13T00:14:31+08:00 ] 192.168.3.137 GET layblog.blog/index.php/admin/index/admininfo.html
[运行时间：0.034007s] [吞吐率：29.41req/s] [内存消耗：3,038.63kb] [文件加载：78]
[ info ] [ LANG ] /home/wwwroot/layblog.blog/thinkphp/lang/zh-cn.php
[ info ] [ ROUTE ] array (
)
[ info ] [ HEADER ] array (
  'accept-language' => 'zh-CN,zh;q=0.9',
  'accept-encoding' => 'gzip, deflate',
  'referer' => 'http://layblog.blog/index.php/admin/index/index',
  'accept' => 'text/html,application/xhtml+xml,application/xml;q=0.9,image/webp,image/apng,*/*;q=0.8',
  'user-agent' => 'Mozilla/5.0 (Windows NT 10.0; Win64; x64) AppleWebKit/537.36 (KHTML, like Gecko) Chrome/65.0.3400.0 Iron Safari/537.36',
  'upgrade-insecure-requests' => '1',
  'cache-control' => 'no-cache',
  'pragma' => 'no-cache',
  'connection' => 'keep-alive',
  'host' => 'layblog.blog',
  'content-type' => '',
  'content-length' => '',
)
[ info ] [ PARAM ] array (
)
[ info ] [ DB ] INIT mysql
[ info ] [ VIEW ] /home/wwwroot/layblog.blog/./template/admin/index/admin_info.html [ array (
  0 => 'data',
) ]
[ sql ] [ DB ] CONNECT:[ UseTime:0.000677s ] mysql:host=127.0.0.1;port=3306;dbname=layblog;charset=utf8mb4
[ sql ] [ SQL ] SHOW COLUMNS FROM `user` [ RunTime:0.000842s ]
[ sql ] [ SQL ] SELECT * FROM `user` WHERE  `id` = 1 LIMIT 1 [ RunTime:0.000604s ]
---------------------------------------------------------------
[ 2018-09-13T00:14:45+08:00 ] 192.168.3.137 GET layblog.blog/index.php/admin/index/index
[运行时间：0.020305s] [吞吐率：49.25req/s] [内存消耗：1,854.71kb] [文件加载：66]
[ info ] [ LANG ] /home/wwwroot/layblog.blog/thinkphp/lang/zh-cn.php
[ info ] [ ROUTE ] array (
)
[ info ] [ HEADER ] array (
  'accept-language' => 'zh-CN,zh;q=0.9',
  'accept-encoding' => 'gzip, deflate',
  'accept' => 'text/html,application/xhtml+xml,application/xml;q=0.9,image/webp,image/apng,*/*;q=0.8',
  'user-agent' => 'Mozilla/5.0 (Windows NT 10.0; Win64; x64) AppleWebKit/537.36 (KHTML, like Gecko) Chrome/65.0.3400.0 Iron Safari/537.36',
  'upgrade-insecure-requests' => '1',
  'cache-control' => 'no-cache',
  'pragma' => 'no-cache',
  'connection' => 'keep-alive',
  'host' => 'layblog.blog',
  'content-type' => '',
  'content-length' => '',
)
[ info ] [ PARAM ] array (
)
[ info ] [ VIEW ] /home/wwwroot/layblog.blog/./template/admin/index/index.html [ array (
) ]
---------------------------------------------------------------
[ 2018-09-13T00:14:46+08:00 ] 192.168.3.137 GET layblog.blog/index.php/admin/index/welcome.html
[运行时间：0.074364s] [吞吐率：13.45req/s] [内存消耗：3,145.23kb] [文件加载：82]
[ info ] [ LANG ] /home/wwwroot/layblog.blog/thinkphp/lang/zh-cn.php
[ info ] [ ROUTE ] array (
)
[ info ] [ HEADER ] array (
  'accept-language' => 'zh-CN,zh;q=0.9',
  'accept-encoding' => 'gzip, deflate',
  'referer' => 'http://layblog.blog/index.php/admin/index/index',
  'accept' => 'text/html,application/xhtml+xml,application/xml;q=0.9,image/webp,image/apng,*/*;q=0.8',
  'user-agent' => 'Mozilla/5.0 (Windows NT 10.0; Win64; x64) AppleWebKit/537.36 (KHTML, like Gecko) Chrome/65.0.3400.0 Iron Safari/537.36',
  'upgrade-insecure-requests' => '1',
  'cache-control' => 'no-cache',
  'pragma' => 'no-cache',
  'connection' => 'keep-alive',
  'host' => 'layblog.blog',
  'content-type' => '',
  'content-length' => '',
)
[ info ] [ PARAM ] array (
)
[ info ] [ DB ] INIT mysql
[ info ] [ VIEW ] /home/wwwroot/layblog.blog/./template/admin/index/welcome.html [ array (
  0 => 'members',
  1 => 'posts',
  2 => 'commends',
  3 => 'info',
  4 => 'recentPost',
) ]
[ sql ] [ DB ] CONNECT:[ UseTime:0.000941s ] mysql:host=127.0.0.1;port=3306;dbname=layblog;charset=utf8mb4
[ sql ] [ SQL ] SHOW COLUMNS FROM `user` [ RunTime:0.001211s ]
[ sql ] [ SQL ] SELECT COUNT(`id`) AS tp_count FROM `user` LIMIT 1 [ RunTime:0.000347s ]
[ sql ] [ SQL ] SHOW COLUMNS FROM `post` [ RunTime:0.001190s ]
[ sql ] [ SQL ] SELECT COUNT(`id`) AS tp_count FROM `post` LIMIT 1 [ RunTime:0.000366s ]
[ sql ] [ SQL ] SHOW COLUMNS FROM `reply` [ RunTime:0.000799s ]
[ sql ] [ SQL ] SELECT COUNT(`id`) AS tp_count FROM `reply` LIMIT 1 [ RunTime:0.000486s ]
[ sql ] [ SQL ] SELECT `u`.`id`,`u`.`name`,`r`.`id`,`r`.`uid`,`r`.`pid`,`r`.`content`,`r`.`create_time` FROM `reply` `r` INNER JOIN `user` `u` ON `r`.`uid`=`u`.`id` ORDER BY `create_time` DESC LIMIT 5 [ RunTime:0.000428s ]
---------------------------------------------------------------
[ 2018-09-13T00:14:47+08:00 ] 192.168.3.137 GET layblog.blog/index.php/admin/index/admininfo.html
[运行时间：0.033626s] [吞吐率：29.74req/s] [内存消耗：3,038.63kb] [文件加载：78]
[ info ] [ LANG ] /home/wwwroot/layblog.blog/thinkphp/lang/zh-cn.php
[ info ] [ ROUTE ] array (
)
[ info ] [ HEADER ] array (
  'accept-language' => 'zh-CN,zh;q=0.9',
  'accept-encoding' => 'gzip, deflate',
  'referer' => 'http://layblog.blog/index.php/admin/index/index',
  'accept' => 'text/html,application/xhtml+xml,application/xml;q=0.9,image/webp,image/apng,*/*;q=0.8',
  'user-agent' => 'Mozilla/5.0 (Windows NT 10.0; Win64; x64) AppleWebKit/537.36 (KHTML, like Gecko) Chrome/65.0.3400.0 Iron Safari/537.36',
  'upgrade-insecure-requests' => '1',
  'cache-control' => 'no-cache',
  'pragma' => 'no-cache',
  'connection' => 'keep-alive',
  'host' => 'layblog.blog',
  'content-type' => '',
  'content-length' => '',
)
[ info ] [ PARAM ] array (
)
[ info ] [ DB ] INIT mysql
[ info ] [ VIEW ] /home/wwwroot/layblog.blog/./template/admin/index/admin_info.html [ array (
  0 => 'data',
) ]
[ sql ] [ DB ] CONNECT:[ UseTime:0.000604s ] mysql:host=127.0.0.1;port=3306;dbname=layblog;charset=utf8mb4
[ sql ] [ SQL ] SHOW COLUMNS FROM `user` [ RunTime:0.000629s ]
[ sql ] [ SQL ] SELECT * FROM `user` WHERE  `id` = 3 LIMIT 1 [ RunTime:0.000285s ]
---------------------------------------------------------------
[ 2018-09-13T00:16:25+08:00 ] 192.168.3.137 GET layblog.blog/index.php/admin/index/index
[运行时间：0.020327s] [吞吐率：49.20req/s] [内存消耗：1,854.71kb] [文件加载：66]
[ info ] [ LANG ] /home/wwwroot/layblog.blog/thinkphp/lang/zh-cn.php
[ info ] [ ROUTE ] array (
)
[ info ] [ HEADER ] array (
  'accept-language' => 'zh-CN,zh;q=0.9',
  'accept-encoding' => 'gzip, deflate',
  'accept' => 'text/html,application/xhtml+xml,application/xml;q=0.9,image/webp,image/apng,*/*;q=0.8',
  'user-agent' => 'Mozilla/5.0 (Windows NT 10.0; Win64; x64) AppleWebKit/537.36 (KHTML, like Gecko) Chrome/65.0.3400.0 Iron Safari/537.36',
  'upgrade-insecure-requests' => '1',
  'cache-control' => 'no-cache',
  'pragma' => 'no-cache',
  'connection' => 'keep-alive',
  'host' => 'layblog.blog',
  'content-type' => '',
  'content-length' => '',
)
[ info ] [ PARAM ] array (
)
[ info ] [ VIEW ] /home/wwwroot/layblog.blog/./template/admin/index/index.html [ array (
) ]
---------------------------------------------------------------
[ 2018-09-13T00:16:25+08:00 ] 192.168.3.137 GET layblog.blog/index.php/admin/index/welcome.html
[运行时间：0.044403s] [吞吐率：22.52req/s] [内存消耗：3,145.23kb] [文件加载：82]
[ info ] [ LANG ] /home/wwwroot/layblog.blog/thinkphp/lang/zh-cn.php
[ info ] [ ROUTE ] array (
)
[ info ] [ HEADER ] array (
  'accept-language' => 'zh-CN,zh;q=0.9',
  'accept-encoding' => 'gzip, deflate',
  'referer' => 'http://layblog.blog/index.php/admin/index/index',
  'accept' => 'text/html,application/xhtml+xml,application/xml;q=0.9,image/webp,image/apng,*/*;q=0.8',
  'user-agent' => 'Mozilla/5.0 (Windows NT 10.0; Win64; x64) AppleWebKit/537.36 (KHTML, like Gecko) Chrome/65.0.3400.0 Iron Safari/537.36',
  'upgrade-insecure-requests' => '1',
  'cache-control' => 'no-cache',
  'pragma' => 'no-cache',
  'connection' => 'keep-alive',
  'host' => 'layblog.blog',
  'content-type' => '',
  'content-length' => '',
)
[ info ] [ PARAM ] array (
)
[ info ] [ DB ] INIT mysql
[ info ] [ VIEW ] /home/wwwroot/layblog.blog/./template/admin/index/welcome.html [ array (
  0 => 'members',
  1 => 'posts',
  2 => 'commends',
  3 => 'info',
  4 => 'recentPost',
) ]
[ sql ] [ DB ] CONNECT:[ UseTime:0.000444s ] mysql:host=127.0.0.1;port=3306;dbname=layblog;charset=utf8mb4
[ sql ] [ SQL ] SHOW COLUMNS FROM `user` [ RunTime:0.000718s ]
[ sql ] [ SQL ] SELECT COUNT(`id`) AS tp_count FROM `user` LIMIT 1 [ RunTime:0.000268s ]
[ sql ] [ SQL ] SHOW COLUMNS FROM `post` [ RunTime:0.001113s ]
[ sql ] [ SQL ] SELECT COUNT(`id`) AS tp_count FROM `post` LIMIT 1 [ RunTime:0.000396s ]
[ sql ] [ SQL ] SHOW COLUMNS FROM `reply` [ RunTime:0.001100s ]
[ sql ] [ SQL ] SELECT COUNT(`id`) AS tp_count FROM `reply` LIMIT 1 [ RunTime:0.000287s ]
[ sql ] [ SQL ] SELECT `u`.`id`,`u`.`name`,`r`.`id`,`r`.`uid`,`r`.`pid`,`r`.`content`,`r`.`create_time` FROM `reply` `r` INNER JOIN `user` `u` ON `r`.`uid`=`u`.`id` ORDER BY `create_time` DESC LIMIT 5 [ RunTime:0.000212s ]
---------------------------------------------------------------
[ 2018-09-13T00:16:27+08:00 ] 192.168.3.137 GET layblog.blog/index.php/admin/index/admininfo.html
[运行时间：0.031595s] [吞吐率：31.65req/s] [内存消耗：3,039.66kb] [文件加载：78]
[ info ] [ LANG ] /home/wwwroot/layblog.blog/thinkphp/lang/zh-cn.php
[ info ] [ ROUTE ] array (
)
[ info ] [ HEADER ] array (
  'accept-language' => 'zh-CN,zh;q=0.9',
  'accept-encoding' => 'gzip, deflate',
  'referer' => 'http://layblog.blog/index.php/admin/index/index',
  'accept' => 'text/html,application/xhtml+xml,application/xml;q=0.9,image/webp,image/apng,*/*;q=0.8',
  'user-agent' => 'Mozilla/5.0 (Windows NT 10.0; Win64; x64) AppleWebKit/537.36 (KHTML, like Gecko) Chrome/65.0.3400.0 Iron Safari/537.36',
  'upgrade-insecure-requests' => '1',
  'cache-control' => 'no-cache',
  'pragma' => 'no-cache',
  'connection' => 'keep-alive',
  'host' => 'layblog.blog',
  'content-type' => '',
  'content-length' => '',
)
[ info ] [ PARAM ] array (
)
[ info ] [ DB ] INIT mysql
[ info ] [ VIEW ] /home/wwwroot/layblog.blog/./template/admin/index/admin_info.html [ array (
  0 => 'data',
) ]
[ sql ] [ DB ] CONNECT:[ UseTime:0.001193s ] mysql:host=127.0.0.1;port=3306;dbname=layblog;charset=utf8mb4
[ sql ] [ SQL ] SHOW COLUMNS FROM `user` [ RunTime:0.000734s ]
[ sql ] [ SQL ] SELECT * FROM `user` WHERE  `id` = 1 LIMIT 1 [ RunTime:0.000226s ]
---------------------------------------------------------------
[ 2018-09-13T09:57:38+08:00 ] 192.168.3.137 GET layblog.blog/index.php/admin/index/index
[运行时间：0.029112s] [吞吐率：34.35req/s] [内存消耗：1,854.52kb] [文件加载：66]
[ info ] [ LANG ] /home/wwwroot/layblog.blog/thinkphp/lang/zh-cn.php
[ info ] [ ROUTE ] array (
)
[ info ] [ HEADER ] array (
  'accept-language' => 'zh-CN,zh;q=0.9',
  'accept-encoding' => 'gzip, deflate',
  'accept' => 'text/html,application/xhtml+xml,application/xml;q=0.9,image/webp,image/apng,*/*;q=0.8',
  'user-agent' => 'Mozilla/5.0 (Windows NT 10.0; Win64; x64) AppleWebKit/537.36 (KHTML, like Gecko) Chrome/65.0.3400.0 Iron Safari/537.36',
  'upgrade-insecure-requests' => '1',
  'connection' => 'keep-alive',
  'host' => 'layblog.blog',
  'content-type' => '',
  'content-length' => '',
)
[ info ] [ PARAM ] array (
)
[ info ] [ VIEW ] /home/wwwroot/layblog.blog/./template/admin/index/index.html [ array (
) ]
---------------------------------------------------------------
[ 2018-09-13T09:57:39+08:00 ] 192.168.3.137 GET layblog.blog/index.php/admin/index/welcome.html
[运行时间：0.065069s] [吞吐率：15.37req/s] [内存消耗：3,145.00kb] [文件加载：82]
[ info ] [ LANG ] /home/wwwroot/layblog.blog/thinkphp/lang/zh-cn.php
[ info ] [ ROUTE ] array (
)
[ info ] [ HEADER ] array (
  'accept-language' => 'zh-CN,zh;q=0.9',
  'accept-encoding' => 'gzip, deflate',
  'referer' => 'http://layblog.blog/index.php/admin/index/index',
  'accept' => 'text/html,application/xhtml+xml,application/xml;q=0.9,image/webp,image/apng,*/*;q=0.8',
  'user-agent' => 'Mozilla/5.0 (Windows NT 10.0; Win64; x64) AppleWebKit/537.36 (KHTML, like Gecko) Chrome/65.0.3400.0 Iron Safari/537.36',
  'upgrade-insecure-requests' => '1',
  'connection' => 'keep-alive',
  'host' => 'layblog.blog',
  'content-type' => '',
  'content-length' => '',
)
[ info ] [ PARAM ] array (
)
[ info ] [ DB ] INIT mysql
[ info ] [ VIEW ] /home/wwwroot/layblog.blog/./template/admin/index/welcome.html [ array (
  0 => 'members',
  1 => 'posts',
  2 => 'commends',
  3 => 'info',
  4 => 'recentPost',
) ]
[ sql ] [ DB ] CONNECT:[ UseTime:0.000418s ] mysql:host=127.0.0.1;port=3306;dbname=layblog;charset=utf8mb4
[ sql ] [ SQL ] SHOW COLUMNS FROM `user` [ RunTime:0.000714s ]
[ sql ] [ SQL ] SELECT COUNT(`id`) AS tp_count FROM `user` LIMIT 1 [ RunTime:0.000247s ]
[ sql ] [ SQL ] SHOW COLUMNS FROM `post` [ RunTime:0.000547s ]
[ sql ] [ SQL ] SELECT COUNT(`id`) AS tp_count FROM `post` LIMIT 1 [ RunTime:0.000536s ]
[ sql ] [ SQL ] SHOW COLUMNS FROM `reply` [ RunTime:0.000481s ]
[ sql ] [ SQL ] SELECT COUNT(`id`) AS tp_count FROM `reply` LIMIT 1 [ RunTime:0.000195s ]
[ sql ] [ SQL ] SELECT `u`.`id`,`u`.`name`,`r`.`id`,`r`.`uid`,`r`.`pid`,`r`.`content`,`r`.`create_time` FROM `reply` `r` INNER JOIN `user` `u` ON `r`.`uid`=`u`.`id` ORDER BY `create_time` DESC LIMIT 5 [ RunTime:0.000293s ]
---------------------------------------------------------------
[ 2018-09-13T10:54:03+08:00 ] 192.168.3.137 GET layblog.blog/index.php/admin/login/index
[运行时间：0.018478s] [吞吐率：54.12req/s] [内存消耗：1,674.27kb] [文件加载：63]
[ info ] [ LANG ] /home/wwwroot/layblog.blog/thinkphp/lang/zh-cn.php
[ info ] [ ROUTE ] array (
)
[ info ] [ HEADER ] array (
  'accept-language' => 'zh-CN,zh;q=0.9',
  'accept-encoding' => 'gzip, deflate',
  'accept' => 'text/html,application/xhtml+xml,application/xml;q=0.9,image/webp,image/apng,*/*;q=0.8',
  'user-agent' => 'Mozilla/5.0 (Windows NT 10.0; Win64; x64) AppleWebKit/537.36 (KHTML, like Gecko) Chrome/65.0.3400.0 Iron Safari/537.36',
  'upgrade-insecure-requests' => '1',
  'connection' => 'keep-alive',
  'host' => 'layblog.blog',
  'content-type' => '',
  'content-length' => '',
)
[ info ] [ PARAM ] array (
)
---------------------------------------------------------------
[ 2018-09-13T10:54:10+08:00 ] 192.168.3.137 GET layblog.blog/index.php/admin/login/index
[运行时间：0.019067s] [吞吐率：52.45req/s] [内存消耗：1,674.30kb] [文件加载：63]
[ info ] [ LANG ] /home/wwwroot/layblog.blog/thinkphp/lang/zh-cn.php
[ info ] [ ROUTE ] array (
)
[ info ] [ HEADER ] array (
  'accept-language' => 'zh-CN,zh;q=0.9',
  'accept-encoding' => 'gzip, deflate',
  'accept' => 'text/html,application/xhtml+xml,application/xml;q=0.9,image/webp,image/apng,*/*;q=0.8',
  'user-agent' => 'Mozilla/5.0 (Windows NT 10.0; Win64; x64) AppleWebKit/537.36 (KHTML, like Gecko) Chrome/65.0.3400.0 Iron Safari/537.36',
  'upgrade-insecure-requests' => '1',
  'cache-control' => 'max-age=0',
  'connection' => 'keep-alive',
  'host' => 'layblog.blog',
  'content-type' => '',
  'content-length' => '',
)
[ info ] [ PARAM ] array (
)
---------------------------------------------------------------
[ 2018-09-13T10:56:28+08:00 ] 192.168.3.137 GET layblog.blog/index.php/admin/login/index
[运行时间：0.031786s] [吞吐率：31.46req/s] [内存消耗：1,705.45kb] [文件加载：65]
[ info ] [ LANG ] /home/wwwroot/layblog.blog/thinkphp/lang/zh-cn.php
[ info ] [ ROUTE ] array (
)
[ info ] [ HEADER ] array (
  'accept-language' => 'zh-CN,zh;q=0.9',
  'accept-encoding' => 'gzip, deflate',
  'accept' => 'text/html,application/xhtml+xml,application/xml;q=0.9,image/webp,image/apng,*/*;q=0.8',
  'user-agent' => 'Mozilla/5.0 (Windows NT 10.0; Win64; x64) AppleWebKit/537.36 (KHTML, like Gecko) Chrome/65.0.3400.0 Iron Safari/537.36',
  'upgrade-insecure-requests' => '1',
  'cache-control' => 'max-age=0',
  'connection' => 'keep-alive',
  'host' => 'layblog.blog',
  'content-type' => '',
  'content-length' => '',
)
[ info ] [ PARAM ] array (
)
---------------------------------------------------------------
[ 2018-09-13T10:56:38+08:00 ] 192.168.3.137 GET layblog.blog/index.php/admin/login/index
[运行时间：0.018279s] [吞吐率：54.71req/s] [内存消耗：1,689.66kb] [文件加载：65]
[ info ] [ LANG ] /home/wwwroot/layblog.blog/thinkphp/lang/zh-cn.php
[ info ] [ ROUTE ] array (
)
[ info ] [ HEADER ] array (
  'accept-language' => 'zh-CN,zh;q=0.9',
  'accept-encoding' => 'gzip, deflate',
  'accept' => 'text/html,application/xhtml+xml,application/xml;q=0.9,image/webp,image/apng,*/*;q=0.8',
  'user-agent' => 'Mozilla/5.0 (Windows NT 10.0; Win64; x64) AppleWebKit/537.36 (KHTML, like Gecko) Chrome/65.0.3400.0 Iron Safari/537.36',
  'upgrade-insecure-requests' => '1',
  'cache-control' => 'max-age=0',
  'connection' => 'keep-alive',
  'host' => 'layblog.blog',
  'content-type' => '',
  'content-length' => '',
)
[ info ] [ PARAM ] array (
)
---------------------------------------------------------------
[ 2018-09-13T11:02:41+08:00 ] 192.168.3.137 GET layblog.blog/index.php/admin/login/index
[运行时间：0.024258s] [吞吐率：41.22req/s] [内存消耗：1,836.63kb] [文件加载：66]
[ info ] [ LANG ] /home/wwwroot/layblog.blog/thinkphp/lang/zh-cn.php
[ info ] [ ROUTE ] array (
)
[ info ] [ HEADER ] array (
  'accept-language' => 'zh-CN,zh;q=0.9',
  'accept-encoding' => 'gzip, deflate',
  'accept' => 'text/html,application/xhtml+xml,application/xml;q=0.9,image/webp,image/apng,*/*;q=0.8',
  'user-agent' => 'Mozilla/5.0 (Windows NT 10.0; Win64; x64) AppleWebKit/537.36 (KHTML, like Gecko) Chrome/65.0.3400.0 Iron Safari/537.36',
  'upgrade-insecure-requests' => '1',
  'cache-control' => 'max-age=0',
  'connection' => 'keep-alive',
  'host' => 'layblog.blog',
  'content-type' => '',
  'content-length' => '',
)
[ info ] [ PARAM ] array (
)
[ info ] [ VIEW ] /home/wwwroot/layblog.blog/./template/admin/login/index.html [ array (
) ]
---------------------------------------------------------------
[ 2018-09-13T11:08:56+08:00 ] 192.168.3.137 GET layblog.blog/index.php/admin/login/index
[运行时间：0.019761s] [吞吐率：50.60req/s] [内存消耗：1,836.63kb] [文件加载：66]
[ info ] [ LANG ] /home/wwwroot/layblog.blog/thinkphp/lang/zh-cn.php
[ info ] [ ROUTE ] array (
)
[ info ] [ HEADER ] array (
  'accept-language' => 'zh-CN,zh;q=0.9',
  'accept-encoding' => 'gzip, deflate',
  'accept' => 'text/html,application/xhtml+xml,application/xml;q=0.9,image/webp,image/apng,*/*;q=0.8',
  'user-agent' => 'Mozilla/5.0 (Windows NT 10.0; Win64; x64) AppleWebKit/537.36 (KHTML, like Gecko) Chrome/65.0.3400.0 Iron Safari/537.36',
  'upgrade-insecure-requests' => '1',
  'cache-control' => 'max-age=0',
  'connection' => 'keep-alive',
  'host' => 'layblog.blog',
  'content-type' => '',
  'content-length' => '',
)
[ info ] [ PARAM ] array (
)
[ info ] [ VIEW ] /home/wwwroot/layblog.blog/./template/admin/login/index.html [ array (
) ]
---------------------------------------------------------------
[ 2018-09-13T11:16:27+08:00 ] 192.168.3.137 GET layblog.blog/index.php/admin/login/index
[运行时间：0.021426s] [吞吐率：46.67req/s] [内存消耗：1,836.63kb] [文件加载：66]
[ info ] [ LANG ] /home/wwwroot/layblog.blog/thinkphp/lang/zh-cn.php
[ info ] [ ROUTE ] array (
)
[ info ] [ HEADER ] array (
  'accept-language' => 'zh-CN,zh;q=0.9',
  'accept-encoding' => 'gzip, deflate',
  'accept' => 'text/html,application/xhtml+xml,application/xml;q=0.9,image/webp,image/apng,*/*;q=0.8',
  'user-agent' => 'Mozilla/5.0 (Windows NT 10.0; Win64; x64) AppleWebKit/537.36 (KHTML, like Gecko) Chrome/65.0.3400.0 Iron Safari/537.36',
  'upgrade-insecure-requests' => '1',
  'cache-control' => 'max-age=0',
  'connection' => 'keep-alive',
  'host' => 'layblog.blog',
  'content-type' => '',
  'content-length' => '',
)
[ info ] [ PARAM ] array (
)
[ info ] [ VIEW ] /home/wwwroot/layblog.blog/./template/admin/login/index.html [ array (
) ]
---------------------------------------------------------------
[ 2018-09-13T11:16:30+08:00 ] 192.168.3.137 GET layblog.blog/index.php/admin/login/index?name=345&password=345&verity=345
[运行时间：0.019902s] [吞吐率：50.25req/s] [内存消耗：1,837.38kb] [文件加载：66]
[ info ] [ LANG ] /home/wwwroot/layblog.blog/thinkphp/lang/zh-cn.php
[ info ] [ ROUTE ] array (
)
[ info ] [ HEADER ] array (
  'accept-language' => 'zh-CN,zh;q=0.9',
  'accept-encoding' => 'gzip, deflate',
  'referer' => 'http://layblog.blog/index.php/admin/login/index',
  'accept' => 'text/html,application/xhtml+xml,application/xml;q=0.9,image/webp,image/apng,*/*;q=0.8',
  'user-agent' => 'Mozilla/5.0 (Windows NT 10.0; Win64; x64) AppleWebKit/537.36 (KHTML, like Gecko) Chrome/65.0.3400.0 Iron Safari/537.36',
  'upgrade-insecure-requests' => '1',
  'connection' => 'keep-alive',
  'host' => 'layblog.blog',
  'content-type' => '',
  'content-length' => '',
)
[ info ] [ PARAM ] array (
  'name' => '345',
  'password' => '345',
  'verity' => '345',
)
[ info ] [ VIEW ] /home/wwwroot/layblog.blog/./template/admin/login/index.html [ array (
) ]
---------------------------------------------------------------
[ 2018-09-13T11:16:35+08:00 ] 192.168.3.137 GET layblog.blog/index.php/admin/login/index?name=345&password=345&verity=345
[运行时间：0.019958s] [吞吐率：50.11req/s] [内存消耗：1,837.82kb] [文件加载：66]
[ info ] [ LANG ] /home/wwwroot/layblog.blog/thinkphp/lang/zh-cn.php
[ info ] [ ROUTE ] array (
)
[ info ] [ HEADER ] array (
  'accept-language' => 'zh-CN,zh;q=0.9',
  'accept-encoding' => 'gzip, deflate',
  'referer' => 'http://layblog.blog/index.php/admin/login/index',
  'accept' => 'text/html,application/xhtml+xml,application/xml;q=0.9,image/webp,image/apng,*/*;q=0.8',
  'user-agent' => 'Mozilla/5.0 (Windows NT 10.0; Win64; x64) AppleWebKit/537.36 (KHTML, like Gecko) Chrome/65.0.3400.0 Iron Safari/537.36',
  'upgrade-insecure-requests' => '1',
  'cache-control' => 'no-cache',
  'pragma' => 'no-cache',
  'connection' => 'keep-alive',
  'host' => 'layblog.blog',
  'content-type' => '',
  'content-length' => '',
)
[ info ] [ PARAM ] array (
  'name' => '345',
  'password' => '345',
  'verity' => '345',
)
[ info ] [ VIEW ] /home/wwwroot/layblog.blog/./template/admin/login/index.html [ array (
) ]
---------------------------------------------------------------
[ 2018-09-13T11:16:38+08:00 ] 192.168.3.137 GET layblog.blog/index.php/admin/login/index?name=234&password=234&verity=234
[运行时间：0.022667s] [吞吐率：44.12req/s] [内存消耗：1,837.82kb] [文件加载：66]
[ info ] [ LANG ] /home/wwwroot/layblog.blog/thinkphp/lang/zh-cn.php
[ info ] [ ROUTE ] array (
)
[ info ] [ HEADER ] array (
  'accept-language' => 'zh-CN,zh;q=0.9',
  'accept-encoding' => 'gzip, deflate',
  'referer' => 'http://layblog.blog/index.php/admin/login/index?name=345&password=345&verity=345',
  'accept' => 'text/html,application/xhtml+xml,application/xml;q=0.9,image/webp,image/apng,*/*;q=0.8',
  'user-agent' => 'Mozilla/5.0 (Windows NT 10.0; Win64; x64) AppleWebKit/537.36 (KHTML, like Gecko) Chrome/65.0.3400.0 Iron Safari/537.36',
  'upgrade-insecure-requests' => '1',
  'cache-control' => 'no-cache',
  'pragma' => 'no-cache',
  'connection' => 'keep-alive',
  'host' => 'layblog.blog',
  'content-type' => '',
  'content-length' => '',
)
[ info ] [ PARAM ] array (
  'name' => '234',
  'password' => '234',
  'verity' => '234',
)
[ info ] [ VIEW ] /home/wwwroot/layblog.blog/./template/admin/login/index.html [ array (
) ]
---------------------------------------------------------------
[ 2018-09-13T11:16:43+08:00 ] 192.168.3.137 GET layblog.blog/index.php/admin/login/index?name=234&password=234&verity=234
[运行时间：0.019729s] [吞吐率：50.69req/s] [内存消耗：1,837.82kb] [文件加载：66]
[ info ] [ LANG ] /home/wwwroot/layblog.blog/thinkphp/lang/zh-cn.php
[ info ] [ ROUTE ] array (
)
[ info ] [ HEADER ] array (
  'accept-language' => 'zh-CN,zh;q=0.9',
  'accept-encoding' => 'gzip, deflate',
  'referer' => 'http://layblog.blog/index.php/admin/login/index?name=234&password=234&verity=234',
  'accept' => 'text/html,application/xhtml+xml,application/xml;q=0.9,image/webp,image/apng,*/*;q=0.8',
  'user-agent' => 'Mozilla/5.0 (Windows NT 10.0; Win64; x64) AppleWebKit/537.36 (KHTML, like Gecko) Chrome/65.0.3400.0 Iron Safari/537.36',
  'upgrade-insecure-requests' => '1',
  'cache-control' => 'no-cache',
  'pragma' => 'no-cache',
  'connection' => 'keep-alive',
  'host' => 'layblog.blog',
  'content-type' => '',
  'content-length' => '',
)
[ info ] [ PARAM ] array (
  'name' => '234',
  'password' => '234',
  'verity' => '234',
)
[ info ] [ VIEW ] /home/wwwroot/layblog.blog/./template/admin/login/index.html [ array (
) ]
---------------------------------------------------------------
[ 2018-09-13T11:16:59+08:00 ] 192.168.3.137 GET layblog.blog/index.php/admin/login/index?name=234&password=234&verity=234
[运行时间：0.021589s] [吞吐率：46.32req/s] [内存消耗：1,837.82kb] [文件加载：66]
[ info ] [ LANG ] /home/wwwroot/layblog.blog/thinkphp/lang/zh-cn.php
[ info ] [ ROUTE ] array (
)
[ info ] [ HEADER ] array (
  'accept-language' => 'zh-CN,zh;q=0.9',
  'accept-encoding' => 'gzip, deflate',
  'referer' => 'http://layblog.blog/index.php/admin/login/index?name=234&password=234&verity=234',
  'accept' => 'text/html,application/xhtml+xml,application/xml;q=0.9,image/webp,image/apng,*/*;q=0.8',
  'user-agent' => 'Mozilla/5.0 (Windows NT 10.0; Win64; x64) AppleWebKit/537.36 (KHTML, like Gecko) Chrome/65.0.3400.0 Iron Safari/537.36',
  'upgrade-insecure-requests' => '1',
  'cache-control' => 'no-cache',
  'pragma' => 'no-cache',
  'connection' => 'keep-alive',
  'host' => 'layblog.blog',
  'content-type' => '',
  'content-length' => '',
)
[ info ] [ PARAM ] array (
  'name' => '234',
  'password' => '234',
  'verity' => '234',
)
[ info ] [ VIEW ] /home/wwwroot/layblog.blog/./template/admin/login/index.html [ array (
) ]
---------------------------------------------------------------
[ 2018-09-13T11:58:01+08:00 ] 192.168.3.137 GET layblog.blog/index.php/admin/login/index?name=234&password=234&verity=234
[运行时间：0.021326s] [吞吐率：46.89req/s] [内存消耗：1,850.32kb] [文件加载：66]
[ info ] [ LANG ] /home/wwwroot/layblog.blog/thinkphp/lang/zh-cn.php
[ info ] [ ROUTE ] array (
)
[ info ] [ HEADER ] array (
  'accept-language' => 'zh-CN,zh;q=0.9',
  'accept-encoding' => 'gzip, deflate',
  'referer' => 'http://layblog.blog/index.php/admin/login/index?name=234&password=234&verity=234',
  'accept' => 'text/html,application/xhtml+xml,application/xml;q=0.9,image/webp,image/apng,*/*;q=0.8',
  'user-agent' => 'Mozilla/5.0 (Windows NT 10.0; Win64; x64) AppleWebKit/537.36 (KHTML, like Gecko) Chrome/65.0.3400.0 Iron Safari/537.36',
  'upgrade-insecure-requests' => '1',
  'cache-control' => 'no-cache',
  'pragma' => 'no-cache',
  'connection' => 'keep-alive',
  'host' => 'layblog.blog',
  'content-type' => '',
  'content-length' => '',
)
[ info ] [ PARAM ] array (
  'name' => '234',
  'password' => '234',
  'verity' => '234',
)
[ info ] [ VIEW ] /home/wwwroot/layblog.blog/./template/admin/login/index.html [ array (
) ]
---------------------------------------------------------------
[ 2018-09-13T11:58:02+08:00 ] 192.168.3.137 GET layblog.blog/index.php/admin/login/index?name=234&password=234&verity=234
[运行时间：0.020507s] [吞吐率：48.76req/s] [内存消耗：1,850.32kb] [文件加载：66]
[ info ] [ LANG ] /home/wwwroot/layblog.blog/thinkphp/lang/zh-cn.php
[ info ] [ ROUTE ] array (
)
[ info ] [ HEADER ] array (
  'accept-language' => 'zh-CN,zh;q=0.9',
  'accept-encoding' => 'gzip, deflate',
  'referer' => 'http://layblog.blog/index.php/admin/login/index?name=234&password=234&verity=234',
  'accept' => 'text/html,application/xhtml+xml,application/xml;q=0.9,image/webp,image/apng,*/*;q=0.8',
  'user-agent' => 'Mozilla/5.0 (Windows NT 10.0; Win64; x64) AppleWebKit/537.36 (KHTML, like Gecko) Chrome/65.0.3400.0 Iron Safari/537.36',
  'upgrade-insecure-requests' => '1',
  'cache-control' => 'no-cache',
  'pragma' => 'no-cache',
  'connection' => 'keep-alive',
  'host' => 'layblog.blog',
  'content-type' => '',
  'content-length' => '',
)
[ info ] [ PARAM ] array (
  'name' => '234',
  'password' => '234',
  'verity' => '234',
)
[ info ] [ VIEW ] /home/wwwroot/layblog.blog/./template/admin/login/index.html [ array (
) ]
---------------------------------------------------------------
[ 2018-09-13T11:58:02+08:00 ] 192.168.3.137 GET layblog.blog/index.php/admin/login/index?name=234&password=234&verity=234
[运行时间：0.022373s] [吞吐率：44.70req/s] [内存消耗：1,850.32kb] [文件加载：66]
[ info ] [ LANG ] /home/wwwroot/layblog.blog/thinkphp/lang/zh-cn.php
[ info ] [ ROUTE ] array (
)
[ info ] [ HEADER ] array (
  'accept-language' => 'zh-CN,zh;q=0.9',
  'accept-encoding' => 'gzip, deflate',
  'referer' => 'http://layblog.blog/index.php/admin/login/index?name=234&password=234&verity=234',
  'accept' => 'text/html,application/xhtml+xml,application/xml;q=0.9,image/webp,image/apng,*/*;q=0.8',
  'user-agent' => 'Mozilla/5.0 (Windows NT 10.0; Win64; x64) AppleWebKit/537.36 (KHTML, like Gecko) Chrome/65.0.3400.0 Iron Safari/537.36',
  'upgrade-insecure-requests' => '1',
  'cache-control' => 'no-cache',
  'pragma' => 'no-cache',
  'connection' => 'keep-alive',
  'host' => 'layblog.blog',
  'content-type' => '',
  'content-length' => '',
)
[ info ] [ PARAM ] array (
  'name' => '234',
  'password' => '234',
  'verity' => '234',
)
[ info ] [ VIEW ] /home/wwwroot/layblog.blog/./template/admin/login/index.html [ array (
) ]
---------------------------------------------------------------
[ 2018-09-13T11:58:02+08:00 ] 192.168.3.137 GET layblog.blog/index.php/admin/login/index?name=234&password=234&verity=234
[运行时间：0.022219s] [吞吐率：45.01req/s] [内存消耗：1,850.32kb] [文件加载：66]
[ info ] [ LANG ] /home/wwwroot/layblog.blog/thinkphp/lang/zh-cn.php
[ info ] [ ROUTE ] array (
)
[ info ] [ HEADER ] array (
  'accept-language' => 'zh-CN,zh;q=0.9',
  'accept-encoding' => 'gzip, deflate',
  'referer' => 'http://layblog.blog/index.php/admin/login/index?name=234&password=234&verity=234',
  'accept' => 'text/html,application/xhtml+xml,application/xml;q=0.9,image/webp,image/apng,*/*;q=0.8',
  'user-agent' => 'Mozilla/5.0 (Windows NT 10.0; Win64; x64) AppleWebKit/537.36 (KHTML, like Gecko) Chrome/65.0.3400.0 Iron Safari/537.36',
  'upgrade-insecure-requests' => '1',
  'cache-control' => 'no-cache',
  'pragma' => 'no-cache',
  'connection' => 'keep-alive',
  'host' => 'layblog.blog',
  'content-type' => '',
  'content-length' => '',
)
[ info ] [ PARAM ] array (
  'name' => '234',
  'password' => '234',
  'verity' => '234',
)
[ info ] [ VIEW ] /home/wwwroot/layblog.blog/./template/admin/login/index.html [ array (
) ]
---------------------------------------------------------------
[ 2018-09-13T11:58:05+08:00 ] 192.168.3.137 GET layblog.blog/index.php/admin/login/index?name=234&password=234&verity=234
[运行时间：0.020189s] [吞吐率：49.53req/s] [内存消耗：1,850.32kb] [文件加载：66]
[ info ] [ LANG ] /home/wwwroot/layblog.blog/thinkphp/lang/zh-cn.php
[ info ] [ ROUTE ] array (
)
[ info ] [ HEADER ] array (
  'accept-language' => 'zh-CN,zh;q=0.9',
  'accept-encoding' => 'gzip, deflate',
  'referer' => 'http://layblog.blog/index.php/admin/login/index?name=234&password=234&verity=234',
  'accept' => 'text/html,application/xhtml+xml,application/xml;q=0.9,image/webp,image/apng,*/*;q=0.8',
  'user-agent' => 'Mozilla/5.0 (Windows NT 10.0; Win64; x64) AppleWebKit/537.36 (KHTML, like Gecko) Chrome/65.0.3400.0 Iron Safari/537.36',
  'upgrade-insecure-requests' => '1',
  'cache-control' => 'no-cache',
  'pragma' => 'no-cache',
  'connection' => 'keep-alive',
  'host' => 'layblog.blog',
  'content-type' => '',
  'content-length' => '',
)
[ info ] [ PARAM ] array (
  'name' => '234',
  'password' => '234',
  'verity' => '234',
)
[ info ] [ VIEW ] /home/wwwroot/layblog.blog/./template/admin/login/index.html [ array (
) ]
---------------------------------------------------------------
[ 2018-09-13T11:59:16+08:00 ] 192.168.3.137 GET layblog.blog/index.php/admin/login/index?name=234&password=234&verity=234
[运行时间：0.021036s] [吞吐率：47.54req/s] [内存消耗：1,850.32kb] [文件加载：66]
[ info ] [ LANG ] /home/wwwroot/layblog.blog/thinkphp/lang/zh-cn.php
[ info ] [ ROUTE ] array (
)
[ info ] [ HEADER ] array (
  'accept-language' => 'zh-CN,zh;q=0.9',
  'accept-encoding' => 'gzip, deflate',
  'referer' => 'http://layblog.blog/index.php/admin/login/index?name=234&password=234&verity=234',
  'accept' => 'text/html,application/xhtml+xml,application/xml;q=0.9,image/webp,image/apng,*/*;q=0.8',
  'user-agent' => 'Mozilla/5.0 (Windows NT 10.0; Win64; x64) AppleWebKit/537.36 (KHTML, like Gecko) Chrome/65.0.3400.0 Iron Safari/537.36',
  'upgrade-insecure-requests' => '1',
  'cache-control' => 'no-cache',
  'pragma' => 'no-cache',
  'connection' => 'keep-alive',
  'host' => 'layblog.blog',
  'content-type' => '',
  'content-length' => '',
)
[ info ] [ PARAM ] array (
  'name' => '234',
  'password' => '234',
  'verity' => '234',
)
[ info ] [ VIEW ] /home/wwwroot/layblog.blog/./template/admin/login/index.html [ array (
) ]
---------------------------------------------------------------
[ 2018-09-13T11:59:21+08:00 ] 192.168.3.137 GET layblog.blog/index.php/admin/login/index
[运行时间：0.019942s] [吞吐率：50.15req/s] [内存消耗：1,849.16kb] [文件加载：66]
[ info ] [ LANG ] /home/wwwroot/layblog.blog/thinkphp/lang/zh-cn.php
[ info ] [ ROUTE ] array (
)
[ info ] [ HEADER ] array (
  'accept-language' => 'zh-CN,zh;q=0.9',
  'accept-encoding' => 'gzip, deflate',
  'accept' => 'text/html,application/xhtml+xml,application/xml;q=0.9,image/webp,image/apng,*/*;q=0.8',
  'user-agent' => 'Mozilla/5.0 (Windows NT 10.0; Win64; x64) AppleWebKit/537.36 (KHTML, like Gecko) Chrome/65.0.3400.0 Iron Safari/537.36',
  'upgrade-insecure-requests' => '1',
  'cache-control' => 'no-cache',
  'pragma' => 'no-cache',
  'connection' => 'keep-alive',
  'host' => 'layblog.blog',
  'content-type' => '',
  'content-length' => '',
)
[ info ] [ PARAM ] array (
)
[ info ] [ VIEW ] /home/wwwroot/layblog.blog/./template/admin/login/index.html [ array (
) ]
---------------------------------------------------------------
[ 2018-09-13T11:59:24+08:00 ] 192.168.3.137 GET layblog.blog/index.php/admin/login/index?name=2134&password=234&verity=234
[运行时间：0.022296s] [吞吐率：44.85req/s] [内存消耗：1,850.32kb] [文件加载：66]
[ info ] [ LANG ] /home/wwwroot/layblog.blog/thinkphp/lang/zh-cn.php
[ info ] [ ROUTE ] array (
)
[ info ] [ HEADER ] array (
  'accept-language' => 'zh-CN,zh;q=0.9',
  'accept-encoding' => 'gzip, deflate',
  'referer' => 'http://layblog.blog/index.php/admin/login/index',
  'accept' => 'text/html,application/xhtml+xml,application/xml;q=0.9,image/webp,image/apng,*/*;q=0.8',
  'user-agent' => 'Mozilla/5.0 (Windows NT 10.0; Win64; x64) AppleWebKit/537.36 (KHTML, like Gecko) Chrome/65.0.3400.0 Iron Safari/537.36',
  'upgrade-insecure-requests' => '1',
  'cache-control' => 'no-cache',
  'pragma' => 'no-cache',
  'connection' => 'keep-alive',
  'host' => 'layblog.blog',
  'content-type' => '',
  'content-length' => '',
)
[ info ] [ PARAM ] array (
  'name' => '2134',
  'password' => '234',
  'verity' => '234',
)
[ info ] [ VIEW ] /home/wwwroot/layblog.blog/./template/admin/login/index.html [ array (
) ]
---------------------------------------------------------------
[ 2018-09-13T12:02:58+08:00 ] 192.168.3.137 GET layblog.blog/index.php/admin/login/index?name=2134&password=234&verity=234
[运行时间：0.022777s] [吞吐率：43.90req/s] [内存消耗：1,850.32kb] [文件加载：66]
[ info ] [ LANG ] /home/wwwroot/layblog.blog/thinkphp/lang/zh-cn.php
[ info ] [ ROUTE ] array (
)
[ info ] [ HEADER ] array (
  'accept-language' => 'zh-CN,zh;q=0.9',
  'accept-encoding' => 'gzip, deflate',
  'referer' => 'http://layblog.blog/index.php/admin/login/index',
  'accept' => 'text/html,application/xhtml+xml,application/xml;q=0.9,image/webp,image/apng,*/*;q=0.8',
  'user-agent' => 'Mozilla/5.0 (Windows NT 10.0; Win64; x64) AppleWebKit/537.36 (KHTML, like Gecko) Chrome/65.0.3400.0 Iron Safari/537.36',
  'upgrade-insecure-requests' => '1',
  'cache-control' => 'no-cache',
  'pragma' => 'no-cache',
  'connection' => 'keep-alive',
  'host' => 'layblog.blog',
  'content-type' => '',
  'content-length' => '',
)
[ info ] [ PARAM ] array (
  'name' => '2134',
  'password' => '234',
  'verity' => '234',
)
[ info ] [ VIEW ] /home/wwwroot/layblog.blog/./template/admin/login/index.html [ array (
) ]
---------------------------------------------------------------
[ 2018-09-13T12:03:04+08:00 ] 192.168.3.137 GET layblog.blog/index.php/admin/login/index?name=456&password=456&verity=456
[运行时间：0.020273s] [吞吐率：49.33req/s] [内存消耗：1,850.32kb] [文件加载：66]
[ info ] [ LANG ] /home/wwwroot/layblog.blog/thinkphp/lang/zh-cn.php
[ info ] [ ROUTE ] array (
)
[ info ] [ HEADER ] array (
  'accept-language' => 'zh-CN,zh;q=0.9',
  'accept-encoding' => 'gzip, deflate',
  'referer' => 'http://layblog.blog/index.php/admin/login/index?name=2134&password=234&verity=234',
  'accept' => 'text/html,application/xhtml+xml,application/xml;q=0.9,image/webp,image/apng,*/*;q=0.8',
  'user-agent' => 'Mozilla/5.0 (Windows NT 10.0; Win64; x64) AppleWebKit/537.36 (KHTML, like Gecko) Chrome/65.0.3400.0 Iron Safari/537.36',
  'upgrade-insecure-requests' => '1',
  'cache-control' => 'no-cache',
  'pragma' => 'no-cache',
  'connection' => 'keep-alive',
  'host' => 'layblog.blog',
  'content-type' => '',
  'content-length' => '',
)
[ info ] [ PARAM ] array (
  'name' => '456',
  'password' => '456',
  'verity' => '456',
)
[ info ] [ VIEW ] /home/wwwroot/layblog.blog/./template/admin/login/index.html [ array (
) ]
---------------------------------------------------------------
[ 2018-09-13T12:04:59+08:00 ] 192.168.3.137 GET layblog.blog/index.php/admin/login/index?name=456&password=456&verity=456
[运行时间：0.020790s] [吞吐率：48.10req/s] [内存消耗：1,902.87kb] [文件加载：68]
[ info ] [ LANG ] /home/wwwroot/layblog.blog/thinkphp/lang/zh-cn.php
[ info ] [ ROUTE ] array (
)
[ info ] [ HEADER ] array (
  'accept-language' => 'zh-CN,zh;q=0.9',
  'accept-encoding' => 'gzip, deflate',
  'referer' => 'http://layblog.blog/index.php/admin/login/index?name=2134&password=234&verity=234',
  'accept' => 'text/html,application/xhtml+xml,application/xml;q=0.9,image/webp,image/apng,*/*;q=0.8',
  'user-agent' => 'Mozilla/5.0 (Windows NT 10.0; Win64; x64) AppleWebKit/537.36 (KHTML, like Gecko) Chrome/65.0.3400.0 Iron Safari/537.36',
  'upgrade-insecure-requests' => '1',
  'cache-control' => 'no-cache',
  'pragma' => 'no-cache',
  'connection' => 'keep-alive',
  'host' => 'layblog.blog',
  'content-type' => '',
  'content-length' => '',
)
[ info ] [ PARAM ] array (
  'name' => '456',
  'password' => '456',
  'verity' => '456',
)
[ info ] [ VIEW ] /home/wwwroot/layblog.blog/./template/admin/login/index.html [ array (
) ]
---------------------------------------------------------------
[ 2018-09-13T12:05:00+08:00 ] 192.168.3.137 GET layblog.blog/index.php/admin/login/index?name=456&password=456&verity=456
[运行时间：0.020740s] [吞吐率：48.22req/s] [内存消耗：1,902.87kb] [文件加载：68]
[ info ] [ LANG ] /home/wwwroot/layblog.blog/thinkphp/lang/zh-cn.php
[ info ] [ ROUTE ] array (
)
[ info ] [ HEADER ] array (
  'accept-language' => 'zh-CN,zh;q=0.9',
  'accept-encoding' => 'gzip, deflate',
  'referer' => 'http://layblog.blog/index.php/admin/login/index?name=2134&password=234&verity=234',
  'accept' => 'text/html,application/xhtml+xml,application/xml;q=0.9,image/webp,image/apng,*/*;q=0.8',
  'user-agent' => 'Mozilla/5.0 (Windows NT 10.0; Win64; x64) AppleWebKit/537.36 (KHTML, like Gecko) Chrome/65.0.3400.0 Iron Safari/537.36',
  'upgrade-insecure-requests' => '1',
  'cache-control' => 'no-cache',
  'pragma' => 'no-cache',
  'connection' => 'keep-alive',
  'host' => 'layblog.blog',
  'content-type' => '',
  'content-length' => '',
)
[ info ] [ PARAM ] array (
  'name' => '456',
  'password' => '456',
  'verity' => '456',
)
[ info ] [ VIEW ] /home/wwwroot/layblog.blog/./template/admin/login/index.html [ array (
) ]
---------------------------------------------------------------
[ 2018-09-13T12:05:03+08:00 ] 192.168.3.137 GET layblog.blog/index.php/admin/login/index?name=234&password=234&verity=234
[运行时间：0.022191s] [吞吐率：45.06req/s] [内存消耗：1,902.87kb] [文件加载：68]
[ info ] [ LANG ] /home/wwwroot/layblog.blog/thinkphp/lang/zh-cn.php
[ info ] [ ROUTE ] array (
)
[ info ] [ HEADER ] array (
  'accept-language' => 'zh-CN,zh;q=0.9',
  'accept-encoding' => 'gzip, deflate',
  'referer' => 'http://layblog.blog/index.php/admin/login/index?name=456&password=456&verity=456',
  'accept' => 'text/html,application/xhtml+xml,application/xml;q=0.9,image/webp,image/apng,*/*;q=0.8',
  'user-agent' => 'Mozilla/5.0 (Windows NT 10.0; Win64; x64) AppleWebKit/537.36 (KHTML, like Gecko) Chrome/65.0.3400.0 Iron Safari/537.36',
  'upgrade-insecure-requests' => '1',
  'cache-control' => 'no-cache',
  'pragma' => 'no-cache',
  'connection' => 'keep-alive',
  'host' => 'layblog.blog',
  'content-type' => '',
  'content-length' => '',
)
[ info ] [ PARAM ] array (
  'name' => '234',
  'password' => '234',
  'verity' => '234',
)
[ info ] [ VIEW ] /home/wwwroot/layblog.blog/./template/admin/login/index.html [ array (
) ]
---------------------------------------------------------------
[ 2018-09-13T18:11:20+08:00 ] 192.168.3.137 GET layblog.blog/index.php/admin/login/index?name=234&password=234&verity=234
[运行时间：0.024271s] [吞吐率：41.20req/s] [内存消耗：1,902.87kb] [文件加载：68]
[ info ] [ LANG ] /home/wwwroot/layblog.blog/thinkphp/lang/zh-cn.php
[ info ] [ ROUTE ] array (
)
[ info ] [ HEADER ] array (
  'accept-language' => 'zh-CN,zh;q=0.9',
  'accept-encoding' => 'gzip, deflate',
  'referer' => 'http://layblog.blog/index.php/admin/login/index?name=456&password=456&verity=456',
  'accept' => 'text/html,application/xhtml+xml,application/xml;q=0.9,image/webp,image/apng,*/*;q=0.8',
  'user-agent' => 'Mozilla/5.0 (Windows NT 10.0; Win64; x64) AppleWebKit/537.36 (KHTML, like Gecko) Chrome/65.0.3400.0 Iron Safari/537.36',
  'upgrade-insecure-requests' => '1',
  'cache-control' => 'no-cache',
  'pragma' => 'no-cache',
  'connection' => 'keep-alive',
  'host' => 'layblog.blog',
  'content-type' => '',
  'content-length' => '',
)
[ info ] [ PARAM ] array (
  'name' => '234',
  'password' => '234',
  'verity' => '234',
)
[ info ] [ VIEW ] /home/wwwroot/layblog.blog/./template/admin/login/index.html [ array (
) ]
---------------------------------------------------------------
[ 2018-09-13T18:11:25+08:00 ] 192.168.3.137 GET layblog.blog/index.php/admin/login/index
[运行时间：0.023016s] [吞吐率：43.45req/s] [内存消耗：1,901.70kb] [文件加载：68]
[ info ] [ LANG ] /home/wwwroot/layblog.blog/thinkphp/lang/zh-cn.php
[ info ] [ ROUTE ] array (
)
[ info ] [ HEADER ] array (
  'accept-language' => 'zh-CN,zh;q=0.9',
  'accept-encoding' => 'gzip, deflate',
  'accept' => 'text/html,application/xhtml+xml,application/xml;q=0.9,image/webp,image/apng,*/*;q=0.8',
  'user-agent' => 'Mozilla/5.0 (Windows NT 10.0; Win64; x64) AppleWebKit/537.36 (KHTML, like Gecko) Chrome/65.0.3400.0 Iron Safari/537.36',
  'upgrade-insecure-requests' => '1',
  'cache-control' => 'no-cache',
  'pragma' => 'no-cache',
  'connection' => 'keep-alive',
  'host' => 'layblog.blog',
  'content-type' => '',
  'content-length' => '',
)
[ info ] [ PARAM ] array (
)
[ info ] [ VIEW ] /home/wwwroot/layblog.blog/./template/admin/login/index.html [ array (
) ]
---------------------------------------------------------------
[ 2018-09-13T18:11:33+08:00 ] 192.168.3.137 GET layblog.blog/index.php/admin/login/index?name=1123&password=123&verity=123
[运行时间：0.025414s] [吞吐率：39.35req/s] [内存消耗：1,902.87kb] [文件加载：68]
[ info ] [ LANG ] /home/wwwroot/layblog.blog/thinkphp/lang/zh-cn.php
[ info ] [ ROUTE ] array (
)
[ info ] [ HEADER ] array (
  'accept-language' => 'zh-CN,zh;q=0.9',
  'accept-encoding' => 'gzip, deflate',
  'referer' => 'http://layblog.blog/index.php/admin/login/index',
  'accept' => 'text/html,application/xhtml+xml,application/xml;q=0.9,image/webp,image/apng,*/*;q=0.8',
  'user-agent' => 'Mozilla/5.0 (Windows NT 10.0; Win64; x64) AppleWebKit/537.36 (KHTML, like Gecko) Chrome/65.0.3400.0 Iron Safari/537.36',
  'upgrade-insecure-requests' => '1',
  'cache-control' => 'no-cache',
  'pragma' => 'no-cache',
  'connection' => 'keep-alive',
  'host' => 'layblog.blog',
  'content-type' => '',
  'content-length' => '',
)
[ info ] [ PARAM ] array (
  'name' => '1123',
  'password' => '123',
  'verity' => '123',
)
[ info ] [ VIEW ] /home/wwwroot/layblog.blog/./template/admin/login/index.html [ array (
) ]
